[2025-01-23 12:35:33] User -> FPS Added -> admin@pds| Test Data
[2025-01-23 12:36:54] User -> FPS deleted -> admin@pds| Requested JSON -> {"uid":"FPS_6791ea3d90c"} | Test Data
[2025-01-23 12:37:06] User -> FPS Added -> admin@pds| Test Data
[2025-01-23 12:37:06] User -> FPS Added -> admin@pds| Test Data1
[2025-01-23 12:37:06] User -> FPS Added -> admin@pds| Test Data2
[2025-01-23 12:43:28] User -> FPS deleted -> admin@pds| Requested JSON -> {"uid":"all"} | 
[2025-01-23 12:44:35] User -> FPS Added -> admin@pds| Test Data
[2025-01-23 12:44:35] User -> FPS Added -> admin@pds| Test Data1
[2025-01-23 12:44:35] User -> FPS Added -> admin@pds| Test Data2
[2025-01-23 12:46:07] User -> FPS Edit -> admin@pds| Test Data
[2025-01-23 12:46:07] User -> FPS Edit -> admin@pds| Test Data1
[2025-01-23 12:46:07] User -> FPS Edit -> admin@pds| Test Data2
[2025-01-23 12:48:15] User -> FPS deleted -> admin@pds| Requested JSON -> {"uid":"all"} | 
[2025-01-23 12:48:39] User -> FPS Added -> admin@pds| Test Data
[2025-01-23 12:48:40] User -> FPS Added -> admin@pds| Test Data1
[2025-01-23 12:48:40] User -> FPS Added -> admin@pds| Test Data2
[2025-01-23 12:55:47] User -> Warehouse Added -> admin@pds| Test data3
[2025-01-23 12:55:48] User -> Warehouse Added -> admin@pds| Test data4
[2025-01-23 12:59:02] User -> Warehouse Edit -> admin@pds| ABC
[2025-01-23 12:59:02] User -> Warehouse Edit -> admin@pds| ABC
[2025-01-23 12:59:02] User -> Warehouse Edit -> admin@pds| ABC
[2025-01-23 12:59:02] User -> Warehouse Edit -> admin@pds| ABC
[2025-01-23 12:59:02] User -> Warehouse Edit -> admin@pds| ABC
[2025-01-23 12:59:02] User -> Warehouse Edit -> admin@pds| ABC
[2025-01-23 12:59:02] User -> Warehouse Edit -> admin@pds| ABC
[2025-01-23 12:59:02] User -> Warehouse Edit -> admin@pds| ABC
[2025-01-23 12:59:02] User -> Warehouse Edit -> admin@pds| ABC
[2025-01-23 12:59:02] User -> Warehouse Edit -> admin@pds| ABC
[2025-01-23 12:59:02] User -> Warehouse Edit -> admin@pds| ABC
[2025-01-23 12:59:02] User -> Warehouse Edit -> admin@pds| ABC
[2025-01-23 12:59:02] User -> Warehouse Edit -> admin@pds| ABC
[2025-01-23 12:59:02] User -> Warehouse Edit -> admin@pds| ABC
[2025-01-23 12:59:02] User -> Warehouse Edit -> admin@pds| ABC
[2025-01-23 12:59:02] User -> Warehouse Edit -> admin@pds| ABC
[2025-01-23 12:59:02] User -> Warehouse Edit -> admin@pds| ABC
[2025-01-23 12:59:02] User -> Warehouse Edit -> admin@pds| ABC
[2025-01-23 12:59:02] User -> Warehouse Edit -> admin@pds| ABC
[2025-01-23 12:59:02] User -> Warehouse Edit -> admin@pds| ABC
[2025-01-23 12:59:02] User -> Warehouse Edit -> admin@pds| ABC
[2025-01-23 12:59:02] User -> Warehouse Edit -> admin@pds| ABC
[2025-01-23 12:59:02] User -> Warehouse Edit -> admin@pds| ABC
[2025-01-23 12:59:02] User -> Warehouse Edit -> admin@pds| ABC
[2025-01-23 12:59:02] User -> Warehouse Edit -> admin@pds| ABC
[2025-01-23 12:59:02] User -> Warehouse Edit -> admin@pds| ABC
[2025-01-23 12:59:02] User -> Warehouse Edit -> admin@pds| ABC
[2025-01-23 12:59:02] User -> Warehouse Edit -> admin@pds| ABC
[2025-01-23 12:59:02] User -> Warehouse Edit -> admin@pds| ABC
[2025-01-23 12:59:02] User -> Warehouse Edit -> admin@pds| ABC
[2025-01-23 12:59:02] User -> Warehouse Edit -> admin@pds| ABC
[2025-01-23 12:59:02] User -> Warehouse Edit -> admin@pds| ABC
[2025-01-23 12:59:02] User -> Warehouse Edit -> admin@pds| ABC
[2025-01-23 12:59:02] User -> Warehouse Edit -> admin@pds| ABC
[2025-01-23 12:59:02] User -> Warehouse Edit -> admin@pds| ABC
[2025-01-23 12:59:02] User -> Warehouse Edit -> admin@pds| ABC
[2025-01-23 12:59:02] User -> Warehouse Edit -> admin@pds| ABC
[2025-01-23 12:59:02] User -> Warehouse Edit -> admin@pds| ABC
[2025-01-23 12:59:02] User -> Warehouse Edit -> admin@pds| ABC
[2025-01-23 12:59:02] User -> Warehouse Edit -> admin@pds| ABC
[2025-01-23 12:59:02] User -> Warehouse Edit -> admin@pds| ABC
[2025-01-23 12:59:02] User -> Warehouse Edit -> admin@pds| ABC
[2025-01-23 12:59:02] User -> Warehouse Edit -> admin@pds| ABC
[2025-01-23 12:59:02] User -> Warehouse Edit -> admin@pds| ABC
[2025-01-23 12:59:02] User -> Warehouse Edit -> admin@pds| ABC
[2025-01-23 12:59:02] User -> Warehouse Edit -> admin@pds| ABC
[2025-01-23 12:59:02] User -> Warehouse Edit -> admin@pds| ABC
[2025-01-23 12:59:02] User -> Warehouse Edit -> admin@pds| ABC
[2025-01-23 12:59:02] User -> Warehouse Edit -> admin@pds| ABC
[2025-01-23 12:59:02] User -> Warehouse Edit -> admin@pds| ABC
[2025-01-23 12:59:02] User -> Warehouse Edit -> admin@pds| ABC
[2025-01-23 12:59:02] User -> Warehouse Edit -> admin@pds| ABC
[2025-01-23 12:59:02] User -> Warehouse Edit -> admin@pds| ABC
[2025-01-23 12:59:02] User -> Warehouse Edit -> admin@pds| ABC
[2025-01-23 12:59:02] User -> Warehouse Edit -> admin@pds| ABC
[2025-01-23 12:59:02] User -> Warehouse Edit -> admin@pds| ABC
[2025-01-23 12:59:02] User -> Warehouse Edit -> admin@pds| ABC
[2025-01-23 12:59:02] User -> Warehouse Edit -> admin@pds| ABC
[2025-01-23 12:59:02] User -> Warehouse Edit -> admin@pds| ABC
[2025-01-23 12:59:02] User -> Warehouse Edit -> admin@pds| ABC
[2025-01-23 12:59:02] User -> Warehouse Edit -> admin@pds| ABC
[2025-01-23 12:59:02] User -> Warehouse Edit -> admin@pds| ABC
[2025-01-23 12:59:02] User -> Warehouse Edit -> admin@pds| ABC
[2025-01-23 12:59:02] User -> Warehouse Edit -> admin@pds| ABC
[2025-01-23 12:59:02] User -> Warehouse Edit -> admin@pds| ABC
[2025-01-23 12:59:02] User -> Warehouse Edit -> admin@pds| ABC
[2025-01-23 12:59:02] User -> Warehouse Edit -> admin@pds| ABC
[2025-01-23 12:59:02] User -> Warehouse Edit -> admin@pds| ABC
[2025-01-23 12:59:02] User -> Warehouse Edit -> admin@pds| ABC
[2025-01-23 12:59:02] User -> Warehouse Edit -> admin@pds| ABC
[2025-01-23 12:59:02] User -> Warehouse Edit -> admin@pds| ABC
[2025-01-23 12:59:02] User -> Warehouse Edit -> admin@pds| ABC
[2025-01-23 12:59:02] User -> Warehouse Edit -> admin@pds| ABC
[2025-01-23 12:59:02] User -> Warehouse Edit -> admin@pds| ABC
[2025-01-23 12:59:02] User -> Warehouse Edit -> admin@pds| ABC
[2025-01-23 12:59:02] User -> Warehouse Edit -> admin@pds| ABC
[2025-01-23 12:59:02] User -> Warehouse Edit -> admin@pds| ABC
[2025-01-23 12:59:02] User -> Warehouse Edit -> admin@pds| ABC
[2025-01-23 12:59:02] User -> Warehouse Edit -> admin@pds| ABC
[2025-01-23 12:59:02] User -> Warehouse Edit -> admin@pds| ABC
[2025-01-23 12:59:02] User -> Warehouse Edit -> admin@pds| ABC
[2025-01-23 12:59:02] User -> Warehouse Edit -> admin@pds| ABC
[2025-01-23 12:59:02] User -> Warehouse Edit -> admin@pds| ABC
[2025-01-23 12:59:02] User -> Warehouse Edit -> admin@pds| ABC
[2025-01-23 12:59:02] User -> Warehouse Edit -> admin@pds| ABC
[2025-01-23 12:59:02] User -> Warehouse Edit -> admin@pds| ABC
[2025-01-23 12:59:02] User -> Warehouse Edit -> admin@pds| ABC
[2025-01-23 12:59:02] User -> Warehouse Edit -> admin@pds| ABC
[2025-01-23 12:59:02] User -> Warehouse Edit -> admin@pds| ABC
[2025-01-23 12:59:02] User -> Warehouse Edit -> admin@pds| ABC
[2025-01-23 12:59:02] User -> Warehouse Edit -> admin@pds| ABC
[2025-01-23 12:59:02] User -> Warehouse Edit -> admin@pds| ABC
[2025-01-23 12:59:02] User -> Warehouse Edit -> admin@pds| ABC
[2025-01-23 12:59:02] User -> Warehouse Edit -> admin@pds| ABC
[2025-01-23 12:59:02] User -> Warehouse Edit -> admin@pds| ABC
[2025-01-23 12:59:02] User -> Warehouse Edit -> admin@pds| ABC
[2025-01-23 12:59:02] User -> Warehouse Edit -> admin@pds| ABC
[2025-01-23 12:59:02] User -> Warehouse Edit -> admin@pds| ABC
[2025-01-23 12:59:02] User -> Warehouse Edit -> admin@pds| ABC
[2025-01-23 12:59:02] User -> Warehouse Edit -> admin@pds| ABC
[2025-01-23 12:59:02] User -> Warehouse Edit -> admin@pds| ABC
[2025-01-23 12:59:02] User -> Warehouse Edit -> admin@pds| ABC
[2025-01-23 12:59:02] User -> Warehouse Edit -> admin@pds| ABC
[2025-01-23 12:59:02] User -> Warehouse Edit -> admin@pds| ABC
[2025-01-23 12:59:02] User -> Warehouse Edit -> admin@pds| ABC
[2025-01-23 12:59:02] User -> Warehouse Edit -> admin@pds| ABC
[2025-01-23 12:59:02] User -> Warehouse Edit -> admin@pds| ABC
[2025-01-23 12:59:02] User -> Warehouse Edit -> admin@pds| ABC
[2025-01-23 12:59:02] User -> Warehouse Edit -> admin@pds| ABC
[2025-01-23 12:59:02] User -> Warehouse Edit -> admin@pds| ABC
[2025-01-23 12:59:02] User -> Warehouse Edit -> admin@pds| ABC
[2025-01-23 12:59:02] User -> Warehouse Edit -> admin@pds| ABC
[2025-01-23 12:59:02] User -> Warehouse Edit -> admin@pds| ABC
[2025-01-23 12:59:02] User -> Warehouse Edit -> admin@pds| ABC
[2025-01-23 12:59:02] User -> Warehouse Edit -> admin@pds| ABC
[2025-01-23 12:59:02] User -> Warehouse Edit -> admin@pds| ABC
[2025-01-23 12:59:02] User -> Warehouse Edit -> admin@pds| ABC
[2025-01-23 12:59:02] User -> Warehouse Edit -> admin@pds| ABC
[2025-01-23 12:59:02] User -> Warehouse Edit -> admin@pds| ABC
[2025-01-23 12:59:02] User -> Warehouse Edit -> admin@pds| ABC
[2025-01-23 12:59:02] User -> Warehouse Edit -> admin@pds| ABC
[2025-01-23 12:59:02] User -> Warehouse Edit -> admin@pds| ABC
[2025-01-23 12:59:02] User -> Warehouse Edit -> admin@pds| ABC
[2025-01-23 12:59:02] User -> Warehouse Edit -> admin@pds| ABC
[2025-01-23 12:59:02] User -> Warehouse Edit -> admin@pds| ABC
[2025-01-23 12:59:02] User -> Warehouse Edit -> admin@pds| ABC
[2025-01-23 12:59:02] User -> Warehouse Edit -> admin@pds| ABC
[2025-01-23 12:59:02] User -> Warehouse Edit -> admin@pds| ABC
[2025-01-23 12:59:02] User -> Warehouse Edit -> admin@pds| ABC
[2025-01-23 12:59:02] User -> Warehouse Edit -> admin@pds| ABC
[2025-01-23 12:59:02] User -> Warehouse Edit -> admin@pds| ABC
[2025-01-23 12:59:02] User -> Warehouse Edit -> admin@pds| ABC
[2025-01-23 12:59:02] User -> Warehouse Edit -> admin@pds| ABC
[2025-01-23 12:59:02] User -> Warehouse Edit -> admin@pds| ABC
[2025-01-23 12:59:02] User -> Warehouse Edit -> admin@pds| ABC
[2025-01-23 12:59:02] User -> Warehouse Edit -> admin@pds| ABC
[2025-01-23 12:59:02] User -> Warehouse Edit -> admin@pds| ABC
[2025-01-23 12:59:02] User -> Warehouse Edit -> admin@pds| ABC
[2025-01-23 12:59:02] User -> Warehouse Edit -> admin@pds| ABC
[2025-01-23 12:59:02] User -> Warehouse Edit -> admin@pds| ABC
[2025-01-23 12:59:02] User -> Warehouse Edit -> admin@pds| ABC
[2025-01-23 12:59:02] User -> Warehouse Edit -> admin@pds| ABC
[2025-01-23 12:59:02] User -> Warehouse Edit -> admin@pds| ABC
[2025-01-23 12:59:02] User -> Warehouse Edit -> admin@pds| ABC
[2025-01-23 12:59:02] User -> Warehouse Edit -> admin@pds| ABC
[2025-01-23 12:59:02] User -> Warehouse Edit -> admin@pds| ABC
[2025-01-23 12:59:02] User -> Warehouse Edit -> admin@pds| ABC
[2025-01-23 12:59:02] User -> Warehouse Edit -> admin@pds| ABC
[2025-01-23 12:59:02] User -> Warehouse Edit -> admin@pds| ABC
[2025-01-23 12:59:02] User -> Warehouse Edit -> admin@pds| ABC
[2025-01-23 12:59:02] User -> Warehouse Edit -> admin@pds| ABC
[2025-01-23 12:59:02] User -> Warehouse Edit -> admin@pds| ABC
[2025-01-23 12:59:02] User -> Warehouse Edit -> admin@pds| ABC
[2025-01-23 12:59:02] User -> Warehouse Edit -> admin@pds| ABC
[2025-01-23 12:59:02] User -> Warehouse Edit -> admin@pds| ABC
[2025-01-23 12:59:02] User -> Warehouse Edit -> admin@pds| ABC
[2025-01-23 12:59:02] User -> Warehouse Edit -> admin@pds| ABC
[2025-01-23 12:59:02] User -> Warehouse Edit -> admin@pds| ABC
[2025-01-23 12:59:02] User -> Warehouse Edit -> admin@pds| ABC
[2025-01-23 12:59:02] User -> Warehouse Edit -> admin@pds| ABC
[2025-01-23 12:59:02] User -> Warehouse Edit -> admin@pds| ABC
[2025-01-23 12:59:02] User -> Warehouse Edit -> admin@pds| ABC
[2025-01-23 12:59:02] User -> Warehouse Edit -> admin@pds| ABC
[2025-01-23 12:59:02] User -> Warehouse Edit -> admin@pds| ABC
[2025-01-23 12:59:02] User -> Warehouse Edit -> admin@pds| ABC
[2025-01-23 12:59:02] User -> Warehouse Edit -> admin@pds| ABC
[2025-01-23 12:59:02] User -> Warehouse Edit -> admin@pds| ABC
[2025-01-23 12:59:02] User -> Warehouse Edit -> admin@pds| ABC
[2025-01-23 12:59:02] User -> Warehouse Edit -> admin@pds| ABC
[2025-01-23 12:59:02] User -> Warehouse Edit -> admin@pds| ABC
[2025-01-23 12:59:02] User -> Warehouse Edit -> admin@pds| ABC
[2025-01-23 12:59:02] User -> Warehouse Edit -> admin@pds| ABC
[2025-01-23 12:59:02] User -> Warehouse Edit -> admin@pds| ABC
[2025-01-23 12:59:02] User -> Warehouse Edit -> admin@pds| ABC
[2025-01-23 12:59:02] User -> Warehouse Edit -> admin@pds| ABC
[2025-01-23 12:59:02] User -> Warehouse Edit -> admin@pds| XYZ
[2025-01-23 12:59:02] User -> Warehouse Edit -> admin@pds| XYZ
[2025-01-23 12:59:02] User -> Warehouse Edit -> admin@pds| XYZ
[2025-01-23 12:59:02] User -> Warehouse Edit -> admin@pds| XYZ
[2025-01-23 12:59:02] User -> Warehouse Edit -> admin@pds| XYZ
[2025-01-23 12:59:02] User -> Warehouse Edit -> admin@pds| XYZ
[2025-01-23 12:59:02] User -> Warehouse Edit -> admin@pds| XYZ
[2025-01-23 12:59:02] User -> Warehouse Edit -> admin@pds| XYZ
[2025-01-23 12:59:02] User -> Warehouse Edit -> admin@pds| XYZ
[2025-01-23 12:59:02] User -> Warehouse Edit -> admin@pds| XYZ
[2025-01-23 12:59:02] User -> Warehouse Edit -> admin@pds| XYZ
[2025-01-23 12:59:02] User -> Warehouse Edit -> admin@pds| XYZ
[2025-01-23 12:59:02] User -> Warehouse Edit -> admin@pds| XYZ
[2025-01-23 12:59:02] User -> Warehouse Edit -> admin@pds| XYZ
[2025-01-23 12:59:02] User -> Warehouse Edit -> admin@pds| XYZ
[2025-01-23 12:59:02] User -> Warehouse Edit -> admin@pds| XYZ
[2025-01-23 12:59:02] User -> Warehouse Edit -> admin@pds| XYZ
[2025-01-23 12:59:02] User -> Warehouse Edit -> admin@pds| XYZ
[2025-01-23 12:59:02] User -> Warehouse Edit -> admin@pds| XYZ
[2025-01-23 12:59:02] User -> Warehouse Edit -> admin@pds| XYZ
[2025-01-23 12:59:02] User -> Warehouse Edit -> admin@pds| XYZ
[2025-01-23 12:59:02] User -> Warehouse Edit -> admin@pds| XYZ
[2025-01-23 12:59:02] User -> Warehouse Edit -> admin@pds| Abc
[2025-01-23 12:59:02] User -> Warehouse Edit -> admin@pds| Test data3
[2025-01-23 12:59:02] User -> Warehouse Edit -> admin@pds| Test data4
[2025-01-23 13:04:13] User -> Mill Added -> admin@pds| Test 5
[2025-01-23 13:04:13] User -> Mill Added -> admin@pds| Test 6
[2025-01-23 13:06:03] User -> Mill Edit -> admin@pds| xyz
[2025-01-23 13:06:03] User -> Mill Edit -> admin@pds| xyz
[2025-01-23 13:06:03] User -> Mill Edit -> admin@pds| xyz
[2025-01-23 13:06:03] User -> Mill Edit -> admin@pds| xyz
[2025-01-23 13:06:03] User -> Mill Edit -> admin@pds| xyz
[2025-01-23 13:06:03] User -> Mill Edit -> admin@pds| xyz
[2025-01-23 13:06:03] User -> Mill Edit -> admin@pds| xyz
[2025-01-23 13:06:03] User -> Mill Edit -> admin@pds| xyz
[2025-01-23 13:06:03] User -> Mill Edit -> admin@pds| xyz
[2025-01-23 13:06:03] User -> Mill Edit -> admin@pds| xyz
[2025-01-23 13:06:03] User -> Mill Edit -> admin@pds| xyz
[2025-01-23 13:06:03] User -> Mill Edit -> admin@pds| xyz
[2025-01-23 13:06:03] User -> Mill Edit -> admin@pds| xyz
[2025-01-23 13:06:03] User -> Mill Edit -> admin@pds| xyz
[2025-01-23 13:06:03] User -> Mill Edit -> admin@pds| xyz
[2025-01-23 13:06:03] User -> Mill Edit -> admin@pds| xyz
[2025-01-23 13:06:03] User -> Mill Edit -> admin@pds| xyz
[2025-01-23 13:06:03] User -> Mill Edit -> admin@pds| xyz
[2025-01-23 13:06:03] User -> Mill Edit -> admin@pds| xyz
[2025-01-23 13:06:03] User -> Mill Edit -> admin@pds| xyz
[2025-01-23 13:06:03] User -> Mill Edit -> admin@pds| xyz
[2025-01-23 13:06:03] User -> Mill Edit -> admin@pds| xyz
[2025-01-23 13:06:03] User -> Mill Edit -> admin@pds| xyz
[2025-01-23 13:06:03] User -> Mill Edit -> admin@pds| xyz
[2025-01-23 13:06:03] User -> Mill Edit -> admin@pds| xyz
[2025-01-23 13:06:03] User -> Mill Edit -> admin@pds| xyz
[2025-01-23 13:06:03] User -> Mill Edit -> admin@pds| xyz
[2025-01-23 13:06:03] User -> Mill Edit -> admin@pds| xyz
[2025-01-23 13:06:03] User -> Mill Edit -> admin@pds| xyz
[2025-01-23 13:06:03] User -> Mill Edit -> admin@pds| xyz
[2025-01-23 13:06:03] User -> Mill Edit -> admin@pds| xyz
[2025-01-23 13:06:03] User -> Mill Edit -> admin@pds| xyz
[2025-01-23 13:06:03] User -> Mill Edit -> admin@pds| xyz
[2025-01-23 13:06:03] User -> Mill Edit -> admin@pds| xyz
[2025-01-23 13:06:03] User -> Mill Edit -> admin@pds| xyz
[2025-01-23 13:06:03] User -> Mill Edit -> admin@pds| xyz
[2025-01-23 13:06:03] User -> Mill Edit -> admin@pds| xyz
[2025-01-23 13:06:03] User -> Mill Edit -> admin@pds| xyz
[2025-01-23 13:06:03] User -> Mill Edit -> admin@pds| xyz
[2025-01-23 13:06:03] User -> Mill Edit -> admin@pds| xyz
[2025-01-23 13:06:03] User -> Mill Edit -> admin@pds| xyz
[2025-01-23 13:06:03] User -> Mill Edit -> admin@pds| xyz
[2025-01-23 13:06:03] User -> Mill Edit -> admin@pds| xyz
[2025-01-23 13:06:03] User -> Mill Edit -> admin@pds| xyz
[2025-01-23 13:06:03] User -> Mill Edit -> admin@pds| xyz
[2025-01-23 13:06:03] User -> Mill Edit -> admin@pds| xyz
[2025-01-23 13:06:03] User -> Mill Edit -> admin@pds| xyz
[2025-01-23 13:06:03] User -> Mill Edit -> admin@pds| xyz
[2025-01-23 13:06:03] User -> Mill Edit -> admin@pds| xyz
[2025-01-23 13:06:03] User -> Mill Edit -> admin@pds| xyz
[2025-01-23 13:06:03] User -> Mill Edit -> admin@pds| Empees Modern Rice Mill
[2025-01-23 13:06:03] User -> Mill Edit -> admin@pds| Test 5
[2025-01-23 13:06:03] User -> Mill Edit -> admin@pds| Test 6
[2025-01-23 13:06:45] User -> Mill deleted -> admin@pds| Requested JSON -> {"uid":"DCP_6791f0f5b54"} | Test 6
[2025-01-23 13:06:47] User -> Mill deleted -> admin@pds| Requested JSON -> {"uid":"DCP_6791f0f5ac7"} | Test 5
[2025-01-23 13:07:03] User -> Warehouse deleted -> admin@pds| Requested JSON -> {"uid":"WH_6791eefba43f"} | Test data3
[2025-01-23 13:07:08] User -> Warehouse deleted -> admin@pds| Requested JSON -> {"uid":"WH_6791eefcbc31"} | Test data4
[2025-01-23 16:11:08] User -> User Add ->admin@pds| Requested JSON -> {"newusername":"Demo@pds","district":"Alappuzha","newpassword":"Demo"} | 
[2025-01-23 16:12:14] User -> Block User ->admin@pds| Requested JSON -> {"uid":"67921cc4bee64"} | Demo@pds
[2025-01-23 16:12:42] User -> Verify User ->admin@pds| Requested JSON -> {"uid":"67921cc4bee64"} | Demo@pds
[2025-01-23 16:13:06] User -> Delete User ->admin@pds| Requested JSON -> {"uid":"67921cc4bee64"} | Demo@pds
[2025-01-23 16:17:12] User -> Send  Message ->admin@pds| Requested JSON -> {"message":"Optimization Done!!","uniqueid":"66c982b964123"} | 
[2025-01-23 16:19:23] User -> Delete Message ->admin@pds| Requested JSON -> {"uid":"d90259db7e"} | Alappuzha@pds
[2025-01-23 16:41:23] User -> FPS Edit->admin@pds| Requested JSON -> {"name":"Test Data","uniqueid":"FPS_67921235cea","active":"1","type":"Model FPS","latitude":"32.33","longitude":"78.888","district":"Alappuzha","id":"1","demand":"100","demand_rice":"110","demand_frice":"120"}
[2025-01-23 16:41:33] User -> FPS Edit->admin@pds| Requested JSON -> {"name":"Test Data1","uniqueid":"FPS_67921235e13","active":"1","type":"Model FPS","latitude":"32.33","longitude":"78.888","district":"Alappuzha","id":"2","demand":"150","demand_rice":"110","demand_frice":"120"}
[2025-01-23 16:41:41] User -> FPS Edit->admin@pds| Requested JSON -> {"name":"Test Data2","uniqueid":"FPS_679212360d9","active":"1","type":"Model FPS","latitude":"32.33","longitude":"78.888","district":"Alappuzha","id":"3","demand":"100","demand_rice":"110","demand_frice":"120"}
[2025-01-23 17:02:08] User -> Send  Message ->admin@pds| Requested JSON -> {"message":"Optimization Done!!","uniqueid":"66c982b964123"} | 
