[2025-01-24 16:43:39] User -> Save Data | approve admin change yes ->admin@pds| 10A - 1
[2025-01-24 16:43:39] User -> Save Data | approve admin change yes ->admin@pds| 10A - 2
[2025-01-24 16:43:39] User -> Save Data | approve district change id ->admin@pds| 10A - 1| 204802
[2025-01-24 16:48:26] User -> Save Data | approve admin change yes ->admin@pds| 10B - 3
[2025-01-24 16:48:26] User -> Save Data | approve admin change yes ->admin@pds| 10B - 3
[2025-01-24 16:48:26] User -> Save Data | approve admin change yes ->admin@pds| 10B - 3
[2025-01-24 16:50:06] User -> Save Data | approve admin change yes ->admin@pds| SC18001 - 204802
[2025-01-24 16:50:06] User -> Save Data | approve admin change yes ->admin@pds| SC18001 - 204802
[2025-01-24 16:50:06] User -> Save Data | approve district change id ->admin@pds| SC18001 - 204802| 101902
[2025-01-24 16:50:06] User -> Save Data | approve admin change yes ->admin@pds| SC16003 - 10B
[2025-01-24 16:51:29] User -> Save Data | approve admin change yes ->admin@pds| SC16003 - 10A
[2025-01-24 16:51:29] User -> Save Data | approve admin change yes ->admin@pds| SC16003 - 10A
[2025-01-24 16:51:29] User -> Save Data | approve admin change yes ->admin@pds| SC16003 - 10A
[2025-01-24 16:58:36] Admin User -> Save Data | implemeneted ->admin@pds| SC16003 - 10A
[2025-01-24 16:58:36] Admin User -> Save Data | implemeneted ->admin@pds| SC16003 - 10B
[2025-01-24 16:58:36] Admin User -> Save Data | implemeneted ->admin@pds| SC16003 - 10A
[2025-01-24 16:58:36] Admin User -> Save Data | implemeneted ->admin@pds| SC16003 - 10A
[2025-01-24 16:58:36] Admin User -> Save Data | implemeneted ->admin@pds| SC16003 - 10B
[2025-01-24 16:58:36] Admin User -> Save Data | implemeneted ->admin@pds| SC16003 - 10B
[2025-01-24 17:01:45] User -> Warehouse InActive -> admin@pds| 
[2025-01-24 17:01:56] User -> Warehouse Active -> admin@pds| 
[2025-01-24 17:04:18] User -> FPS InActive -> admin@pds| 
[2025-01-24 17:04:36] User -> FPS Active -> admin@pds| 
[2025-01-24 17:05:39] User -> FPS InActive -> admin@pds| 
[2025-01-24 17:05:52] User -> FPS Active -> admin@pds| 
[2025-01-24 17:08:20] User -> Mill InActive -> admin@pds| 
[2025-01-24 17:08:32] User -> Mill Active -> admin@pds| 
