[2025-01-26 19:44:42] User -> FPS deleted -> admin@pds| Requested JSON -> {"uid":"all"} | 
[2025-01-26 19:51:37] User -> FPS deleted -> admin@pds| Requested JSON -> {"uid":"all"} | 
[2025-01-26 19:53:07] User -> FPS Added -> admin@pds| JINSAMMA JAMES
[2025-01-26 19:53:07] User -> FPS Added -> admin@pds| Xavior
[2025-01-26 19:53:07] User -> FPS Added -> admin@pds| SALIMMA SEBASTIAN
[2025-01-26 19:53:07] User -> FPS Added -> admin@pds| GEORGEKUTTY JOSEPH
[2025-01-26 19:53:07] User -> FPS Added -> admin@pds| SHAJIMON
[2025-01-26 19:53:07] User -> FPS Added -> admin@pds| Thresya Lilly
[2025-01-26 19:53:07] User -> FPS Added -> admin@pds| K P Guild
[2025-01-26 19:53:08] User -> FPS Added -> admin@pds| Jose Manayath Xavier
[2025-01-26 19:53:08] User -> FPS Added -> admin@pds| Dominic Gomez
[2025-01-26 19:53:08] User -> FPS Added -> admin@pds| K. P. Guild
[2025-01-26 20:06:03] User -> Save Data | approve admin change yes ->admin@pds| 701802A - 1734001
[2025-01-26 20:06:03] User -> Save Data | approve admin change yes ->admin@pds| 701802A - 1734005
[2025-01-26 20:06:03] User -> Save Data | approve admin change no ->admin@pds| 701802A - 1734008
[2025-01-26 20:12:45] User -> Save Data | approve admin change yes ->admin@pds| 702802 - 1734006
[2025-01-26 20:12:45] User -> Save Data | approve admin change yes ->admin@pds| 701802A - 1734002
[2025-01-26 20:12:45] User -> Save Data | approve admin change yes ->admin@pds| 702802 - 1734006
[2025-01-26 20:12:45] User -> Save Data | approve admin change yes ->admin@pds| 701802A - 1734002
[2025-01-26 20:12:45] User -> Save Data | approve admin change yes ->admin@pds| 702802 - 1734006
[2025-01-26 20:30:20] User -> Save Data | approve admin change yes ->admin@pds| SC15003 - 505801
[2025-01-26 20:30:20] User -> Save Data | approve admin change yes ->admin@pds| SC14002 - 702802
[2025-01-26 20:30:20] User -> Save Data | approve admin change yes ->admin@pds| SC15001 - 30401
[2025-01-26 20:32:35] User -> Save Data | approve admin change yes ->admin@pds| SC14002 - 701802A
[2025-01-26 20:32:35] User -> Save Data | approve admin change yes ->admin@pds| SC14002 - 702801
[2025-01-26 20:32:35] User -> Save Data | approve admin change yes ->admin@pds| SC14002 - 701802A
[2025-01-26 20:32:35] User -> Save Data | approve admin change yes ->admin@pds| SC14002 - 701802A
[2025-01-26 20:32:35] User -> Save Data | approve admin change yes ->admin@pds| SC14002 - 702801
[2025-01-26 20:32:35] User -> Save Data | approve admin change yes ->admin@pds| SC14002 - 702801
[2025-01-26 20:35:07] Admin User -> Save Data | implemented ->admin@pds| SC15001 - 30401
[2025-01-26 20:35:19] Admin User -> Save Data | implemented ->admin@pds| SC14002 - 702801
[2025-01-26 20:35:19] Admin User -> Save Data | implemented ->admin@pds| SC14002 - 701802A
[2025-01-26 20:35:28] Admin User -> Save Data | implemented ->admin@pds| SC14002 - 702802
[2025-01-26 20:35:28] Admin User -> Save Data | implemented ->admin@pds| SC14002 - 702802
[2025-01-26 20:35:28] Admin User -> Save Data | implemented ->admin@pds| SC14002 - 702802
[2025-01-26 20:58:50] User -> Send  Message ->admin@pds| Requested JSON -> {"message":"Optimization done","uniqueid":"66c9832d06705"} | 
[2025-01-26 20:59:02] User -> Delete Message ->admin@pds| Requested JSON -> {"uid":"1d37fcccc1"} | Ernakulam@pds
[2025-01-26 21:57:09] User -> District added ->admin@pds| Requested JSON -> {"name":"demo"}
[2025-01-26 21:57:43] User -> District deleted -> admin@pds| Requested JSON -> {"uid":"6796625d46271"} | Demo
[2025-01-26 21:58:40] User -> Mill added ->admin@pds| Requested JSON -> {"name":"Test Data","type":"Mill","latitude":"23.333","longitude":"78.888","district":"Alappuzha","id":"11A","demand":"100","demand_rice":"90"}
[2025-01-26 21:58:50] User -> Mill InActive -> admin@pds| Test Data
[2025-01-26 21:58:59] User -> Mill Active -> admin@pds| Test Data
[2025-01-26 21:59:23] User -> Mill Edit->admin@pds| Requested JSON -> {"name":"Test Data","uniqueid":"DCP_679662b852f","active":"1","type":"Mill","latitude":"23.333","longitude":"78.888","district":"Alappuzha","id":"11A","demand":"100","demand_rice":"100"}
[2025-01-26 22:01:08] User -> Mill Edit -> admin@pds| xyz
[2025-01-26 22:01:08] User -> Mill Edit -> admin@pds| xyz
[2025-01-26 22:01:08] User -> Mill Edit -> admin@pds| xyz
[2025-01-26 22:01:08] User -> Mill Edit -> admin@pds| xyz
[2025-01-26 22:01:08] User -> Mill Edit -> admin@pds| xyz
[2025-01-26 22:01:08] User -> Mill Edit -> admin@pds| xyz
[2025-01-26 22:01:08] User -> Mill Edit -> admin@pds| xyz
[2025-01-26 22:01:08] User -> Mill Edit -> admin@pds| xyz
[2025-01-26 22:01:08] User -> Mill Edit -> admin@pds| xyz
[2025-01-26 22:01:08] User -> Mill Edit -> admin@pds| xyz
[2025-01-26 22:01:08] User -> Mill Edit -> admin@pds| xyz
[2025-01-26 22:01:08] User -> Mill Edit -> admin@pds| xyz
[2025-01-26 22:01:08] User -> Mill Edit -> admin@pds| xyz
[2025-01-26 22:01:08] User -> Mill Edit -> admin@pds| xyz
[2025-01-26 22:01:08] User -> Mill Edit -> admin@pds| xyz
[2025-01-26 22:01:08] User -> Mill Edit -> admin@pds| xyz
[2025-01-26 22:01:08] User -> Mill Edit -> admin@pds| xyz
[2025-01-26 22:01:08] User -> Mill Edit -> admin@pds| xyz
[2025-01-26 22:01:08] User -> Mill Edit -> admin@pds| xyz
[2025-01-26 22:01:08] User -> Mill Edit -> admin@pds| xyz
[2025-01-26 22:01:08] User -> Mill Edit -> admin@pds| xyz
[2025-01-26 22:01:08] User -> Mill Edit -> admin@pds| xyz
[2025-01-26 22:01:08] User -> Mill Edit -> admin@pds| Empees Modern Rice Mill
[2025-01-26 22:01:08] User -> Mill Edit -> admin@pds| xyz
[2025-01-26 22:01:08] User -> Mill Edit -> admin@pds| xyz
[2025-01-26 22:01:08] User -> Mill Edit -> admin@pds| xyz
[2025-01-26 22:01:08] User -> Mill Edit -> admin@pds| xyz
[2025-01-26 22:01:08] User -> Mill Edit -> admin@pds| xyz
[2025-01-26 22:01:08] User -> Mill Edit -> admin@pds| xyz
[2025-01-26 22:01:08] User -> Mill Edit -> admin@pds| xyz
[2025-01-26 22:01:08] User -> Mill Edit -> admin@pds| xyz
[2025-01-26 22:01:08] User -> Mill Edit -> admin@pds| xyz
[2025-01-26 22:01:08] User -> Mill Edit -> admin@pds| xyz
[2025-01-26 22:01:08] User -> Mill Edit -> admin@pds| xyz
[2025-01-26 22:01:08] User -> Mill Edit -> admin@pds| xyz
[2025-01-26 22:01:08] User -> Mill Edit -> admin@pds| xyz
[2025-01-26 22:01:08] User -> Mill Edit -> admin@pds| xyz
[2025-01-26 22:01:08] User -> Mill Edit -> admin@pds| xyz
[2025-01-26 22:01:08] User -> Mill Edit -> admin@pds| xyz
[2025-01-26 22:01:08] User -> Mill Edit -> admin@pds| xyz
[2025-01-26 22:01:08] User -> Mill Edit -> admin@pds| xyz
[2025-01-26 22:01:08] User -> Mill Edit -> admin@pds| xyz
[2025-01-26 22:01:08] User -> Mill Edit -> admin@pds| xyz
[2025-01-26 22:01:08] User -> Mill Edit -> admin@pds| xyz
[2025-01-26 22:01:08] User -> Mill Edit -> admin@pds| xyz
[2025-01-26 22:01:08] User -> Mill Edit -> admin@pds| xyz
[2025-01-26 22:01:08] User -> Mill Edit -> admin@pds| xyz
[2025-01-26 22:01:08] User -> Mill Edit -> admin@pds| xyz
[2025-01-26 22:01:08] User -> Mill Edit -> admin@pds| xyz
[2025-01-26 22:01:08] User -> Mill Edit -> admin@pds| xyz
[2025-01-26 22:01:08] User -> Mill Edit -> admin@pds| xyz
[2025-01-26 22:01:08] User -> Mill Edit -> admin@pds| Test Data
[2025-01-26 22:01:25] User -> Mill deleted -> admin@pds| Requested JSON -> {"uid":"DCP_679662b852f"} | Test Data
[2025-01-26 22:01:45] User -> Mill deleted -> admin@pds| Requested JSON -> {"uid":"all"} | 
[2025-01-26 22:02:56] User -> Mill Added -> admin@pds| xyz
[2025-01-26 22:02:57] User -> Mill Added -> admin@pds| xyz
[2025-01-26 22:02:57] User -> Mill Added -> admin@pds| xyz
[2025-01-26 22:02:57] User -> Mill Added -> admin@pds| xyz
[2025-01-26 22:02:57] User -> Mill Added -> admin@pds| xyz
[2025-01-26 22:02:57] User -> Mill Added -> admin@pds| xyz
[2025-01-26 22:02:57] User -> Mill Added -> admin@pds| xyz
[2025-01-26 22:02:57] User -> Mill Added -> admin@pds| xyz
[2025-01-26 22:02:57] User -> Mill Added -> admin@pds| xyz
[2025-01-26 22:02:57] User -> Mill Added -> admin@pds| xyz
[2025-01-26 22:02:58] User -> Mill Added -> admin@pds| xyz
[2025-01-26 22:02:58] User -> Mill Added -> admin@pds| xyz
[2025-01-26 22:02:58] User -> Mill Added -> admin@pds| xyz
[2025-01-26 22:02:58] User -> Mill Added -> admin@pds| xyz
[2025-01-26 22:02:58] User -> Mill Added -> admin@pds| xyz
[2025-01-26 22:02:58] User -> Mill Added -> admin@pds| xyz
[2025-01-26 22:02:58] User -> Mill Added -> admin@pds| xyz
[2025-01-26 22:02:58] User -> Mill Added -> admin@pds| xyz
[2025-01-26 22:02:58] User -> Mill Added -> admin@pds| xyz
[2025-01-26 22:02:58] User -> Mill Added -> admin@pds| xyz
[2025-01-26 22:02:58] User -> Mill Added -> admin@pds| xyz
[2025-01-26 22:02:58] User -> Mill Added -> admin@pds| xyz
[2025-01-26 22:02:58] User -> Mill Added -> admin@pds| Empees Modern Rice Mill
[2025-01-26 22:02:58] User -> Mill Added -> admin@pds| xyz
[2025-01-26 22:02:58] User -> Mill Added -> admin@pds| xyz
[2025-01-26 22:02:58] User -> Mill Added -> admin@pds| xyz
[2025-01-26 22:02:58] User -> Mill Added -> admin@pds| xyz
[2025-01-26 22:02:58] User -> Mill Added -> admin@pds| xyz
[2025-01-26 22:02:58] User -> Mill Added -> admin@pds| xyz
[2025-01-26 22:02:58] User -> Mill Added -> admin@pds| xyz
[2025-01-26 22:02:58] User -> Mill Added -> admin@pds| xyz
[2025-01-26 22:02:58] User -> Mill Added -> admin@pds| xyz
[2025-01-26 22:02:59] User -> Mill Added -> admin@pds| xyz
[2025-01-26 22:02:59] User -> Mill Added -> admin@pds| xyz
[2025-01-26 22:02:59] User -> Mill Added -> admin@pds| xyz
[2025-01-26 22:02:59] User -> Mill Added -> admin@pds| xyz
[2025-01-26 22:02:59] User -> Mill Added -> admin@pds| xyz
[2025-01-26 22:02:59] User -> Mill Added -> admin@pds| xyz
[2025-01-26 22:02:59] User -> Mill Added -> admin@pds| xyz
[2025-01-26 22:02:59] User -> Mill Added -> admin@pds| xyz
[2025-01-26 22:02:59] User -> Mill Added -> admin@pds| xyz
[2025-01-26 22:02:59] User -> Mill Added -> admin@pds| xyz
[2025-01-26 22:02:59] User -> Mill Added -> admin@pds| xyz
[2025-01-26 22:02:59] User -> Mill Added -> admin@pds| xyz
[2025-01-26 22:02:59] User -> Mill Added -> admin@pds| xyz
[2025-01-26 22:02:59] User -> Mill Added -> admin@pds| xyz
[2025-01-26 22:02:59] User -> Mill Added -> admin@pds| xyz
[2025-01-26 22:02:59] User -> Mill Added -> admin@pds| xyz
[2025-01-26 22:02:59] User -> Mill Added -> admin@pds| xyz
[2025-01-26 22:02:59] User -> Mill Added -> admin@pds| xyz
[2025-01-26 22:02:59] User -> Mill Added -> admin@pds| xyz
[2025-01-26 22:04:11] User -> Warehouse added ->admin@pds| Requested JSON -> {"name":"Test Data","type":"motorable","latitude":"23.333","storage":"100","district":"Alappuzha","id":"11A","warehousetype":"swc","longitude":"78.888"}
[2025-01-26 22:04:30] User -> Warehouse InActive -> admin@pds| Test Data
[2025-01-26 22:04:42] User -> Warehouse Active -> admin@pds| Test Data
[2025-01-26 22:04:53] User -> Warehouse Edit->admin@pds| Requested JSON -> {"name":"Test Data","uniqueid":"WH_67966403e7c1","active":"1","type":"motorable","latitude":"23.333","storage":"110","district":"Alappuzha","id":"11A","warehousetype":"swc","longitude":"78.888"}
[2025-01-26 22:05:36] User -> Warehouse Edit -> admin@pds| ABC
[2025-01-26 22:05:36] User -> Warehouse Edit -> admin@pds| ABC
[2025-01-26 22:05:36] User -> Warehouse Edit -> admin@pds| ABC
[2025-01-26 22:05:36] User -> Warehouse Edit -> admin@pds| ABC
[2025-01-26 22:05:36] User -> Warehouse Edit -> admin@pds| ABC
[2025-01-26 22:05:36] User -> Warehouse Edit -> admin@pds| ABC
[2025-01-26 22:05:36] User -> Warehouse Edit -> admin@pds| ABC
[2025-01-26 22:05:36] User -> Warehouse Edit -> admin@pds| ABC
[2025-01-26 22:05:36] User -> Warehouse Edit -> admin@pds| ABC
[2025-01-26 22:05:36] User -> Warehouse Edit -> admin@pds| ABC
[2025-01-26 22:05:36] User -> Warehouse Edit -> admin@pds| ABC
[2025-01-26 22:05:37] User -> Warehouse Edit -> admin@pds| ABC
[2025-01-26 22:05:37] User -> Warehouse Edit -> admin@pds| ABC
[2025-01-26 22:05:37] User -> Warehouse Edit -> admin@pds| ABC
[2025-01-26 22:05:37] User -> Warehouse Edit -> admin@pds| ABC
[2025-01-26 22:05:37] User -> Warehouse Edit -> admin@pds| ABC
[2025-01-26 22:05:37] User -> Warehouse Edit -> admin@pds| ABC
[2025-01-26 22:05:37] User -> Warehouse Edit -> admin@pds| ABC
[2025-01-26 22:05:37] User -> Warehouse Edit -> admin@pds| ABC
[2025-01-26 22:05:37] User -> Warehouse Edit -> admin@pds| ABC
[2025-01-26 22:05:37] User -> Warehouse Edit -> admin@pds| ABC
[2025-01-26 22:05:37] User -> Warehouse Edit -> admin@pds| ABC
[2025-01-26 22:05:37] User -> Warehouse Edit -> admin@pds| ABC
[2025-01-26 22:05:37] User -> Warehouse Edit -> admin@pds| ABC
[2025-01-26 22:05:37] User -> Warehouse Edit -> admin@pds| ABC
[2025-01-26 22:05:37] User -> Warehouse Edit -> admin@pds| ABC
[2025-01-26 22:05:37] User -> Warehouse Edit -> admin@pds| ABC
[2025-01-26 22:05:37] User -> Warehouse Edit -> admin@pds| ABC
[2025-01-26 22:05:37] User -> Warehouse Edit -> admin@pds| ABC
[2025-01-26 22:05:37] User -> Warehouse Edit -> admin@pds| ABC
[2025-01-26 22:05:37] User -> Warehouse Edit -> admin@pds| ABC
[2025-01-26 22:05:37] User -> Warehouse Edit -> admin@pds| ABC
[2025-01-26 22:05:37] User -> Warehouse Edit -> admin@pds| ABC
[2025-01-26 22:05:37] User -> Warehouse Edit -> admin@pds| ABC
[2025-01-26 22:05:37] User -> Warehouse Edit -> admin@pds| ABC
[2025-01-26 22:05:37] User -> Warehouse Edit -> admin@pds| ABC
[2025-01-26 22:05:37] User -> Warehouse Edit -> admin@pds| ABC
[2025-01-26 22:05:37] User -> Warehouse Edit -> admin@pds| ABC
[2025-01-26 22:05:37] User -> Warehouse Edit -> admin@pds| ABC
[2025-01-26 22:05:37] User -> Warehouse Edit -> admin@pds| ABC
[2025-01-26 22:05:37] User -> Warehouse Edit -> admin@pds| ABC
[2025-01-26 22:05:37] User -> Warehouse Edit -> admin@pds| ABC
[2025-01-26 22:05:37] User -> Warehouse Edit -> admin@pds| ABC
[2025-01-26 22:05:37] User -> Warehouse Edit -> admin@pds| ABC
[2025-01-26 22:05:37] User -> Warehouse Edit -> admin@pds| ABC
[2025-01-26 22:05:37] User -> Warehouse Edit -> admin@pds| ABC
[2025-01-26 22:05:37] User -> Warehouse Edit -> admin@pds| ABC
[2025-01-26 22:05:37] User -> Warehouse Edit -> admin@pds| ABC
[2025-01-26 22:05:37] User -> Warehouse Edit -> admin@pds| ABC
[2025-01-26 22:05:37] User -> Warehouse Edit -> admin@pds| ABC
[2025-01-26 22:05:37] User -> Warehouse Edit -> admin@pds| ABC
[2025-01-26 22:05:37] User -> Warehouse Edit -> admin@pds| ABC
[2025-01-26 22:05:37] User -> Warehouse Edit -> admin@pds| ABC
[2025-01-26 22:05:37] User -> Warehouse Edit -> admin@pds| ABC
[2025-01-26 22:05:37] User -> Warehouse Edit -> admin@pds| ABC
[2025-01-26 22:05:37] User -> Warehouse Edit -> admin@pds| ABC
[2025-01-26 22:05:37] User -> Warehouse Edit -> admin@pds| ABC
[2025-01-26 22:05:37] User -> Warehouse Edit -> admin@pds| ABC
[2025-01-26 22:05:37] User -> Warehouse Edit -> admin@pds| ABC
[2025-01-26 22:05:37] User -> Warehouse Edit -> admin@pds| ABC
[2025-01-26 22:05:37] User -> Warehouse Edit -> admin@pds| ABC
[2025-01-26 22:05:37] User -> Warehouse Edit -> admin@pds| ABC
[2025-01-26 22:05:37] User -> Warehouse Edit -> admin@pds| ABC
[2025-01-26 22:05:37] User -> Warehouse Edit -> admin@pds| ABC
[2025-01-26 22:05:37] User -> Warehouse Edit -> admin@pds| ABC
[2025-01-26 22:05:37] User -> Warehouse Edit -> admin@pds| ABC
[2025-01-26 22:05:37] User -> Warehouse Edit -> admin@pds| ABC
[2025-01-26 22:05:37] User -> Warehouse Edit -> admin@pds| ABC
[2025-01-26 22:05:37] User -> Warehouse Edit -> admin@pds| ABC
[2025-01-26 22:05:37] User -> Warehouse Edit -> admin@pds| ABC
[2025-01-26 22:05:37] User -> Warehouse Edit -> admin@pds| ABC
[2025-01-26 22:05:37] User -> Warehouse Edit -> admin@pds| ABC
[2025-01-26 22:05:37] User -> Warehouse Edit -> admin@pds| ABC
[2025-01-26 22:05:37] User -> Warehouse Edit -> admin@pds| ABC
[2025-01-26 22:05:37] User -> Warehouse Edit -> admin@pds| ABC
[2025-01-26 22:05:37] User -> Warehouse Edit -> admin@pds| ABC
[2025-01-26 22:05:37] User -> Warehouse Edit -> admin@pds| ABC
[2025-01-26 22:05:37] User -> Warehouse Edit -> admin@pds| ABC
[2025-01-26 22:05:37] User -> Warehouse Edit -> admin@pds| ABC
[2025-01-26 22:05:37] User -> Warehouse Edit -> admin@pds| ABC
[2025-01-26 22:05:37] User -> Warehouse Edit -> admin@pds| ABC
[2025-01-26 22:05:37] User -> Warehouse Edit -> admin@pds| ABC
[2025-01-26 22:05:37] User -> Warehouse Edit -> admin@pds| ABC
[2025-01-26 22:05:37] User -> Warehouse Edit -> admin@pds| ABC
[2025-01-26 22:05:37] User -> Warehouse Edit -> admin@pds| ABC
[2025-01-26 22:05:37] User -> Warehouse Edit -> admin@pds| ABC
[2025-01-26 22:05:37] User -> Warehouse Edit -> admin@pds| ABC
[2025-01-26 22:05:37] User -> Warehouse Edit -> admin@pds| ABC
[2025-01-26 22:05:37] User -> Warehouse Edit -> admin@pds| ABC
[2025-01-26 22:05:37] User -> Warehouse Edit -> admin@pds| ABC
[2025-01-26 22:05:37] User -> Warehouse Edit -> admin@pds| ABC
[2025-01-26 22:05:37] User -> Warehouse Edit -> admin@pds| ABC
[2025-01-26 22:05:37] User -> Warehouse Edit -> admin@pds| ABC
[2025-01-26 22:05:37] User -> Warehouse Edit -> admin@pds| ABC
[2025-01-26 22:05:37] User -> Warehouse Edit -> admin@pds| ABC
[2025-01-26 22:05:37] User -> Warehouse Edit -> admin@pds| ABC
[2025-01-26 22:05:37] User -> Warehouse Edit -> admin@pds| ABC
[2025-01-26 22:05:37] User -> Warehouse Edit -> admin@pds| ABC
[2025-01-26 22:05:37] User -> Warehouse Edit -> admin@pds| ABC
[2025-01-26 22:05:37] User -> Warehouse Edit -> admin@pds| ABC
[2025-01-26 22:05:37] User -> Warehouse Edit -> admin@pds| ABC
[2025-01-26 22:05:37] User -> Warehouse Edit -> admin@pds| ABC
[2025-01-26 22:05:37] User -> Warehouse Edit -> admin@pds| ABC
[2025-01-26 22:05:37] User -> Warehouse Edit -> admin@pds| ABC
[2025-01-26 22:05:37] User -> Warehouse Edit -> admin@pds| ABC
[2025-01-26 22:05:37] User -> Warehouse Edit -> admin@pds| ABC
[2025-01-26 22:05:37] User -> Warehouse Edit -> admin@pds| ABC
[2025-01-26 22:05:37] User -> Warehouse Edit -> admin@pds| ABC
[2025-01-26 22:05:37] User -> Warehouse Edit -> admin@pds| ABC
[2025-01-26 22:05:37] User -> Warehouse Edit -> admin@pds| ABC
[2025-01-26 22:05:37] User -> Warehouse Edit -> admin@pds| ABC
[2025-01-26 22:05:37] User -> Warehouse Edit -> admin@pds| ABC
[2025-01-26 22:05:37] User -> Warehouse Edit -> admin@pds| ABC
[2025-01-26 22:05:37] User -> Warehouse Edit -> admin@pds| ABC
[2025-01-26 22:05:37] User -> Warehouse Edit -> admin@pds| ABC
[2025-01-26 22:05:37] User -> Warehouse Edit -> admin@pds| ABC
[2025-01-26 22:05:37] User -> Warehouse Edit -> admin@pds| ABC
[2025-01-26 22:05:37] User -> Warehouse Edit -> admin@pds| ABC
[2025-01-26 22:05:37] User -> Warehouse Edit -> admin@pds| ABC
[2025-01-26 22:05:37] User -> Warehouse Edit -> admin@pds| ABC
[2025-01-26 22:05:37] User -> Warehouse Edit -> admin@pds| ABC
[2025-01-26 22:05:37] User -> Warehouse Edit -> admin@pds| ABC
[2025-01-26 22:05:37] User -> Warehouse Edit -> admin@pds| ABC
[2025-01-26 22:05:37] User -> Warehouse Edit -> admin@pds| ABC
[2025-01-26 22:05:37] User -> Warehouse Edit -> admin@pds| ABC
[2025-01-26 22:05:37] User -> Warehouse Edit -> admin@pds| ABC
[2025-01-26 22:05:37] User -> Warehouse Edit -> admin@pds| ABC
[2025-01-26 22:05:37] User -> Warehouse Edit -> admin@pds| ABC
[2025-01-26 22:05:37] User -> Warehouse Edit -> admin@pds| ABC
[2025-01-26 22:05:37] User -> Warehouse Edit -> admin@pds| ABC
[2025-01-26 22:05:37] User -> Warehouse Edit -> admin@pds| ABC
[2025-01-26 22:05:37] User -> Warehouse Edit -> admin@pds| ABC
[2025-01-26 22:05:37] User -> Warehouse Edit -> admin@pds| ABC
[2025-01-26 22:05:37] User -> Warehouse Edit -> admin@pds| ABC
[2025-01-26 22:05:37] User -> Warehouse Edit -> admin@pds| ABC
[2025-01-26 22:05:37] User -> Warehouse Edit -> admin@pds| ABC
[2025-01-26 22:05:37] User -> Warehouse Edit -> admin@pds| ABC
[2025-01-26 22:05:37] User -> Warehouse Edit -> admin@pds| ABC
[2025-01-26 22:05:37] User -> Warehouse Edit -> admin@pds| ABC
[2025-01-26 22:05:37] User -> Warehouse Edit -> admin@pds| ABC
[2025-01-26 22:05:37] User -> Warehouse Edit -> admin@pds| ABC
[2025-01-26 22:05:37] User -> Warehouse Edit -> admin@pds| ABC
[2025-01-26 22:05:37] User -> Warehouse Edit -> admin@pds| ABC
[2025-01-26 22:05:37] User -> Warehouse Edit -> admin@pds| ABC
[2025-01-26 22:05:37] User -> Warehouse Edit -> admin@pds| ABC
[2025-01-26 22:05:37] User -> Warehouse Edit -> admin@pds| ABC
[2025-01-26 22:05:37] User -> Warehouse Edit -> admin@pds| ABC
[2025-01-26 22:05:37] User -> Warehouse Edit -> admin@pds| ABC
[2025-01-26 22:05:37] User -> Warehouse Edit -> admin@pds| ABC
[2025-01-26 22:05:37] User -> Warehouse Edit -> admin@pds| ABC
[2025-01-26 22:05:37] User -> Warehouse Edit -> admin@pds| ABC
[2025-01-26 22:05:37] User -> Warehouse Edit -> admin@pds| ABC
[2025-01-26 22:05:37] User -> Warehouse Edit -> admin@pds| ABC
[2025-01-26 22:05:37] User -> Warehouse Edit -> admin@pds| ABC
[2025-01-26 22:05:37] User -> Warehouse Edit -> admin@pds| ABC
[2025-01-26 22:05:37] User -> Warehouse Edit -> admin@pds| ABC
[2025-01-26 22:05:37] User -> Warehouse Edit -> admin@pds| ABC
[2025-01-26 22:05:37] User -> Warehouse Edit -> admin@pds| ABC
[2025-01-26 22:05:37] User -> Warehouse Edit -> admin@pds| ABC
[2025-01-26 22:05:37] User -> Warehouse Edit -> admin@pds| ABC
[2025-01-26 22:05:37] User -> Warehouse Edit -> admin@pds| ABC
[2025-01-26 22:05:37] User -> Warehouse Edit -> admin@pds| ABC
[2025-01-26 22:05:37] User -> Warehouse Edit -> admin@pds| XYZ
[2025-01-26 22:05:37] User -> Warehouse Edit -> admin@pds| XYZ
[2025-01-26 22:05:37] User -> Warehouse Edit -> admin@pds| XYZ
[2025-01-26 22:05:37] User -> Warehouse Edit -> admin@pds| XYZ
[2025-01-26 22:05:37] User -> Warehouse Edit -> admin@pds| XYZ
[2025-01-26 22:05:37] User -> Warehouse Edit -> admin@pds| XYZ
[2025-01-26 22:05:37] User -> Warehouse Edit -> admin@pds| XYZ
[2025-01-26 22:05:37] User -> Warehouse Edit -> admin@pds| XYZ
[2025-01-26 22:05:37] User -> Warehouse Edit -> admin@pds| XYZ
[2025-01-26 22:05:37] User -> Warehouse Edit -> admin@pds| XYZ
[2025-01-26 22:05:37] User -> Warehouse Edit -> admin@pds| XYZ
[2025-01-26 22:05:37] User -> Warehouse Edit -> admin@pds| XYZ
[2025-01-26 22:05:37] User -> Warehouse Edit -> admin@pds| XYZ
[2025-01-26 22:05:37] User -> Warehouse Edit -> admin@pds| XYZ
[2025-01-26 22:05:37] User -> Warehouse Edit -> admin@pds| XYZ
[2025-01-26 22:05:37] User -> Warehouse Edit -> admin@pds| XYZ
[2025-01-26 22:05:37] User -> Warehouse Edit -> admin@pds| XYZ
[2025-01-26 22:05:37] User -> Warehouse Edit -> admin@pds| XYZ
[2025-01-26 22:05:37] User -> Warehouse Edit -> admin@pds| XYZ
[2025-01-26 22:05:37] User -> Warehouse Edit -> admin@pds| Abc
[2025-01-26 22:05:37] User -> Warehouse Edit -> admin@pds| Abc
[2025-01-26 22:05:37] User -> Warehouse Edit -> admin@pds| ABC
[2025-01-26 22:05:37] User -> Warehouse Edit -> admin@pds| ABC
[2025-01-26 22:05:37] User -> Warehouse Edit -> admin@pds| ABC
[2025-01-26 22:05:37] User -> Warehouse Edit -> admin@pds| ABC
[2025-01-26 22:05:37] User -> Warehouse Edit -> admin@pds| ABC
[2025-01-26 22:05:37] User -> Warehouse Edit -> admin@pds| ABC
[2025-01-26 22:05:37] User -> Warehouse Edit -> admin@pds| ABC
[2025-01-26 22:05:37] User -> Warehouse Edit -> admin@pds| ABC
[2025-01-26 22:05:37] User -> Warehouse Edit -> admin@pds| ABC
[2025-01-26 22:05:37] User -> Warehouse Edit -> admin@pds| ABC
[2025-01-26 22:05:37] User -> Warehouse Edit -> admin@pds| ABC
[2025-01-26 22:05:37] User -> Warehouse Edit -> admin@pds| ABC
[2025-01-26 22:05:37] User -> Warehouse Edit -> admin@pds| XYZ
[2025-01-26 22:05:37] User -> Warehouse Edit -> admin@pds| XYZ
[2025-01-26 22:05:37] User -> Warehouse Edit -> admin@pds| XYZ
[2025-01-26 22:05:37] User -> Warehouse Edit -> admin@pds| Test Data
[2025-01-26 22:07:37] User -> Warehouse InActive -> admin@pds| Alappuzha
[2025-01-26 22:10:24] User -> Warehouse Active -> admin@pds| Alappuzha
[2025-01-26 22:10:47] User -> Warehouse deleted -> admin@pds| Requested JSON -> {"uid":"WH_67966403e7c1"} | Test Data
[2025-01-26 22:11:14] User -> Warehouse deleted -> admin@pds| Requested JSON -> {"uid":"all"} | 
[2025-01-26 22:12:56] User -> Warehouse Added -> admin@pds| ABC
[2025-01-26 22:12:56] User -> Warehouse Added -> admin@pds| ABC
[2025-01-26 22:12:56] User -> Warehouse Added -> admin@pds| ABC
[2025-01-26 22:12:56] User -> Warehouse Added -> admin@pds| ABC
[2025-01-26 22:12:57] User -> Warehouse Added -> admin@pds| ABC
[2025-01-26 22:12:57] User -> Warehouse Added -> admin@pds| ABC
[2025-01-26 22:12:57] User -> Warehouse Added -> admin@pds| ABC
[2025-01-26 22:12:57] User -> Warehouse Added -> admin@pds| ABC
[2025-01-26 22:12:57] User -> Warehouse Added -> admin@pds| ABC
[2025-01-26 22:12:57] User -> Warehouse Added -> admin@pds| ABC
[2025-01-26 22:12:57] User -> Warehouse Added -> admin@pds| ABC
[2025-01-26 22:12:57] User -> Warehouse Added -> admin@pds| ABC
[2025-01-26 22:12:57] User -> Warehouse Added -> admin@pds| ABC
[2025-01-26 22:12:57] User -> Warehouse Added -> admin@pds| ABC
[2025-01-26 22:12:57] User -> Warehouse Added -> admin@pds| ABC
[2025-01-26 22:12:57] User -> Warehouse Added -> admin@pds| ABC
[2025-01-26 22:12:57] User -> Warehouse Added -> admin@pds| ABC
[2025-01-26 22:12:58] User -> Warehouse Added -> admin@pds| ABC
[2025-01-26 22:12:58] User -> Warehouse Added -> admin@pds| ABC
[2025-01-26 22:12:58] User -> Warehouse Added -> admin@pds| ABC
[2025-01-26 22:12:58] User -> Warehouse Added -> admin@pds| ABC
[2025-01-26 22:12:58] User -> Warehouse Added -> admin@pds| ABC
[2025-01-26 22:12:58] User -> Warehouse Added -> admin@pds| ABC
[2025-01-26 22:12:58] User -> Warehouse Added -> admin@pds| ABC
[2025-01-26 22:12:58] User -> Warehouse Added -> admin@pds| ABC
[2025-01-26 22:12:58] User -> Warehouse Added -> admin@pds| ABC
[2025-01-26 22:12:59] User -> Warehouse Added -> admin@pds| ABC
[2025-01-26 22:12:59] User -> Warehouse Added -> admin@pds| ABC
[2025-01-26 22:12:59] User -> Warehouse Added -> admin@pds| ABC
[2025-01-26 22:12:59] User -> Warehouse Added -> admin@pds| ABC
[2025-01-26 22:12:59] User -> Warehouse Added -> admin@pds| ABC
[2025-01-26 22:12:59] User -> Warehouse Added -> admin@pds| ABC
[2025-01-26 22:12:59] User -> Warehouse Added -> admin@pds| ABC
[2025-01-26 22:12:59] User -> Warehouse Added -> admin@pds| ABC
[2025-01-26 22:12:59] User -> Warehouse Added -> admin@pds| ABC
[2025-01-26 22:12:59] User -> Warehouse Added -> admin@pds| ABC
[2025-01-26 22:12:59] User -> Warehouse Added -> admin@pds| ABC
[2025-01-26 22:13:00] User -> Warehouse Added -> admin@pds| ABC
[2025-01-26 22:13:00] User -> Warehouse Added -> admin@pds| ABC
[2025-01-26 22:13:00] User -> Warehouse Added -> admin@pds| ABC
[2025-01-26 22:13:00] User -> Warehouse Added -> admin@pds| ABC
[2025-01-26 22:13:00] User -> Warehouse Added -> admin@pds| ABC
[2025-01-26 22:13:00] User -> Warehouse Added -> admin@pds| ABC
[2025-01-26 22:13:00] User -> Warehouse Added -> admin@pds| ABC
[2025-01-26 22:13:00] User -> Warehouse Added -> admin@pds| ABC
[2025-01-26 22:13:00] User -> Warehouse Added -> admin@pds| ABC
[2025-01-26 22:13:01] User -> Warehouse Added -> admin@pds| ABC
[2025-01-26 22:13:01] User -> Warehouse Added -> admin@pds| ABC
[2025-01-26 22:13:01] User -> Warehouse Added -> admin@pds| ABC
[2025-01-26 22:13:01] User -> Warehouse Added -> admin@pds| ABC
[2025-01-26 22:13:01] User -> Warehouse Added -> admin@pds| ABC
[2025-01-26 22:13:01] User -> Warehouse Added -> admin@pds| ABC
[2025-01-26 22:13:01] User -> Warehouse Added -> admin@pds| ABC
[2025-01-26 22:13:01] User -> Warehouse Added -> admin@pds| ABC
[2025-01-26 22:13:01] User -> Warehouse Added -> admin@pds| ABC
[2025-01-26 22:13:01] User -> Warehouse Added -> admin@pds| ABC
[2025-01-26 22:13:01] User -> Warehouse Added -> admin@pds| ABC
[2025-01-26 22:13:01] User -> Warehouse Added -> admin@pds| ABC
[2025-01-26 22:13:01] User -> Warehouse Added -> admin@pds| ABC
[2025-01-26 22:13:01] User -> Warehouse Added -> admin@pds| ABC
[2025-01-26 22:13:01] User -> Warehouse Added -> admin@pds| ABC
[2025-01-26 22:13:01] User -> Warehouse Added -> admin@pds| ABC
[2025-01-26 22:13:01] User -> Warehouse Added -> admin@pds| ABC
[2025-01-26 22:13:01] User -> Warehouse Added -> admin@pds| ABC
[2025-01-26 22:13:01] User -> Warehouse Added -> admin@pds| ABC
[2025-01-26 22:13:02] User -> Warehouse Added -> admin@pds| ABC
[2025-01-26 22:13:02] User -> Warehouse Added -> admin@pds| ABC
[2025-01-26 22:13:02] User -> Warehouse Added -> admin@pds| ABC
[2025-01-26 22:13:02] User -> Warehouse Added -> admin@pds| ABC
[2025-01-26 22:13:02] User -> Warehouse Added -> admin@pds| ABC
[2025-01-26 22:13:02] User -> Warehouse Added -> admin@pds| ABC
[2025-01-26 22:13:02] User -> Warehouse Added -> admin@pds| ABC
[2025-01-26 22:13:02] User -> Warehouse Added -> admin@pds| ABC
[2025-01-26 22:13:02] User -> Warehouse Added -> admin@pds| ABC
[2025-01-26 22:13:02] User -> Warehouse Added -> admin@pds| ABC
[2025-01-26 22:13:02] User -> Warehouse Added -> admin@pds| ABC
[2025-01-26 22:13:02] User -> Warehouse Added -> admin@pds| ABC
[2025-01-26 22:13:02] User -> Warehouse Added -> admin@pds| ABC
[2025-01-26 22:13:02] User -> Warehouse Added -> admin@pds| ABC
[2025-01-26 22:13:02] User -> Warehouse Added -> admin@pds| ABC
[2025-01-26 22:13:02] User -> Warehouse Added -> admin@pds| ABC
[2025-01-26 22:13:02] User -> Warehouse Added -> admin@pds| ABC
[2025-01-26 22:13:02] User -> Warehouse Added -> admin@pds| ABC
[2025-01-26 22:13:02] User -> Warehouse Added -> admin@pds| ABC
[2025-01-26 22:13:02] User -> Warehouse Added -> admin@pds| ABC
[2025-01-26 22:13:02] User -> Warehouse Added -> admin@pds| ABC
[2025-01-26 22:13:02] User -> Warehouse Added -> admin@pds| ABC
[2025-01-26 22:13:02] User -> Warehouse Added -> admin@pds| ABC
[2025-01-26 22:13:02] User -> Warehouse Added -> admin@pds| ABC
[2025-01-26 22:13:02] User -> Warehouse Added -> admin@pds| ABC
[2025-01-26 22:13:03] User -> Warehouse Added -> admin@pds| ABC
[2025-01-26 22:13:03] User -> Warehouse Added -> admin@pds| ABC
[2025-01-26 22:13:03] User -> Warehouse Added -> admin@pds| ABC
[2025-01-26 22:13:03] User -> Warehouse Added -> admin@pds| ABC
[2025-01-26 22:13:03] User -> Warehouse Added -> admin@pds| ABC
[2025-01-26 22:13:03] User -> Warehouse Added -> admin@pds| ABC
[2025-01-26 22:13:03] User -> Warehouse Added -> admin@pds| ABC
[2025-01-26 22:13:03] User -> Warehouse Added -> admin@pds| ABC
[2025-01-26 22:13:03] User -> Warehouse Added -> admin@pds| ABC
[2025-01-26 22:13:03] User -> Warehouse Added -> admin@pds| ABC
[2025-01-26 22:13:03] User -> Warehouse Added -> admin@pds| ABC
[2025-01-26 22:13:03] User -> Warehouse Added -> admin@pds| ABC
[2025-01-26 22:13:03] User -> Warehouse Added -> admin@pds| ABC
[2025-01-26 22:13:03] User -> Warehouse Added -> admin@pds| ABC
[2025-01-26 22:13:03] User -> Warehouse Added -> admin@pds| ABC
[2025-01-26 22:13:03] User -> Warehouse Added -> admin@pds| ABC
[2025-01-26 22:13:03] User -> Warehouse Added -> admin@pds| ABC
[2025-01-26 22:13:03] User -> Warehouse Added -> admin@pds| ABC
[2025-01-26 22:13:03] User -> Warehouse Added -> admin@pds| ABC
[2025-01-26 22:13:03] User -> Warehouse Added -> admin@pds| ABC
[2025-01-26 22:13:03] User -> Warehouse Added -> admin@pds| ABC
[2025-01-26 22:13:04] User -> Warehouse Added -> admin@pds| ABC
[2025-01-26 22:13:04] User -> Warehouse Added -> admin@pds| ABC
[2025-01-26 22:13:04] User -> Warehouse Added -> admin@pds| ABC
[2025-01-26 22:13:04] User -> Warehouse Added -> admin@pds| ABC
[2025-01-26 22:13:04] User -> Warehouse Added -> admin@pds| ABC
[2025-01-26 22:13:04] User -> Warehouse Added -> admin@pds| ABC
[2025-01-26 22:13:04] User -> Warehouse Added -> admin@pds| ABC
[2025-01-26 22:13:04] User -> Warehouse Added -> admin@pds| ABC
[2025-01-26 22:13:04] User -> Warehouse Added -> admin@pds| ABC
[2025-01-26 22:13:04] User -> Warehouse Added -> admin@pds| ABC
[2025-01-26 22:13:04] User -> Warehouse Added -> admin@pds| ABC
[2025-01-26 22:13:04] User -> Warehouse Added -> admin@pds| ABC
[2025-01-26 22:13:04] User -> Warehouse Added -> admin@pds| ABC
[2025-01-26 22:13:04] User -> Warehouse Added -> admin@pds| ABC
[2025-01-26 22:13:04] User -> Warehouse Added -> admin@pds| ABC
[2025-01-26 22:13:05] User -> Warehouse Added -> admin@pds| ABC
[2025-01-26 22:13:05] User -> Warehouse Added -> admin@pds| ABC
[2025-01-26 22:13:05] User -> Warehouse Added -> admin@pds| ABC
[2025-01-26 22:13:05] User -> Warehouse Added -> admin@pds| ABC
[2025-01-26 22:13:05] User -> Warehouse Added -> admin@pds| ABC
[2025-01-26 22:13:05] User -> Warehouse Added -> admin@pds| ABC
[2025-01-26 22:13:05] User -> Warehouse Added -> admin@pds| ABC
[2025-01-26 22:13:05] User -> Warehouse Added -> admin@pds| ABC
[2025-01-26 22:13:05] User -> Warehouse Added -> admin@pds| ABC
[2025-01-26 22:13:05] User -> Warehouse Added -> admin@pds| ABC
[2025-01-26 22:13:05] User -> Warehouse Added -> admin@pds| ABC
[2025-01-26 22:13:05] User -> Warehouse Added -> admin@pds| ABC
[2025-01-26 22:13:06] User -> Warehouse Added -> admin@pds| ABC
[2025-01-26 22:13:06] User -> Warehouse Added -> admin@pds| ABC
[2025-01-26 22:13:06] User -> Warehouse Added -> admin@pds| ABC
[2025-01-26 22:13:06] User -> Warehouse Added -> admin@pds| ABC
[2025-01-26 22:13:06] User -> Warehouse Added -> admin@pds| ABC
[2025-01-26 22:13:06] User -> Warehouse Added -> admin@pds| ABC
[2025-01-26 22:13:06] User -> Warehouse Added -> admin@pds| ABC
[2025-01-26 22:13:06] User -> Warehouse Added -> admin@pds| ABC
[2025-01-26 22:13:06] User -> Warehouse Added -> admin@pds| ABC
[2025-01-26 22:13:06] User -> Warehouse Added -> admin@pds| ABC
[2025-01-26 22:13:06] User -> Warehouse Added -> admin@pds| ABC
[2025-01-26 22:13:06] User -> Warehouse Added -> admin@pds| ABC
[2025-01-26 22:13:06] User -> Warehouse Added -> admin@pds| ABC
[2025-01-26 22:13:06] User -> Warehouse Added -> admin@pds| ABC
[2025-01-26 22:13:06] User -> Warehouse Added -> admin@pds| ABC
[2025-01-26 22:13:06] User -> Warehouse Added -> admin@pds| ABC
[2025-01-26 22:13:06] User -> Warehouse Added -> admin@pds| ABC
[2025-01-26 22:13:06] User -> Warehouse Added -> admin@pds| ABC
[2025-01-26 22:13:07] User -> Warehouse Added -> admin@pds| ABC
[2025-01-26 22:13:07] User -> Warehouse Added -> admin@pds| ABC
[2025-01-26 22:13:07] User -> Warehouse Added -> admin@pds| ABC
[2025-01-26 22:13:07] User -> Warehouse Added -> admin@pds| ABC
[2025-01-26 22:13:07] User -> Warehouse Added -> admin@pds| ABC
[2025-01-26 22:13:07] User -> Warehouse Added -> admin@pds| ABC
[2025-01-26 22:13:07] User -> Warehouse Added -> admin@pds| XYZ
[2025-01-26 22:13:07] User -> Warehouse Added -> admin@pds| XYZ
[2025-01-26 22:13:07] User -> Warehouse Added -> admin@pds| XYZ
[2025-01-26 22:13:07] User -> Warehouse Added -> admin@pds| XYZ
[2025-01-26 22:13:07] User -> Warehouse Added -> admin@pds| XYZ
[2025-01-26 22:13:07] User -> Warehouse Added -> admin@pds| XYZ
[2025-01-26 22:13:07] User -> Warehouse Added -> admin@pds| XYZ
[2025-01-26 22:13:07] User -> Warehouse Added -> admin@pds| XYZ
[2025-01-26 22:13:07] User -> Warehouse Added -> admin@pds| XYZ
[2025-01-26 22:13:07] User -> Warehouse Added -> admin@pds| XYZ
[2025-01-26 22:13:07] User -> Warehouse Added -> admin@pds| XYZ
[2025-01-26 22:13:08] User -> Warehouse Added -> admin@pds| XYZ
[2025-01-26 22:13:08] User -> Warehouse Added -> admin@pds| XYZ
[2025-01-26 22:13:08] User -> Warehouse Added -> admin@pds| XYZ
[2025-01-26 22:13:08] User -> Warehouse Added -> admin@pds| XYZ
[2025-01-26 22:13:08] User -> Warehouse Added -> admin@pds| XYZ
[2025-01-26 22:13:08] User -> Warehouse Added -> admin@pds| XYZ
[2025-01-26 22:13:08] User -> Warehouse Added -> admin@pds| XYZ
[2025-01-26 22:13:08] User -> Warehouse Added -> admin@pds| XYZ
[2025-01-26 22:13:08] User -> Warehouse Added -> admin@pds| Abc
[2025-01-26 22:13:08] User -> Warehouse Added -> admin@pds| Abc
[2025-01-26 22:13:08] User -> Warehouse Added -> admin@pds| ABC
[2025-01-26 22:13:08] User -> Warehouse Added -> admin@pds| ABC
[2025-01-26 22:13:08] User -> Warehouse Added -> admin@pds| ABC
[2025-01-26 22:13:08] User -> Warehouse Added -> admin@pds| ABC
[2025-01-26 22:13:08] User -> Warehouse Added -> admin@pds| ABC
[2025-01-26 22:13:08] User -> Warehouse Added -> admin@pds| ABC
[2025-01-26 22:13:08] User -> Warehouse Added -> admin@pds| ABC
[2025-01-26 22:13:08] User -> Warehouse Added -> admin@pds| ABC
[2025-01-26 22:13:08] User -> Warehouse Added -> admin@pds| ABC
[2025-01-26 22:13:08] User -> Warehouse Added -> admin@pds| ABC
[2025-01-26 22:13:08] User -> Warehouse Added -> admin@pds| ABC
[2025-01-26 22:13:08] User -> Warehouse Added -> admin@pds| ABC
[2025-01-26 22:13:08] User -> Warehouse Added -> admin@pds| XYZ
[2025-01-26 22:13:09] User -> Warehouse Added -> admin@pds| XYZ
[2025-01-26 22:13:09] User -> Warehouse Added -> admin@pds| XYZ
[2025-01-26 22:14:28] User -> FPS added ->admin@pds| Requested JSON -> {"name":"Test Data","type":"Model FPS","latitude":"23.333","longitude":"78.888","district":"Alappuzha","id":"11A","demand":"100","demand_rice":"110","demand_frice":"120"}
[2025-01-26 22:14:45] User -> FPS InActive -> admin@pds| Test Data
[2025-01-26 22:14:49] User -> FPS Active -> admin@pds| Test Data
[2025-01-26 22:15:12] User -> FPS Edit->admin@pds| Requested JSON -> {"name":"Test Data","uniqueid":"FPS_6796666c1c4","active":"1","type":"Model FPS","latitude":"23.333","longitude":"78.888","district":"Alappuzha","id":"11A","demand":"100","demand_rice":"110","demand_frice":"130"}
[2025-01-26 22:15:40] User -> Model FPS InActive -> admin@pds| Alappuzha
[2025-01-26 22:15:53] User -> Model FPS Active -> admin@pds| Alappuzha
[2025-01-26 22:16:05] User -> Model FPS InActive -> admin@pds| 
[2025-01-26 22:16:16] User -> Model FPS Active -> admin@pds| 
[2025-01-26 22:17:00] User -> FPS Edit -> admin@pds| JINSAMMA JAMES
[2025-01-26 22:17:00] User -> FPS Edit -> admin@pds| Xavior
[2025-01-26 22:17:00] User -> FPS Edit -> admin@pds| SALIMMA SEBASTIAN
[2025-01-26 22:17:00] User -> FPS Edit -> admin@pds| GEORGEKUTTY JOSEPH
[2025-01-26 22:17:00] User -> FPS Edit -> admin@pds| SHAJIMON
[2025-01-26 22:17:00] User -> FPS Edit -> admin@pds| Thresya Lilly
[2025-01-26 22:17:00] User -> FPS Edit -> admin@pds| K P Guild
[2025-01-26 22:17:00] User -> FPS Edit -> admin@pds| Jose Manayath Xavier
[2025-01-26 22:17:00] User -> FPS Edit -> admin@pds| Dominic Gomez
[2025-01-26 22:17:00] User -> FPS Edit -> admin@pds| K. P. Guild
[2025-01-26 22:17:00] User -> FPS Edit -> admin@pds| Test Data
[2025-01-26 22:17:18] User -> FPS deleted -> admin@pds| Requested JSON -> {"uid":"all"} | 
[2025-01-26 22:17:50] User -> FPS Added -> admin@pds| JINSAMMA JAMES
[2025-01-26 22:17:51] User -> FPS Added -> admin@pds| Xavior
[2025-01-26 22:17:51] User -> FPS Added -> admin@pds| SALIMMA SEBASTIAN
[2025-01-26 22:17:51] User -> FPS Added -> admin@pds| GEORGEKUTTY JOSEPH
[2025-01-26 22:17:51] User -> FPS Added -> admin@pds| SHAJIMON
[2025-01-26 22:17:51] User -> FPS Added -> admin@pds| Thresya Lilly
[2025-01-26 22:17:51] User -> FPS Added -> admin@pds| K P Guild
[2025-01-26 22:17:51] User -> FPS Added -> admin@pds| Jose Manayath Xavier
[2025-01-26 22:17:51] User -> FPS Added -> admin@pds| Dominic Gomez
[2025-01-26 22:17:51] User -> FPS Added -> admin@pds| K. P. Guild
[2025-01-26 22:17:51] User -> FPS Added -> admin@pds| Test Data
[2025-01-26 22:18:15] User -> Send  Message ->admin@pds| Requested JSON -> {"message":"Optimization done","uniqueid":"66c9832d06705"} | 
[2025-01-26 22:43:51] User -> FPS deleted -> admin@pds| Requested JSON -> {"uid":"all"} | 
[2025-01-26 22:44:23] User -> FPS Added -> admin@pds| JINSAMMA JAMES
[2025-01-26 22:44:24] User -> FPS Added -> admin@pds| Xavior
[2025-01-26 22:44:25] User -> FPS Added -> admin@pds| SALIMMA SEBASTIAN
[2025-01-26 22:44:25] User -> FPS Added -> admin@pds| GEORGEKUTTY JOSEPH
[2025-01-26 22:44:25] User -> FPS Added -> admin@pds| SHAJIMON
[2025-01-26 22:44:25] User -> FPS Added -> admin@pds| Thresya Lilly
[2025-01-26 22:44:25] User -> FPS Added -> admin@pds| K P Guild
[2025-01-26 22:44:25] User -> FPS Added -> admin@pds| Jose Manayath Xavier
[2025-01-26 22:44:25] User -> FPS Added -> admin@pds| Dominic Gomez
[2025-01-26 22:44:25] User -> FPS Added -> admin@pds| K. P. Guild
[2025-01-26 22:49:57] User -> Save Data | approve admin change yes ->admin@pds| 701802A - 1734001
[2025-01-26 22:50:29] User -> Save Data | approve admin change no ->admin@pds| 701802A - 1734005
[2025-01-26 22:55:17] User -> Save Data | approve admin change yes ->admin@pds| 701802A - 1734001
[2025-01-26 22:55:17] User -> Save Data | approve admin change yes ->admin@pds| 701802A - 1734001
[2025-01-26 22:55:42] User -> Save Data | approve admin change no ->admin@pds| 701802A - 1734005
[2025-01-26 23:01:28] User -> Save Data | approve admin change yes ->admin@pds| 505801 - 1419002
[2025-01-26 23:01:28] User -> Save Data | approve admin change yes ->admin@pds| 505801 - 1419002
[2025-01-26 23:01:52] User -> Save Data | approve admin change no ->admin@pds| 30401 - 1419004
[2025-01-26 23:04:48] User -> Save Data | approve admin change yes ->admin@pds| 30401 - 1419006
[2025-01-26 23:04:48] User -> Save Data | approve admin change yes ->admin@pds| 30401 - 1419008
[2025-01-26 23:04:48] User -> Save Data | approve admin change yes ->admin@pds| 30401 - 1419010
[2025-01-26 23:04:49] User -> Save Data | approve admin change yes ->admin@pds| 30401 - 1419006
[2025-01-26 23:04:49] User -> Save Data | approve admin change yes ->admin@pds| 30401 - 1419008
[2025-01-26 23:04:49] User -> Save Data | approve admin change yes ->admin@pds| 30401 - 1419010
[2025-01-26 23:04:49] User -> Save Data | approve admin change yes ->admin@pds| 30401 - 1419006
[2025-01-26 23:04:49] User -> Save Data | approve admin change yes ->admin@pds| 30401 - 1419008
[2025-01-26 23:04:49] User -> Save Data | approve admin change yes ->admin@pds| 30401 - 1419010
[2025-01-26 23:08:19] User -> Save Data | approve admin change yes ->admin@pds| SC14002 - 701802A
[2025-01-26 23:08:19] User -> Save Data | approve admin change yes ->admin@pds| SC14002 - 702802
[2025-01-26 23:08:19] User -> Save Data | approve admin change yes ->admin@pds| SC14002 - 702802
[2025-01-26 23:08:19] User -> Save Data | approve admin change yes ->admin@pds| SC15003 - 505801
