[2025-01-29 00:02:25] User -> Save Data | approve admin change yes ->admin@pds| 701802A - 1734001 - Wheat.bool
[2025-01-29 00:02:25] User -> Save Data | approve admin change yes ->admin@pds| 702802 - 1734006 - Wheat.bool
[2025-01-29 00:02:25] User -> Save Data | approve admin change yes ->admin@pds| 701802A - 1734001 - Rice.bool
[2025-01-29 00:02:25] User -> Save Data | approve admin change yes ->admin@pds| 702802 - 1734006 - Rice.bool
[2025-01-29 00:02:25] User -> Save Data | approve admin change yes ->admin@pds| 701802A - 1734001 - FRice.bool
[2025-01-29 00:02:25] User -> Save Data | approve admin change yes ->admin@pds| 702802 - 1734006 - FRice.bool
[2025-01-29 00:02:50] User -> Save Data | approve admin change yes ->admin@pds| 701802A - 1734001 - Wheat.bool
[2025-01-29 00:02:50] User -> Save Data | approve admin change yes ->admin@pds| 702802 - 1734006 - Wheat.bool
[2025-01-29 00:02:50] User -> Save Data | approve admin change yes ->admin@pds| 701802A - 1734001 - Rice.bool
[2025-01-29 00:02:50] User -> Save Data | approve admin change yes ->admin@pds| 702802 - 1734006 - Rice.bool
[2025-01-29 00:02:50] User -> Save Data | approve admin change yes ->admin@pds| 701802A - 1734001 - FRice.bool
[2025-01-29 00:02:50] User -> Save Data | approve admin change yes ->admin@pds| 702802 - 1734006 - FRice.bool
[2025-01-29 00:03:02] User -> Save Data | approve admin change yes ->admin@pds| 701802A - 1734001 - Wheat.bool
[2025-01-29 00:03:02] User -> Save Data | approve admin change yes ->admin@pds| 702802 - 1734006 - Wheat.bool
[2025-01-29 00:03:02] User -> Save Data | approve admin change yes ->admin@pds| 701802A - 1734001 - Rice.bool
[2025-01-29 00:03:02] User -> Save Data | approve admin change yes ->admin@pds| 702802 - 1734006 - Rice.bool
[2025-01-29 00:03:02] User -> Save Data | approve admin change yes ->admin@pds| 701802A - 1734001 - FRice.bool
[2025-01-29 00:03:02] User -> Save Data | approve admin change yes ->admin@pds| 702802 - 1734006 - FRice.bool
[2025-01-29 00:03:55] User -> Save Data | approve admin change yes ->admin@pds| 701802A - 1734001 - Wheat.bool
[2025-01-29 00:03:55] User -> Save Data | approve admin change yes ->admin@pds| 702802 - 1734006 - Wheat.bool
[2025-01-29 00:03:55] User -> Save Data | approve admin change yes ->admin@pds| 701802A - 1734001 - Rice.bool
[2025-01-29 00:03:55] User -> Save Data | approve admin change yes ->admin@pds| 702802 - 1734006 - Rice.bool
[2025-01-29 00:03:55] User -> Save Data | approve admin change yes ->admin@pds| 701802A - 1734001 - FRice.bool
[2025-01-29 00:03:55] User -> Save Data | approve admin change yes ->admin@pds| 702802 - 1734006 - FRice.bool
[2025-01-29 00:04:09] User -> Save Data | approve admin change yes ->admin@pds| 701802A - 1734001 - Wheat.bool
[2025-01-29 00:04:09] User -> Save Data | approve admin change yes ->admin@pds| 702802 - 1734006 - Wheat.bool
[2025-01-29 00:04:09] User -> Save Data | approve admin change yes ->admin@pds| 701802A - 1734001 - Rice.bool
[2025-01-29 00:04:09] User -> Save Data | approve admin change yes ->admin@pds| 702802 - 1734006 - Rice.bool
[2025-01-29 00:04:09] User -> Save Data | approve admin change yes ->admin@pds| 701802A - 1734001 - FRice.bool
[2025-01-29 00:04:09] User -> Save Data | approve admin change yes ->admin@pds| 702802 - 1734006 - FRice.bool
[2025-01-29 00:19:15] User -> Save Data | approve admin change yes ->admin@pds| 701802A - 1734001 - Wheat
[2025-01-29 00:19:15] User -> Save Data | approve admin change yes ->admin@pds| 702802 - 1734006 - Wheat
[2025-01-29 00:19:15] User -> Save Data | approve admin change yes ->admin@pds| 701802A - 1734001 - Rice
[2025-01-29 00:19:15] User -> Save Data | approve admin change yes ->admin@pds| 702802 - 1734006 - Rice
[2025-01-29 00:19:15] User -> Save Data | approve admin change yes ->admin@pds| 701802A - 1734001 - FRice
[2025-01-29 00:19:15] User -> Save Data | approve admin change yes ->admin@pds| 702802 - 1734006 - FRice
[2025-01-29 00:23:10] User -> Save Data | approve admin change yes ->admin@pds| SC14002 - 701802A
[2025-01-29 00:23:10] User -> Save Data | approve admin change yes ->admin@pds| SC14002 - 701802A
[2025-01-29 00:23:10] User -> Save Data | approve admin change yes ->admin@pds| SC14002 - 702802
[2025-01-29 00:24:12] User -> Save Data | approve admin change yes ->admin@pds| SC15001 - 30401
[2025-01-29 00:24:12] User -> Save Data | approve admin change yes ->admin@pds| SC15001 - 30401
[2025-01-29 00:25:21] User -> Save Data | approve admin change yes ->admin@pds| SC15003 - 505801
[2025-01-29 00:32:55] Admin User -> Save Data | implemented ->admin@pds| SC14002 - 701802A
[2025-01-29 00:32:55] Admin User -> Save Data | implemented ->admin@pds| SC14002 - 701802A
[2025-01-29 00:32:55] Admin User -> Save Data | implemented ->admin@pds| SC14002 - 702802
[2025-01-29 00:37:00] User -> Save Data | approve admin change yes ->admin@pds| SC15001 - 30401
[2025-01-29 00:38:31] User -> Save Data | approve admin change yes ->admin@pds| SC14002 - 702802
[2025-01-29 00:38:31] User -> Save Data | approve admin change yes ->admin@pds| SC14002 - 701802A
[2025-01-29 00:38:31] User -> Save Data | approve admin change yes ->admin@pds| SC14002 - 701802A
[2025-01-29 10:57:33] User -> Save Data | approve admin change yes ->admin@pds| SC14002 - 701802A
[2025-01-29 10:57:33] User -> Save Data | approve admin change yes ->admin@pds| SC14002 - 702802
[2025-01-29 11:00:59] User -> Save Data | approve admin change yes ->admin@pds| SC15003 - 505801
[2025-01-29 11:01:07] User -> Save Data | approve admin change yes ->admin@pds| SC15001 - 30401
[2025-01-29 11:01:27] User -> Save Data | approve admin change yes ->admin@pds| SC15001 - 30401
[2025-01-29 11:02:32] User -> Save Data | approve admin change yes ->admin@pds| SC15001 - 30401
[2025-01-29 11:09:09] User -> Save Data | approve admin change yes ->admin@pds| SC15001 - 30401
[2025-01-29 11:09:19] User -> Save Data | approve admin change yes ->admin@pds| SC15001 - 30401
[2025-01-29 11:25:48] User -> Cost for leg2 Added ->admin@pds| Requested JSON -> {"cost_R7ym6nTNse84du":"100"} | 
[2025-01-29 13:10:57] User -> Save Data | approve admin change yes ->admin@pds| 701802A - 1734001 - Wheat
[2025-01-29 13:10:57] User -> Save Data | approve admin change yes ->admin@pds| 701802A - 1734008 - Wheat
[2025-01-29 13:10:57] User -> Save Data | approve admin change yes ->admin@pds| 702802 - 1734006 - Rice
[2025-01-29 13:15:21] User -> Save Data | approve admin change yes ->admin@pds| 701802A - 1734001 - Rice
[2025-01-29 13:15:22] User -> Save Data | approve admin change yes ->admin@pds| 701802A - 1734005 - Rice
[2025-01-29 13:15:39] {"id":"R7ym6nTNse84du"}
[2025-01-29 13:15:39] User -> Cost for leg2 Reset ->admin@pds| Requested JSON -> {"id":"R7ym6nTNse84du"} | 
[2025-01-29 13:15:43] User -> Cost for leg2 Added ->admin@pds| Requested JSON -> {"cost_R7ym6nTNse84du":"2000"} | 
[2025-01-29 13:15:50] {"id":"R7ym6nTNse84du"}
[2025-01-29 13:15:50] User -> Cost for leg2 Reset ->admin@pds| Requested JSON -> {"id":"R7ym6nTNse84du"} | 
[2025-01-29 13:15:54] User -> Cost for leg1 Reset ->admin@pds| Requested JSON -> {"id":"smQRUy6C2AastJ"} | 
[2025-01-29 13:15:58] User -> Cost for leg1 Added ->admin@pds| Requested JSON -> {"cost_KbvGPd46cPu8xu":"","cost_smQRUy6C2AastJ":"188"} | 
[2025-01-29 13:20:40] User -> Save Data | approve admin change yes ->admin@pds| 701802A - 1734005 - Wheat
[2025-01-29 13:20:41] User -> Save Data | approve admin change yes ->admin@pds| 702802 - 1734006 - Wheat
[2025-01-29 13:20:41] User -> Save Data | approve admin change yes ->admin@pds| 701802A - 1734002 - Rice
[2025-01-29 13:20:41] User -> Save Data | approve admin change yes ->admin@pds| 701802A - 1734008 - Rice
[2025-01-29 13:20:41] User -> Save Data | approve admin change yes ->admin@pds| 701802A - 1734001 - FRice
[2025-01-29 13:20:41] User -> Save Data | approve admin change yes ->admin@pds| 701802A - 1734002 - FRice
[2025-01-29 13:20:41] User -> Save Data | approve admin change yes ->admin@pds| 701802A - 1734005 - FRice
[2025-01-29 13:20:41] User -> Save Data | approve admin change yes ->admin@pds| 701802A - 1734008 - FRice
[2025-01-29 13:20:41] User -> Save Data | approve admin change yes ->admin@pds| 702802 - 1734006 - FRice
[2025-01-29 13:22:41] User -> Save Data | approve admin change yes ->admin@pds| SC14002 - 701802A
[2025-01-29 13:22:56] User -> Save Data | approve admin change yes ->admin@pds| SC14002 - 702802
[2025-01-29 13:23:28] User -> Save Data | approve district change id ->admin@pds| SC14002 - 701802A| 203803
[2025-01-29 13:23:50] User -> Save Data | approve admin change yes ->admin@pds| SC14002 - 701802A
[2025-01-29 13:23:50] User -> Save Data | approve admin change yes ->admin@pds| SC14002 - 702802
[2025-01-29 13:25:18] User -> Save Data | approve admin change yes ->admin@pds| SC14002 - 701802A
[2025-01-29 13:25:18] User -> Save Data | approve admin change yes ->admin@pds| SC15003 - 505801
[2025-01-29 13:25:18] User -> Save Data | approve admin change yes ->admin@pds| SC14002 - 702802
[2025-01-29 13:25:55] User -> Save Data | approve district change id ->admin@pds| SC14002 - 701802A| 101903
[2025-01-29 13:26:07] User -> Save Data | approve admin change yes ->admin@pds| SC14002 - 702802
[2025-01-29 13:26:07] User -> Save Data | approve admin change yes ->admin@pds| SC14002 - 701802A
[2025-01-29 13:26:08] User -> Save Data | approve admin change yes ->admin@pds| SC14002 - 702802
[2025-01-29 13:26:37] User -> Save Data | approve admin change yes ->admin@pds| SC15003 - 505801
[2025-01-29 13:26:37] User -> Save Data | approve admin change yes ->admin@pds| SC15003 - 505801
[2025-01-29 13:26:37] User -> Save Data | approve admin change yes ->admin@pds| SC15001 - 30401
[2025-01-29 13:26:37] User -> Save Data | approve admin change yes ->admin@pds| SC15001 - 30401
[2025-01-29 13:26:37] User -> Save Data | approve admin change yes ->admin@pds| SC15001 - 30401
[2025-01-29 19:06:57] User -> Warehouse deleted -> admin@pds| Requested JSON -> {"uid":"all"} | 
[2025-01-29 19:07:49] User -> Warehouse Added -> admin@pds| ABC
[2025-01-29 19:07:51] User -> Warehouse Added -> admin@pds| ABC
[2025-01-29 19:07:53] User -> Warehouse Added -> admin@pds| ABC
[2025-01-29 19:07:53] User -> Warehouse Added -> admin@pds| ABC
[2025-01-29 19:07:53] User -> Warehouse Added -> admin@pds| ABC
[2025-01-29 19:07:53] User -> Warehouse Added -> admin@pds| ABC
[2025-01-29 19:07:54] User -> Warehouse Added -> admin@pds| ABC
[2025-01-29 19:07:54] User -> Warehouse Added -> admin@pds| ABC
[2025-01-29 19:07:54] User -> Warehouse Added -> admin@pds| ABC
[2025-01-29 19:07:54] User -> Warehouse Added -> admin@pds| ABC
[2025-01-29 19:07:54] User -> Warehouse Added -> admin@pds| ABC
[2025-01-29 19:07:54] User -> Warehouse Added -> admin@pds| ABC
[2025-01-29 19:07:54] User -> Warehouse Added -> admin@pds| ABC
[2025-01-29 19:07:54] User -> Warehouse Added -> admin@pds| ABC
[2025-01-29 19:07:54] User -> Warehouse Added -> admin@pds| ABC
[2025-01-29 19:07:54] User -> Warehouse Added -> admin@pds| ABC
[2025-01-29 19:07:54] User -> Warehouse Added -> admin@pds| ABC
[2025-01-29 19:07:54] User -> Warehouse Added -> admin@pds| ABC
[2025-01-29 19:07:54] User -> Warehouse Added -> admin@pds| ABC
[2025-01-29 19:07:54] User -> Warehouse Added -> admin@pds| ABC
[2025-01-29 19:07:54] User -> Warehouse Added -> admin@pds| ABC
[2025-01-29 19:07:54] User -> Warehouse Added -> admin@pds| ABC
[2025-01-29 19:07:54] User -> Warehouse Added -> admin@pds| ABC
[2025-01-29 19:07:54] User -> Warehouse Added -> admin@pds| ABC
[2025-01-29 19:07:55] User -> Warehouse Added -> admin@pds| ABC
[2025-01-29 19:07:55] User -> Warehouse Added -> admin@pds| ABC
[2025-01-29 19:07:55] User -> Warehouse Added -> admin@pds| ABC
[2025-01-29 19:07:55] User -> Warehouse Added -> admin@pds| ABC
[2025-01-29 19:07:55] User -> Warehouse Added -> admin@pds| ABC
[2025-01-29 19:07:55] User -> Warehouse Added -> admin@pds| ABC
[2025-01-29 19:07:55] User -> Warehouse Added -> admin@pds| ABC
[2025-01-29 19:07:55] User -> Warehouse Added -> admin@pds| ABC
[2025-01-29 19:07:55] User -> Warehouse Added -> admin@pds| ABC
[2025-01-29 19:07:55] User -> Warehouse Added -> admin@pds| ABC
[2025-01-29 19:07:55] User -> Warehouse Added -> admin@pds| ABC
[2025-01-29 19:07:55] User -> Warehouse Added -> admin@pds| ABC
[2025-01-29 19:07:55] User -> Warehouse Added -> admin@pds| ABC
[2025-01-29 19:07:55] User -> Warehouse Added -> admin@pds| ABC
[2025-01-29 19:07:55] User -> Warehouse Added -> admin@pds| ABC
[2025-01-29 19:07:55] User -> Warehouse Added -> admin@pds| ABC
[2025-01-29 19:07:55] User -> Warehouse Added -> admin@pds| ABC
[2025-01-29 19:07:55] User -> Warehouse Added -> admin@pds| ABC
[2025-01-29 19:07:55] User -> Warehouse Added -> admin@pds| ABC
[2025-01-29 19:07:55] User -> Warehouse Added -> admin@pds| ABC
[2025-01-29 19:07:55] User -> Warehouse Added -> admin@pds| ABC
[2025-01-29 19:07:55] User -> Warehouse Added -> admin@pds| ABC
[2025-01-29 19:07:56] User -> Warehouse Added -> admin@pds| ABC
[2025-01-29 19:07:56] User -> Warehouse Added -> admin@pds| ABC
[2025-01-29 19:07:56] User -> Warehouse Added -> admin@pds| ABC
[2025-01-29 19:07:56] User -> Warehouse Added -> admin@pds| ABC
[2025-01-29 19:07:56] User -> Warehouse Added -> admin@pds| ABC
[2025-01-29 19:07:56] User -> Warehouse Added -> admin@pds| ABC
[2025-01-29 19:07:56] User -> Warehouse Added -> admin@pds| ABC
[2025-01-29 19:07:56] User -> Warehouse Added -> admin@pds| ABC
[2025-01-29 19:07:56] User -> Warehouse Added -> admin@pds| ABC
[2025-01-29 19:07:56] User -> Warehouse Added -> admin@pds| ABC
[2025-01-29 19:07:56] User -> Warehouse Added -> admin@pds| ABC
[2025-01-29 19:07:56] User -> Warehouse Added -> admin@pds| ABC
[2025-01-29 19:07:56] User -> Warehouse Added -> admin@pds| ABC
[2025-01-29 19:07:56] User -> Warehouse Added -> admin@pds| ABC
[2025-01-29 19:07:56] User -> Warehouse Added -> admin@pds| ABC
[2025-01-29 19:07:56] User -> Warehouse Added -> admin@pds| ABC
[2025-01-29 19:07:56] User -> Warehouse Added -> admin@pds| ABC
[2025-01-29 19:07:56] User -> Warehouse Added -> admin@pds| ABC
[2025-01-29 19:07:56] User -> Warehouse Added -> admin@pds| ABC
[2025-01-29 19:07:56] User -> Warehouse Added -> admin@pds| ABC
[2025-01-29 19:07:56] User -> Warehouse Added -> admin@pds| ABC
[2025-01-29 19:07:57] User -> Warehouse Added -> admin@pds| ABC
[2025-01-29 19:07:57] User -> Warehouse Added -> admin@pds| ABC
[2025-01-29 19:07:57] User -> Warehouse Added -> admin@pds| ABC
[2025-01-29 19:07:57] User -> Warehouse Added -> admin@pds| ABC
[2025-01-29 19:07:57] User -> Warehouse Added -> admin@pds| ABC
[2025-01-29 19:07:57] User -> Warehouse Added -> admin@pds| ABC
[2025-01-29 19:07:57] User -> Warehouse Added -> admin@pds| ABC
[2025-01-29 19:07:57] User -> Warehouse Added -> admin@pds| ABC
[2025-01-29 19:07:57] User -> Warehouse Added -> admin@pds| ABC
[2025-01-29 19:07:57] User -> Warehouse Added -> admin@pds| ABC
[2025-01-29 19:07:57] User -> Warehouse Added -> admin@pds| ABC
[2025-01-29 19:07:57] User -> Warehouse Added -> admin@pds| ABC
[2025-01-29 19:07:57] User -> Warehouse Added -> admin@pds| ABC
[2025-01-29 19:07:57] User -> Warehouse Added -> admin@pds| ABC
[2025-01-29 19:07:57] User -> Warehouse Added -> admin@pds| ABC
[2025-01-29 19:07:57] User -> Warehouse Added -> admin@pds| ABC
[2025-01-29 19:07:57] User -> Warehouse Added -> admin@pds| ABC
[2025-01-29 19:07:58] User -> Warehouse Added -> admin@pds| ABC
[2025-01-29 19:07:58] User -> Warehouse Added -> admin@pds| ABC
[2025-01-29 19:07:58] User -> Warehouse Added -> admin@pds| ABC
[2025-01-29 19:07:58] User -> Warehouse Added -> admin@pds| ABC
[2025-01-29 19:07:58] User -> Warehouse Added -> admin@pds| ABC
[2025-01-29 19:07:58] User -> Warehouse Added -> admin@pds| ABC
[2025-01-29 19:07:58] User -> Warehouse Added -> admin@pds| ABC
[2025-01-29 19:07:58] User -> Warehouse Added -> admin@pds| ABC
[2025-01-29 19:07:58] User -> Warehouse Added -> admin@pds| ABC
[2025-01-29 19:07:58] User -> Warehouse Added -> admin@pds| ABC
[2025-01-29 19:07:58] User -> Warehouse Added -> admin@pds| ABC
[2025-01-29 19:07:58] User -> Warehouse Added -> admin@pds| ABC
[2025-01-29 19:07:58] User -> Warehouse Added -> admin@pds| ABC
[2025-01-29 19:07:58] User -> Warehouse Added -> admin@pds| ABC
[2025-01-29 19:07:58] User -> Warehouse Added -> admin@pds| ABC
[2025-01-29 19:07:58] User -> Warehouse Added -> admin@pds| ABC
[2025-01-29 19:07:58] User -> Warehouse Added -> admin@pds| ABC
[2025-01-29 19:07:58] User -> Warehouse Added -> admin@pds| ABC
[2025-01-29 19:07:58] User -> Warehouse Added -> admin@pds| ABC
[2025-01-29 19:07:58] User -> Warehouse Added -> admin@pds| ABC
[2025-01-29 19:07:59] User -> Warehouse Added -> admin@pds| ABC
[2025-01-29 19:07:59] User -> Warehouse Added -> admin@pds| ABC
[2025-01-29 19:07:59] User -> Warehouse Added -> admin@pds| ABC
[2025-01-29 19:07:59] User -> Warehouse Added -> admin@pds| ABC
[2025-01-29 19:07:59] User -> Warehouse Added -> admin@pds| ABC
[2025-01-29 19:07:59] User -> Warehouse Added -> admin@pds| ABC
[2025-01-29 19:07:59] User -> Warehouse Added -> admin@pds| ABC
[2025-01-29 19:07:59] User -> Warehouse Added -> admin@pds| ABC
[2025-01-29 19:07:59] User -> Warehouse Added -> admin@pds| ABC
[2025-01-29 19:07:59] User -> Warehouse Added -> admin@pds| ABC
[2025-01-29 19:07:59] User -> Warehouse Added -> admin@pds| ABC
[2025-01-29 19:07:59] User -> Warehouse Added -> admin@pds| ABC
[2025-01-29 19:07:59] User -> Warehouse Added -> admin@pds| ABC
[2025-01-29 19:07:59] User -> Warehouse Added -> admin@pds| ABC
[2025-01-29 19:07:59] User -> Warehouse Added -> admin@pds| ABC
[2025-01-29 19:07:59] User -> Warehouse Added -> admin@pds| ABC
[2025-01-29 19:07:59] User -> Warehouse Added -> admin@pds| ABC
[2025-01-29 19:07:59] User -> Warehouse Added -> admin@pds| ABC
[2025-01-29 19:07:59] User -> Warehouse Added -> admin@pds| ABC
[2025-01-29 19:07:59] User -> Warehouse Added -> admin@pds| ABC
[2025-01-29 19:08:00] User -> Warehouse Added -> admin@pds| ABC
[2025-01-29 19:08:00] User -> Warehouse Added -> admin@pds| ABC
[2025-01-29 19:08:00] User -> Warehouse Added -> admin@pds| ABC
[2025-01-29 19:08:00] User -> Warehouse Added -> admin@pds| ABC
[2025-01-29 19:08:00] User -> Warehouse Added -> admin@pds| ABC
[2025-01-29 19:08:00] User -> Warehouse Added -> admin@pds| ABC
[2025-01-29 19:08:00] User -> Warehouse Added -> admin@pds| ABC
[2025-01-29 19:08:00] User -> Warehouse Added -> admin@pds| ABC
[2025-01-29 19:08:00] User -> Warehouse Added -> admin@pds| ABC
[2025-01-29 19:08:00] User -> Warehouse Added -> admin@pds| ABC
[2025-01-29 19:08:00] User -> Warehouse Added -> admin@pds| ABC
[2025-01-29 19:08:00] User -> Warehouse Added -> admin@pds| ABC
[2025-01-29 19:08:00] User -> Warehouse Added -> admin@pds| ABC
[2025-01-29 19:08:00] User -> Warehouse Added -> admin@pds| ABC
[2025-01-29 19:08:00] User -> Warehouse Added -> admin@pds| ABC
[2025-01-29 19:08:01] User -> Warehouse Added -> admin@pds| ABC
[2025-01-29 19:08:01] User -> Warehouse Added -> admin@pds| ABC
[2025-01-29 19:08:01] User -> Warehouse Added -> admin@pds| ABC
[2025-01-29 19:08:01] User -> Warehouse Added -> admin@pds| ABC
[2025-01-29 19:08:01] User -> Warehouse Added -> admin@pds| ABC
[2025-01-29 19:08:01] User -> Warehouse Added -> admin@pds| ABC
[2025-01-29 19:08:01] User -> Warehouse Added -> admin@pds| ABC
[2025-01-29 19:08:01] User -> Warehouse Added -> admin@pds| ABC
[2025-01-29 19:08:01] User -> Warehouse Added -> admin@pds| ABC
[2025-01-29 19:08:01] User -> Warehouse Added -> admin@pds| ABC
[2025-01-29 19:08:01] User -> Warehouse Added -> admin@pds| ABC
[2025-01-29 19:08:01] User -> Warehouse Added -> admin@pds| ABC
[2025-01-29 19:08:01] User -> Warehouse Added -> admin@pds| ABC
[2025-01-29 19:08:01] User -> Warehouse Added -> admin@pds| ABC
[2025-01-29 19:08:01] User -> Warehouse Added -> admin@pds| ABC
[2025-01-29 19:08:01] User -> Warehouse Added -> admin@pds| ABC
[2025-01-29 19:08:01] User -> Warehouse Added -> admin@pds| ABC
[2025-01-29 19:08:02] User -> Warehouse Added -> admin@pds| ABC
[2025-01-29 19:08:02] User -> Warehouse Added -> admin@pds| ABC
[2025-01-29 19:08:02] User -> Warehouse Added -> admin@pds| ABC
[2025-01-29 19:08:02] User -> Warehouse Added -> admin@pds| XYZ
[2025-01-29 19:08:02] User -> Warehouse Added -> admin@pds| XYZ
[2025-01-29 19:08:02] User -> Warehouse Added -> admin@pds| XYZ
[2025-01-29 19:08:03] User -> Warehouse Added -> admin@pds| XYZ
[2025-01-29 19:08:03] User -> Warehouse Added -> admin@pds| XYZ
[2025-01-29 19:08:03] User -> Warehouse Added -> admin@pds| XYZ
[2025-01-29 19:08:03] User -> Warehouse Added -> admin@pds| XYZ
[2025-01-29 19:08:03] User -> Warehouse Added -> admin@pds| XYZ
[2025-01-29 19:08:03] User -> Warehouse Added -> admin@pds| XYZ
[2025-01-29 19:08:03] User -> Warehouse Added -> admin@pds| XYZ
[2025-01-29 19:08:03] User -> Warehouse Added -> admin@pds| XYZ
[2025-01-29 19:08:03] User -> Warehouse Added -> admin@pds| XYZ
[2025-01-29 19:08:03] User -> Warehouse Added -> admin@pds| XYZ
[2025-01-29 19:08:03] User -> Warehouse Added -> admin@pds| XYZ
[2025-01-29 19:08:03] User -> Warehouse Added -> admin@pds| XYZ
[2025-01-29 19:08:03] User -> Warehouse Added -> admin@pds| XYZ
[2025-01-29 19:08:03] User -> Warehouse Added -> admin@pds| XYZ
[2025-01-29 19:08:03] User -> Warehouse Added -> admin@pds| XYZ
[2025-01-29 19:08:03] User -> Warehouse Added -> admin@pds| XYZ
[2025-01-29 19:08:04] User -> Warehouse Added -> admin@pds| XYZ
[2025-01-29 19:08:04] User -> Warehouse Added -> admin@pds| Abc
[2025-01-29 19:08:04] User -> Warehouse Added -> admin@pds| ABC
[2025-01-29 19:08:04] User -> Warehouse Added -> admin@pds| ABC
[2025-01-29 19:08:04] User -> Warehouse Added -> admin@pds| ABC
[2025-01-29 19:08:04] User -> Warehouse Added -> admin@pds| ABC
[2025-01-29 19:08:04] User -> Warehouse Added -> admin@pds| ABC
[2025-01-29 19:08:04] User -> Warehouse Added -> admin@pds| ABC
[2025-01-29 19:08:04] User -> Warehouse Added -> admin@pds| ABC
[2025-01-29 19:08:04] User -> Warehouse Added -> admin@pds| ABC
[2025-01-29 19:08:04] User -> Warehouse Added -> admin@pds| ABC
[2025-01-29 19:08:04] User -> Warehouse Added -> admin@pds| ABC
[2025-01-29 19:08:04] User -> Warehouse Added -> admin@pds| ABC
[2025-01-29 19:08:04] User -> Warehouse Added -> admin@pds| ABC
[2025-01-29 19:08:04] User -> Warehouse Added -> admin@pds| ABC
[2025-01-29 19:08:04] User -> Warehouse Added -> admin@pds| ABC
[2025-01-29 19:08:05] User -> Warehouse Added -> admin@pds| ABC
[2025-01-29 19:08:05] User -> Warehouse Added -> admin@pds| ABC
[2025-01-29 19:08:05] User -> Warehouse Added -> admin@pds| XYZ
[2025-01-29 19:08:05] User -> Warehouse Added -> admin@pds| XYZ
[2025-01-29 19:08:27] User -> Warehouse deleted -> admin@pds| Requested JSON -> {"uid":"WH_679a2f3c2bb4"} | Abc
[2025-01-29 19:08:33] User -> Warehouse deleted -> admin@pds| Requested JSON -> {"uid":"all"} | 
[2025-01-29 19:13:34] User -> Warehouse Added -> admin@pds| ABC
[2025-01-29 19:13:35] User -> Warehouse Added -> admin@pds| ABC
[2025-01-29 19:13:37] User -> Warehouse Added -> admin@pds| ABC
[2025-01-29 19:13:38] User -> Warehouse Added -> admin@pds| ABC
[2025-01-29 19:13:39] User -> Warehouse Added -> admin@pds| ABC
[2025-01-29 19:13:39] User -> Warehouse Added -> admin@pds| ABC
[2025-01-29 19:13:40] User -> Warehouse Added -> admin@pds| ABC
[2025-01-29 19:13:40] User -> Warehouse Added -> admin@pds| ABC
[2025-01-29 19:13:40] User -> Warehouse Added -> admin@pds| ABC
[2025-01-29 19:13:40] User -> Warehouse Added -> admin@pds| ABC
[2025-01-29 19:13:40] User -> Warehouse Added -> admin@pds| ABC
[2025-01-29 19:13:40] User -> Warehouse Added -> admin@pds| ABC
[2025-01-29 19:13:40] User -> Warehouse Added -> admin@pds| ABC
[2025-01-29 19:13:41] User -> Warehouse Added -> admin@pds| ABC
[2025-01-29 19:13:41] User -> Warehouse Added -> admin@pds| ABC
[2025-01-29 19:13:41] User -> Warehouse Added -> admin@pds| ABC
[2025-01-29 19:13:41] User -> Warehouse Added -> admin@pds| ABC
[2025-01-29 19:13:41] User -> Warehouse Added -> admin@pds| ABC
[2025-01-29 19:13:41] User -> Warehouse Added -> admin@pds| ABC
[2025-01-29 19:13:41] User -> Warehouse Added -> admin@pds| ABC
[2025-01-29 19:13:41] User -> Warehouse Added -> admin@pds| ABC
[2025-01-29 19:13:41] User -> Warehouse Added -> admin@pds| ABC
[2025-01-29 19:13:41] User -> Warehouse Added -> admin@pds| ABC
[2025-01-29 19:13:41] User -> Warehouse Added -> admin@pds| ABC
[2025-01-29 19:13:41] User -> Warehouse Added -> admin@pds| ABC
[2025-01-29 19:13:41] User -> Warehouse Added -> admin@pds| ABC
[2025-01-29 19:13:41] User -> Warehouse Added -> admin@pds| ABC
[2025-01-29 19:13:41] User -> Warehouse Added -> admin@pds| ABC
[2025-01-29 19:13:41] User -> Warehouse Added -> admin@pds| ABC
[2025-01-29 19:13:41] User -> Warehouse Added -> admin@pds| ABC
[2025-01-29 19:13:42] User -> Warehouse Added -> admin@pds| ABC
[2025-01-29 19:13:42] User -> Warehouse Added -> admin@pds| ABC
[2025-01-29 19:13:42] User -> Warehouse Added -> admin@pds| ABC
[2025-01-29 19:13:42] User -> Warehouse Added -> admin@pds| ABC
[2025-01-29 19:13:42] User -> Warehouse Added -> admin@pds| ABC
[2025-01-29 19:13:42] User -> Warehouse Added -> admin@pds| ABC
[2025-01-29 19:13:42] User -> Warehouse Added -> admin@pds| ABC
[2025-01-29 19:13:42] User -> Warehouse Added -> admin@pds| ABC
[2025-01-29 19:13:42] User -> Warehouse Added -> admin@pds| ABC
[2025-01-29 19:13:42] User -> Warehouse Added -> admin@pds| ABC
[2025-01-29 19:13:42] User -> Warehouse Added -> admin@pds| ABC
[2025-01-29 19:13:42] User -> Warehouse Added -> admin@pds| ABC
[2025-01-29 19:13:42] User -> Warehouse Added -> admin@pds| ABC
[2025-01-29 19:13:42] User -> Warehouse Added -> admin@pds| ABC
[2025-01-29 19:13:42] User -> Warehouse Added -> admin@pds| ABC
[2025-01-29 19:13:42] User -> Warehouse Added -> admin@pds| ABC
[2025-01-29 19:13:42] User -> Warehouse Added -> admin@pds| ABC
[2025-01-29 19:13:42] User -> Warehouse Added -> admin@pds| ABC
[2025-01-29 19:13:42] User -> Warehouse Added -> admin@pds| ABC
[2025-01-29 19:13:42] User -> Warehouse Added -> admin@pds| ABC
[2025-01-29 19:13:42] User -> Warehouse Added -> admin@pds| ABC
[2025-01-29 19:13:43] User -> Warehouse Added -> admin@pds| ABC
[2025-01-29 19:13:43] User -> Warehouse Added -> admin@pds| ABC
[2025-01-29 19:13:43] User -> Warehouse Added -> admin@pds| ABC
[2025-01-29 19:13:43] User -> Warehouse Added -> admin@pds| ABC
[2025-01-29 19:13:43] User -> Warehouse Added -> admin@pds| ABC
[2025-01-29 19:13:43] User -> Warehouse Added -> admin@pds| ABC
[2025-01-29 19:13:43] User -> Warehouse Added -> admin@pds| ABC
[2025-01-29 19:13:43] User -> Warehouse Added -> admin@pds| ABC
[2025-01-29 19:13:43] User -> Warehouse Added -> admin@pds| ABC
[2025-01-29 19:13:43] User -> Warehouse Added -> admin@pds| ABC
[2025-01-29 19:13:43] User -> Warehouse Added -> admin@pds| ABC
[2025-01-29 19:13:43] User -> Warehouse Added -> admin@pds| ABC
[2025-01-29 19:13:43] User -> Warehouse Added -> admin@pds| ABC
[2025-01-29 19:13:43] User -> Warehouse Added -> admin@pds| ABC
[2025-01-29 19:13:43] User -> Warehouse Added -> admin@pds| ABC
[2025-01-29 19:13:43] User -> Warehouse Added -> admin@pds| ABC
[2025-01-29 19:13:43] User -> Warehouse Added -> admin@pds| ABC
[2025-01-29 19:13:43] User -> Warehouse Added -> admin@pds| ABC
[2025-01-29 19:13:43] User -> Warehouse Added -> admin@pds| ABC
[2025-01-29 19:13:43] User -> Warehouse Added -> admin@pds| ABC
[2025-01-29 19:13:43] User -> Warehouse Added -> admin@pds| ABC
[2025-01-29 19:13:44] User -> Warehouse Added -> admin@pds| ABC
[2025-01-29 19:13:44] User -> Warehouse Added -> admin@pds| ABC
[2025-01-29 19:13:44] User -> Warehouse Added -> admin@pds| ABC
[2025-01-29 19:13:44] User -> Warehouse Added -> admin@pds| ABC
[2025-01-29 19:13:44] User -> Warehouse Added -> admin@pds| ABC
[2025-01-29 19:13:44] User -> Warehouse Added -> admin@pds| ABC
[2025-01-29 19:13:44] User -> Warehouse Added -> admin@pds| ABC
[2025-01-29 19:13:44] User -> Warehouse Added -> admin@pds| ABC
[2025-01-29 19:13:44] User -> Warehouse Added -> admin@pds| ABC
[2025-01-29 19:13:44] User -> Warehouse Added -> admin@pds| ABC
[2025-01-29 19:13:44] User -> Warehouse Added -> admin@pds| ABC
[2025-01-29 19:13:44] User -> Warehouse Added -> admin@pds| ABC
[2025-01-29 19:13:44] User -> Warehouse Added -> admin@pds| ABC
[2025-01-29 19:13:45] User -> Warehouse Added -> admin@pds| ABC
[2025-01-29 19:13:45] User -> Warehouse Added -> admin@pds| ABC
[2025-01-29 19:13:45] User -> Warehouse Added -> admin@pds| ABC
[2025-01-29 19:13:45] User -> Warehouse Added -> admin@pds| ABC
[2025-01-29 19:13:45] User -> Warehouse Added -> admin@pds| ABC
[2025-01-29 19:13:45] User -> Warehouse Added -> admin@pds| ABC
[2025-01-29 19:13:45] User -> Warehouse Added -> admin@pds| ABC
[2025-01-29 19:13:45] User -> Warehouse Added -> admin@pds| ABC
[2025-01-29 19:13:45] User -> Warehouse Added -> admin@pds| ABC
[2025-01-29 19:13:45] User -> Warehouse Added -> admin@pds| ABC
[2025-01-29 19:13:45] User -> Warehouse Added -> admin@pds| ABC
[2025-01-29 19:13:45] User -> Warehouse Added -> admin@pds| ABC
[2025-01-29 19:13:45] User -> Warehouse Added -> admin@pds| ABC
[2025-01-29 19:13:45] User -> Warehouse Added -> admin@pds| ABC
[2025-01-29 19:13:45] User -> Warehouse Added -> admin@pds| ABC
[2025-01-29 19:13:45] User -> Warehouse Added -> admin@pds| ABC
[2025-01-29 19:13:45] User -> Warehouse Added -> admin@pds| ABC
[2025-01-29 19:13:45] User -> Warehouse Added -> admin@pds| ABC
[2025-01-29 19:13:45] User -> Warehouse Added -> admin@pds| ABC
[2025-01-29 19:13:45] User -> Warehouse Added -> admin@pds| ABC
[2025-01-29 19:13:45] User -> Warehouse Added -> admin@pds| ABC
[2025-01-29 19:13:45] User -> Warehouse Added -> admin@pds| ABC
[2025-01-29 19:13:45] User -> Warehouse Added -> admin@pds| ABC
[2025-01-29 19:13:45] User -> Warehouse Added -> admin@pds| ABC
[2025-01-29 19:13:45] User -> Warehouse Added -> admin@pds| ABC
[2025-01-29 19:13:45] User -> Warehouse Added -> admin@pds| ABC
[2025-01-29 19:13:45] User -> Warehouse Added -> admin@pds| ABC
[2025-01-29 19:13:45] User -> Warehouse Added -> admin@pds| ABC
[2025-01-29 19:13:45] User -> Warehouse Added -> admin@pds| ABC
[2025-01-29 19:13:45] User -> Warehouse Added -> admin@pds| ABC
[2025-01-29 19:13:45] User -> Warehouse Added -> admin@pds| ABC
[2025-01-29 19:13:46] User -> Warehouse Added -> admin@pds| ABC
[2025-01-29 19:13:46] User -> Warehouse Added -> admin@pds| ABC
[2025-01-29 19:13:46] User -> Warehouse Added -> admin@pds| ABC
[2025-01-29 19:13:46] User -> Warehouse Added -> admin@pds| ABC
[2025-01-29 19:13:46] User -> Warehouse Added -> admin@pds| ABC
[2025-01-29 19:13:46] User -> Warehouse Added -> admin@pds| ABC
[2025-01-29 19:13:46] User -> Warehouse Added -> admin@pds| ABC
[2025-01-29 19:13:46] User -> Warehouse Added -> admin@pds| ABC
[2025-01-29 19:13:46] User -> Warehouse Added -> admin@pds| ABC
[2025-01-29 19:13:46] User -> Warehouse Added -> admin@pds| ABC
[2025-01-29 19:13:46] User -> Warehouse Added -> admin@pds| ABC
[2025-01-29 19:13:46] User -> Warehouse Added -> admin@pds| ABC
[2025-01-29 19:13:46] User -> Warehouse Added -> admin@pds| ABC
[2025-01-29 19:13:46] User -> Warehouse Added -> admin@pds| ABC
[2025-01-29 19:13:46] User -> Warehouse Added -> admin@pds| ABC
[2025-01-29 19:13:46] User -> Warehouse Added -> admin@pds| ABC
[2025-01-29 19:13:46] User -> Warehouse Added -> admin@pds| ABC
[2025-01-29 19:13:46] User -> Warehouse Added -> admin@pds| ABC
[2025-01-29 19:13:46] User -> Warehouse Added -> admin@pds| ABC
[2025-01-29 19:13:46] User -> Warehouse Added -> admin@pds| ABC
[2025-01-29 19:13:46] User -> Warehouse Added -> admin@pds| ABC
[2025-01-29 19:13:46] User -> Warehouse Added -> admin@pds| ABC
[2025-01-29 19:13:46] User -> Warehouse Added -> admin@pds| ABC
[2025-01-29 19:13:46] User -> Warehouse Added -> admin@pds| ABC
[2025-01-29 19:13:46] User -> Warehouse Added -> admin@pds| ABC
[2025-01-29 19:13:47] User -> Warehouse Added -> admin@pds| ABC
[2025-01-29 19:13:47] User -> Warehouse Added -> admin@pds| ABC
[2025-01-29 19:13:47] User -> Warehouse Added -> admin@pds| ABC
[2025-01-29 19:13:47] User -> Warehouse Added -> admin@pds| ABC
[2025-01-29 19:13:47] User -> Warehouse Added -> admin@pds| ABC
[2025-01-29 19:13:47] User -> Warehouse Added -> admin@pds| ABC
[2025-01-29 19:13:47] User -> Warehouse Added -> admin@pds| ABC
[2025-01-29 19:13:47] User -> Warehouse Added -> admin@pds| ABC
[2025-01-29 19:13:47] User -> Warehouse Added -> admin@pds| ABC
[2025-01-29 19:13:47] User -> Warehouse Added -> admin@pds| ABC
[2025-01-29 19:13:47] User -> Warehouse Added -> admin@pds| ABC
[2025-01-29 19:13:47] User -> Warehouse Added -> admin@pds| ABC
[2025-01-29 19:13:47] User -> Warehouse Added -> admin@pds| ABC
[2025-01-29 19:13:47] User -> Warehouse Added -> admin@pds| ABC
[2025-01-29 19:13:47] User -> Warehouse Added -> admin@pds| ABC
[2025-01-29 19:13:47] User -> Warehouse Added -> admin@pds| ABC
[2025-01-29 19:13:47] User -> Warehouse Added -> admin@pds| ABC
[2025-01-29 19:13:47] User -> Warehouse Added -> admin@pds| ABC
[2025-01-29 19:13:47] User -> Warehouse Added -> admin@pds| XYZ
[2025-01-29 19:13:47] User -> Warehouse Added -> admin@pds| XYZ
[2025-01-29 19:13:48] User -> Warehouse Added -> admin@pds| XYZ
[2025-01-29 19:13:48] User -> Warehouse Added -> admin@pds| XYZ
[2025-01-29 19:13:48] User -> Warehouse Added -> admin@pds| XYZ
[2025-01-29 19:13:48] User -> Warehouse Added -> admin@pds| XYZ
[2025-01-29 19:13:48] User -> Warehouse Added -> admin@pds| XYZ
[2025-01-29 19:13:48] User -> Warehouse Added -> admin@pds| XYZ
[2025-01-29 19:13:48] User -> Warehouse Added -> admin@pds| XYZ
[2025-01-29 19:13:48] User -> Warehouse Added -> admin@pds| XYZ
[2025-01-29 19:13:48] User -> Warehouse Added -> admin@pds| XYZ
[2025-01-29 19:13:48] User -> Warehouse Added -> admin@pds| XYZ
[2025-01-29 19:13:48] User -> Warehouse Added -> admin@pds| XYZ
[2025-01-29 19:13:48] User -> Warehouse Added -> admin@pds| XYZ
[2025-01-29 19:13:49] User -> Warehouse Added -> admin@pds| XYZ
[2025-01-29 19:13:49] User -> Warehouse Added -> admin@pds| XYZ
[2025-01-29 19:13:49] User -> Warehouse Added -> admin@pds| XYZ
[2025-01-29 19:13:49] User -> Warehouse Added -> admin@pds| XYZ
[2025-01-29 19:13:49] User -> Warehouse Added -> admin@pds| XYZ
[2025-01-29 19:13:49] User -> Warehouse Added -> admin@pds| XYZ
[2025-01-29 19:13:49] User -> Warehouse Added -> admin@pds| Abc
[2025-01-29 19:13:49] User -> Warehouse Added -> admin@pds| ABC
[2025-01-29 19:13:50] User -> Warehouse Added -> admin@pds| ABC
[2025-01-29 19:13:50] User -> Warehouse Added -> admin@pds| ABC
[2025-01-29 19:13:50] User -> Warehouse Added -> admin@pds| ABC
[2025-01-29 19:13:50] User -> Warehouse Added -> admin@pds| ABC
[2025-01-29 19:13:50] User -> Warehouse Added -> admin@pds| ABC
[2025-01-29 19:13:50] User -> Warehouse Added -> admin@pds| ABC
[2025-01-29 19:13:50] User -> Warehouse Added -> admin@pds| ABC
[2025-01-29 19:13:50] User -> Warehouse Added -> admin@pds| ABC
[2025-01-29 19:13:50] User -> Warehouse Added -> admin@pds| ABC
[2025-01-29 19:13:50] User -> Warehouse Added -> admin@pds| ABC
[2025-01-29 19:13:50] User -> Warehouse Added -> admin@pds| ABC
[2025-01-29 19:13:51] User -> Warehouse Added -> admin@pds| ABC
[2025-01-29 19:13:51] User -> Warehouse Added -> admin@pds| ABC
[2025-01-29 19:13:51] User -> Warehouse Added -> admin@pds| ABC
[2025-01-29 19:13:51] User -> Warehouse Added -> admin@pds| ABC
[2025-01-29 19:13:51] User -> Warehouse Added -> admin@pds| XYZ
[2025-01-29 19:13:51] User -> Warehouse Added -> admin@pds| XYZ
[2025-01-29 19:13:57] User -> Warehouse deleted -> admin@pds| Requested JSON -> {"uid":"all"} | 
[2025-01-29 19:17:31] User -> Warehouse Added -> admin@pds| ABC
[2025-01-29 19:17:31] User -> Warehouse Added -> admin@pds| ABC
[2025-01-29 19:17:32] User -> Warehouse Added -> admin@pds| ABC
[2025-01-29 19:17:32] User -> Warehouse Added -> admin@pds| ABC
[2025-01-29 19:17:32] User -> Warehouse Added -> admin@pds| ABC
[2025-01-29 19:17:32] User -> Warehouse Added -> admin@pds| ABC
[2025-01-29 19:17:32] User -> Warehouse Added -> admin@pds| ABC
[2025-01-29 19:17:32] User -> Warehouse Added -> admin@pds| ABC
[2025-01-29 19:17:32] User -> Warehouse Added -> admin@pds| ABC
[2025-01-29 19:17:32] User -> Warehouse Added -> admin@pds| ABC
[2025-01-29 19:17:32] User -> Warehouse Added -> admin@pds| ABC
[2025-01-29 19:17:32] User -> Warehouse Added -> admin@pds| ABC
[2025-01-29 19:17:32] User -> Warehouse Added -> admin@pds| ABC
[2025-01-29 19:17:32] User -> Warehouse Added -> admin@pds| ABC
[2025-01-29 19:17:32] User -> Warehouse Added -> admin@pds| ABC
[2025-01-29 19:17:32] User -> Warehouse Added -> admin@pds| ABC
[2025-01-29 19:17:32] User -> Warehouse Added -> admin@pds| ABC
[2025-01-29 19:17:32] User -> Warehouse Added -> admin@pds| ABC
[2025-01-29 19:17:32] User -> Warehouse Added -> admin@pds| ABC
[2025-01-29 19:17:32] User -> Warehouse Added -> admin@pds| ABC
[2025-01-29 19:17:32] User -> Warehouse Added -> admin@pds| ABC
[2025-01-29 19:17:32] User -> Warehouse Added -> admin@pds| ABC
[2025-01-29 19:17:32] User -> Warehouse Added -> admin@pds| ABC
[2025-01-29 19:17:33] User -> Warehouse Added -> admin@pds| ABC
[2025-01-29 19:17:33] User -> Warehouse Added -> admin@pds| ABC
[2025-01-29 19:17:33] User -> Warehouse Added -> admin@pds| ABC
[2025-01-29 19:17:33] User -> Warehouse Added -> admin@pds| ABC
[2025-01-29 19:17:33] User -> Warehouse Added -> admin@pds| ABC
[2025-01-29 19:17:33] User -> Warehouse Added -> admin@pds| ABC
[2025-01-29 19:17:33] User -> Warehouse Added -> admin@pds| ABC
[2025-01-29 19:17:33] User -> Warehouse Added -> admin@pds| ABC
[2025-01-29 19:17:33] User -> Warehouse Added -> admin@pds| ABC
[2025-01-29 19:17:33] User -> Warehouse Added -> admin@pds| ABC
[2025-01-29 19:17:33] User -> Warehouse Added -> admin@pds| ABC
[2025-01-29 19:17:33] User -> Warehouse Added -> admin@pds| ABC
[2025-01-29 19:17:33] User -> Warehouse Added -> admin@pds| ABC
[2025-01-29 19:17:33] User -> Warehouse Added -> admin@pds| ABC
[2025-01-29 19:17:33] User -> Warehouse Added -> admin@pds| ABC
[2025-01-29 19:17:33] User -> Warehouse Added -> admin@pds| ABC
[2025-01-29 19:17:33] User -> Warehouse Added -> admin@pds| ABC
[2025-01-29 19:17:33] User -> Warehouse Added -> admin@pds| ABC
[2025-01-29 19:17:33] User -> Warehouse Added -> admin@pds| ABC
[2025-01-29 19:17:33] User -> Warehouse Added -> admin@pds| ABC
[2025-01-29 19:17:33] User -> Warehouse Added -> admin@pds| ABC
[2025-01-29 19:17:33] User -> Warehouse Added -> admin@pds| ABC
[2025-01-29 19:17:33] User -> Warehouse Added -> admin@pds| ABC
[2025-01-29 19:17:33] User -> Warehouse Added -> admin@pds| ABC
[2025-01-29 19:17:34] User -> Warehouse Added -> admin@pds| ABC
[2025-01-29 19:17:34] User -> Warehouse Added -> admin@pds| ABC
[2025-01-29 19:17:34] User -> Warehouse Added -> admin@pds| ABC
[2025-01-29 19:17:34] User -> Warehouse Added -> admin@pds| ABC
[2025-01-29 19:17:34] User -> Warehouse Added -> admin@pds| ABC
[2025-01-29 19:17:34] User -> Warehouse Added -> admin@pds| ABC
[2025-01-29 19:17:34] User -> Warehouse Added -> admin@pds| ABC
[2025-01-29 19:17:34] User -> Warehouse Added -> admin@pds| ABC
[2025-01-29 19:17:34] User -> Warehouse Added -> admin@pds| ABC
[2025-01-29 19:17:34] User -> Warehouse Added -> admin@pds| ABC
[2025-01-29 19:17:34] User -> Warehouse Added -> admin@pds| ABC
[2025-01-29 19:17:34] User -> Warehouse Added -> admin@pds| ABC
[2025-01-29 19:17:34] User -> Warehouse Added -> admin@pds| ABC
[2025-01-29 19:17:34] User -> Warehouse Added -> admin@pds| ABC
[2025-01-29 19:17:34] User -> Warehouse Added -> admin@pds| ABC
[2025-01-29 19:17:34] User -> Warehouse Added -> admin@pds| ABC
[2025-01-29 19:17:34] User -> Warehouse Added -> admin@pds| ABC
[2025-01-29 19:17:34] User -> Warehouse Added -> admin@pds| ABC
[2025-01-29 19:17:35] User -> Warehouse Added -> admin@pds| ABC
[2025-01-29 19:17:35] User -> Warehouse Added -> admin@pds| ABC
[2025-01-29 19:17:35] User -> Warehouse Added -> admin@pds| ABC
[2025-01-29 19:17:35] User -> Warehouse Added -> admin@pds| ABC
[2025-01-29 19:17:35] User -> Warehouse Added -> admin@pds| ABC
[2025-01-29 19:17:35] User -> Warehouse Added -> admin@pds| ABC
[2025-01-29 19:17:35] User -> Warehouse Added -> admin@pds| ABC
[2025-01-29 19:17:35] User -> Warehouse Added -> admin@pds| ABC
[2025-01-29 19:17:36] User -> Warehouse Added -> admin@pds| ABC
[2025-01-29 19:17:36] User -> Warehouse Added -> admin@pds| ABC
[2025-01-29 19:17:36] User -> Warehouse Added -> admin@pds| ABC
[2025-01-29 19:17:36] User -> Warehouse Added -> admin@pds| ABC
[2025-01-29 19:17:36] User -> Warehouse Added -> admin@pds| ABC
[2025-01-29 19:17:36] User -> Warehouse Added -> admin@pds| ABC
[2025-01-29 19:17:36] User -> Warehouse Added -> admin@pds| ABC
[2025-01-29 19:17:36] User -> Warehouse Added -> admin@pds| ABC
[2025-01-29 19:17:36] User -> Warehouse Added -> admin@pds| ABC
[2025-01-29 19:17:36] User -> Warehouse Added -> admin@pds| ABC
[2025-01-29 19:17:36] User -> Warehouse Added -> admin@pds| ABC
[2025-01-29 19:17:36] User -> Warehouse Added -> admin@pds| ABC
[2025-01-29 19:17:36] User -> Warehouse Added -> admin@pds| ABC
[2025-01-29 19:17:36] User -> Warehouse Added -> admin@pds| ABC
[2025-01-29 19:17:36] User -> Warehouse Added -> admin@pds| ABC
[2025-01-29 19:17:36] User -> Warehouse Added -> admin@pds| ABC
[2025-01-29 19:17:36] User -> Warehouse Added -> admin@pds| ABC
[2025-01-29 19:17:36] User -> Warehouse Added -> admin@pds| ABC
[2025-01-29 19:17:36] User -> Warehouse Added -> admin@pds| ABC
[2025-01-29 19:17:36] User -> Warehouse Added -> admin@pds| ABC
[2025-01-29 19:17:36] User -> Warehouse Added -> admin@pds| ABC
[2025-01-29 19:17:36] User -> Warehouse Added -> admin@pds| ABC
[2025-01-29 19:17:37] User -> Warehouse Added -> admin@pds| ABC
[2025-01-29 19:17:37] User -> Warehouse Added -> admin@pds| ABC
[2025-01-29 19:17:37] User -> Warehouse Added -> admin@pds| ABC
[2025-01-29 19:17:37] User -> Warehouse Added -> admin@pds| ABC
[2025-01-29 19:17:37] User -> Warehouse Added -> admin@pds| ABC
[2025-01-29 19:17:37] User -> Warehouse Added -> admin@pds| ABC
[2025-01-29 19:17:37] User -> Warehouse Added -> admin@pds| ABC
[2025-01-29 19:17:37] User -> Warehouse Added -> admin@pds| ABC
[2025-01-29 19:17:37] User -> Warehouse Added -> admin@pds| ABC
[2025-01-29 19:17:37] User -> Warehouse Added -> admin@pds| ABC
[2025-01-29 19:17:37] User -> Warehouse Added -> admin@pds| ABC
[2025-01-29 19:17:37] User -> Warehouse Added -> admin@pds| ABC
[2025-01-29 19:17:37] User -> Warehouse Added -> admin@pds| ABC
[2025-01-29 19:17:37] User -> Warehouse Added -> admin@pds| ABC
[2025-01-29 19:17:37] User -> Warehouse Added -> admin@pds| ABC
[2025-01-29 19:17:37] User -> Warehouse Added -> admin@pds| ABC
[2025-01-29 19:17:37] User -> Warehouse Added -> admin@pds| ABC
[2025-01-29 19:17:37] User -> Warehouse Added -> admin@pds| ABC
[2025-01-29 19:17:37] User -> Warehouse Added -> admin@pds| ABC
[2025-01-29 19:17:37] User -> Warehouse Added -> admin@pds| ABC
[2025-01-29 19:17:38] User -> Warehouse Added -> admin@pds| ABC
[2025-01-29 19:17:38] User -> Warehouse Added -> admin@pds| ABC
[2025-01-29 19:17:38] User -> Warehouse Added -> admin@pds| ABC
[2025-01-29 19:17:38] User -> Warehouse Added -> admin@pds| ABC
[2025-01-29 19:17:38] User -> Warehouse Added -> admin@pds| ABC
[2025-01-29 19:17:38] User -> Warehouse Added -> admin@pds| ABC
[2025-01-29 19:17:38] User -> Warehouse Added -> admin@pds| ABC
[2025-01-29 19:17:38] User -> Warehouse Added -> admin@pds| ABC
[2025-01-29 19:17:38] User -> Warehouse Added -> admin@pds| ABC
[2025-01-29 19:17:38] User -> Warehouse Added -> admin@pds| ABC
[2025-01-29 19:17:38] User -> Warehouse Added -> admin@pds| ABC
[2025-01-29 19:17:38] User -> Warehouse Added -> admin@pds| ABC
[2025-01-29 19:17:38] User -> Warehouse Added -> admin@pds| ABC
[2025-01-29 19:17:38] User -> Warehouse Added -> admin@pds| ABC
[2025-01-29 19:17:38] User -> Warehouse Added -> admin@pds| ABC
[2025-01-29 19:17:38] User -> Warehouse Added -> admin@pds| ABC
[2025-01-29 19:17:39] User -> Warehouse Added -> admin@pds| ABC
[2025-01-29 19:17:39] User -> Warehouse Added -> admin@pds| ABC
[2025-01-29 19:17:39] User -> Warehouse Added -> admin@pds| ABC
[2025-01-29 19:17:39] User -> Warehouse Added -> admin@pds| ABC
[2025-01-29 19:17:39] User -> Warehouse Added -> admin@pds| ABC
[2025-01-29 19:17:40] User -> Warehouse Added -> admin@pds| ABC
[2025-01-29 19:17:40] User -> Warehouse Added -> admin@pds| ABC
[2025-01-29 19:17:40] User -> Warehouse Added -> admin@pds| ABC
[2025-01-29 19:17:41] User -> Warehouse Added -> admin@pds| ABC
[2025-01-29 19:17:43] User -> Warehouse Added -> admin@pds| ABC
[2025-01-29 19:17:44] User -> Warehouse Added -> admin@pds| ABC
[2025-01-29 19:17:44] User -> Warehouse Added -> admin@pds| ABC
[2025-01-29 19:17:44] User -> Warehouse Added -> admin@pds| ABC
[2025-01-29 19:17:44] User -> Warehouse Added -> admin@pds| ABC
[2025-01-29 19:17:45] User -> Warehouse Added -> admin@pds| ABC
[2025-01-29 19:17:45] User -> Warehouse Added -> admin@pds| ABC
[2025-01-29 19:17:45] User -> Warehouse Added -> admin@pds| ABC
[2025-01-29 19:17:45] User -> Warehouse Added -> admin@pds| ABC
[2025-01-29 19:17:46] User -> Warehouse Added -> admin@pds| ABC
[2025-01-29 19:17:46] User -> Warehouse Added -> admin@pds| ABC
[2025-01-29 19:17:46] User -> Warehouse Added -> admin@pds| ABC
[2025-01-29 19:17:47] User -> Warehouse Added -> admin@pds| ABC
[2025-01-29 19:17:47] User -> Warehouse Added -> admin@pds| ABC
[2025-01-29 19:17:47] User -> Warehouse Added -> admin@pds| ABC
[2025-01-29 19:17:47] User -> Warehouse Added -> admin@pds| ABC
[2025-01-29 19:17:47] User -> Warehouse Added -> admin@pds| ABC
[2025-01-29 19:17:47] User -> Warehouse Added -> admin@pds| ABC
[2025-01-29 19:17:47] User -> Warehouse Added -> admin@pds| ABC
[2025-01-29 19:17:47] User -> Warehouse Added -> admin@pds| XYZ
[2025-01-29 19:17:47] User -> Warehouse Added -> admin@pds| XYZ
[2025-01-29 19:17:47] User -> Warehouse Added -> admin@pds| XYZ
[2025-01-29 19:17:47] User -> Warehouse Added -> admin@pds| XYZ
[2025-01-29 19:17:47] User -> Warehouse Added -> admin@pds| XYZ
[2025-01-29 19:17:47] User -> Warehouse Added -> admin@pds| XYZ
[2025-01-29 19:17:47] User -> Warehouse Added -> admin@pds| XYZ
[2025-01-29 19:17:47] User -> Warehouse Added -> admin@pds| XYZ
[2025-01-29 19:17:47] User -> Warehouse Added -> admin@pds| XYZ
[2025-01-29 19:17:47] User -> Warehouse Added -> admin@pds| XYZ
[2025-01-29 19:17:47] User -> Warehouse Added -> admin@pds| XYZ
[2025-01-29 19:17:48] User -> Warehouse Added -> admin@pds| XYZ
[2025-01-29 19:17:48] User -> Warehouse Added -> admin@pds| XYZ
[2025-01-29 19:17:48] User -> Warehouse Added -> admin@pds| XYZ
[2025-01-29 19:17:48] User -> Warehouse Added -> admin@pds| XYZ
[2025-01-29 19:17:48] User -> Warehouse Added -> admin@pds| XYZ
[2025-01-29 19:17:48] User -> Warehouse Added -> admin@pds| XYZ
[2025-01-29 19:17:48] User -> Warehouse Added -> admin@pds| XYZ
[2025-01-29 19:17:48] User -> Warehouse Added -> admin@pds| XYZ
[2025-01-29 19:17:48] User -> Warehouse Added -> admin@pds| XYZ
[2025-01-29 19:17:48] User -> Warehouse Added -> admin@pds| Abc
[2025-01-29 19:17:48] User -> Warehouse Added -> admin@pds| ABC
[2025-01-29 19:17:48] User -> Warehouse Added -> admin@pds| ABC
[2025-01-29 19:17:48] User -> Warehouse Added -> admin@pds| ABC
[2025-01-29 19:17:48] User -> Warehouse Added -> admin@pds| ABC
[2025-01-29 19:17:48] User -> Warehouse Added -> admin@pds| ABC
[2025-01-29 19:17:48] User -> Warehouse Added -> admin@pds| ABC
[2025-01-29 19:17:48] User -> Warehouse Added -> admin@pds| ABC
[2025-01-29 19:17:48] User -> Warehouse Added -> admin@pds| ABC
[2025-01-29 19:17:48] User -> Warehouse Added -> admin@pds| ABC
[2025-01-29 19:17:48] User -> Warehouse Added -> admin@pds| ABC
[2025-01-29 19:17:48] User -> Warehouse Added -> admin@pds| ABC
[2025-01-29 19:17:49] User -> Warehouse Added -> admin@pds| ABC
[2025-01-29 19:17:49] User -> Warehouse Added -> admin@pds| ABC
[2025-01-29 19:17:49] User -> Warehouse Added -> admin@pds| ABC
[2025-01-29 19:17:49] User -> Warehouse Added -> admin@pds| ABC
[2025-01-29 19:17:49] User -> Warehouse Added -> admin@pds| ABC
[2025-01-29 19:17:49] User -> Warehouse Added -> admin@pds| XYZ
[2025-01-29 19:17:49] User -> Warehouse Added -> admin@pds| XYZ
[2025-01-29 19:18:01] User -> Warehouse deleted -> admin@pds| Requested JSON -> {"uid":"all"} | all
[2025-01-29 19:18:13] User -> Warehouse Added -> admin@pds| ABC
[2025-01-29 19:18:13] User -> Warehouse Added -> admin@pds| ABC
[2025-01-29 19:18:13] User -> Warehouse Added -> admin@pds| ABC
[2025-01-29 19:18:13] User -> Warehouse Added -> admin@pds| ABC
[2025-01-29 19:18:13] User -> Warehouse Added -> admin@pds| ABC
[2025-01-29 19:18:13] User -> Warehouse Added -> admin@pds| ABC
[2025-01-29 19:18:13] User -> Warehouse Added -> admin@pds| ABC
[2025-01-29 19:18:13] User -> Warehouse Added -> admin@pds| ABC
[2025-01-29 19:18:13] User -> Warehouse Added -> admin@pds| ABC
[2025-01-29 19:18:13] User -> Warehouse Added -> admin@pds| ABC
[2025-01-29 19:18:14] User -> Warehouse Added -> admin@pds| ABC
[2025-01-29 19:18:14] User -> Warehouse Added -> admin@pds| ABC
[2025-01-29 19:18:14] User -> Warehouse Added -> admin@pds| ABC
[2025-01-29 19:18:14] User -> Warehouse Added -> admin@pds| ABC
[2025-01-29 19:18:14] User -> Warehouse Added -> admin@pds| ABC
[2025-01-29 19:18:14] User -> Warehouse Added -> admin@pds| ABC
[2025-01-29 19:18:14] User -> Warehouse Added -> admin@pds| ABC
[2025-01-29 19:18:14] User -> Warehouse Added -> admin@pds| ABC
[2025-01-29 19:18:14] User -> Warehouse Added -> admin@pds| ABC
[2025-01-29 19:18:14] User -> Warehouse Added -> admin@pds| ABC
[2025-01-29 19:18:14] User -> Warehouse Added -> admin@pds| ABC
[2025-01-29 19:18:14] User -> Warehouse Added -> admin@pds| ABC
[2025-01-29 19:18:14] User -> Warehouse Added -> admin@pds| ABC
[2025-01-29 19:18:14] User -> Warehouse Added -> admin@pds| ABC
[2025-01-29 19:18:15] User -> Warehouse Added -> admin@pds| ABC
[2025-01-29 19:18:15] User -> Warehouse Added -> admin@pds| ABC
[2025-01-29 19:18:16] User -> Warehouse Added -> admin@pds| ABC
[2025-01-29 19:18:16] User -> Warehouse Added -> admin@pds| ABC
[2025-01-29 19:18:16] User -> Warehouse Added -> admin@pds| ABC
[2025-01-29 19:18:16] User -> Warehouse Added -> admin@pds| ABC
[2025-01-29 19:18:16] User -> Warehouse Added -> admin@pds| ABC
[2025-01-29 19:18:16] User -> Warehouse Added -> admin@pds| ABC
[2025-01-29 19:18:16] User -> Warehouse Added -> admin@pds| ABC
[2025-01-29 19:18:16] User -> Warehouse Added -> admin@pds| ABC
[2025-01-29 19:18:16] User -> Warehouse Added -> admin@pds| ABC
[2025-01-29 19:18:16] User -> Warehouse Added -> admin@pds| ABC
[2025-01-29 19:18:16] User -> Warehouse Added -> admin@pds| ABC
[2025-01-29 19:18:16] User -> Warehouse Added -> admin@pds| ABC
[2025-01-29 19:18:16] User -> Warehouse Added -> admin@pds| ABC
[2025-01-29 19:18:16] User -> Warehouse Added -> admin@pds| ABC
[2025-01-29 19:18:16] User -> Warehouse Added -> admin@pds| ABC
[2025-01-29 19:18:16] User -> Warehouse Added -> admin@pds| ABC
[2025-01-29 19:18:16] User -> Warehouse Added -> admin@pds| ABC
[2025-01-29 19:18:16] User -> Warehouse Added -> admin@pds| ABC
[2025-01-29 19:18:16] User -> Warehouse Added -> admin@pds| ABC
[2025-01-29 19:18:16] User -> Warehouse Added -> admin@pds| ABC
[2025-01-29 19:18:16] User -> Warehouse Added -> admin@pds| ABC
[2025-01-29 19:18:17] User -> Warehouse Added -> admin@pds| ABC
[2025-01-29 19:18:17] User -> Warehouse Added -> admin@pds| ABC
[2025-01-29 19:18:17] User -> Warehouse Added -> admin@pds| ABC
[2025-01-29 19:18:17] User -> Warehouse Added -> admin@pds| ABC
[2025-01-29 19:18:17] User -> Warehouse Added -> admin@pds| ABC
[2025-01-29 19:18:17] User -> Warehouse Added -> admin@pds| ABC
[2025-01-29 19:18:17] User -> Warehouse Added -> admin@pds| ABC
[2025-01-29 19:18:17] User -> Warehouse Added -> admin@pds| ABC
[2025-01-29 19:18:17] User -> Warehouse Added -> admin@pds| ABC
[2025-01-29 19:18:17] User -> Warehouse Added -> admin@pds| ABC
[2025-01-29 19:18:17] User -> Warehouse Added -> admin@pds| ABC
[2025-01-29 19:18:17] User -> Warehouse Added -> admin@pds| ABC
[2025-01-29 19:18:17] User -> Warehouse Added -> admin@pds| ABC
[2025-01-29 19:18:17] User -> Warehouse Added -> admin@pds| ABC
[2025-01-29 19:18:18] User -> Warehouse Added -> admin@pds| ABC
[2025-01-29 19:18:18] User -> Warehouse Added -> admin@pds| ABC
[2025-01-29 19:18:19] User -> Warehouse Added -> admin@pds| ABC
[2025-01-29 19:18:19] User -> Warehouse Added -> admin@pds| ABC
[2025-01-29 19:18:21] User -> Warehouse Added -> admin@pds| ABC
[2025-01-29 19:18:21] User -> Warehouse Added -> admin@pds| ABC
[2025-01-29 19:18:22] User -> Warehouse Added -> admin@pds| ABC
[2025-01-29 19:18:22] User -> Warehouse Added -> admin@pds| ABC
[2025-01-29 19:18:23] User -> Warehouse Added -> admin@pds| ABC
[2025-01-29 19:18:24] User -> Warehouse Added -> admin@pds| ABC
[2025-01-29 19:18:24] User -> Warehouse Added -> admin@pds| ABC
[2025-01-29 19:18:24] User -> Warehouse Added -> admin@pds| ABC
[2025-01-29 19:18:24] User -> Warehouse Added -> admin@pds| ABC
[2025-01-29 19:18:24] User -> Warehouse Added -> admin@pds| ABC
[2025-01-29 19:18:24] User -> Warehouse Added -> admin@pds| ABC
[2025-01-29 19:18:24] User -> Warehouse Added -> admin@pds| ABC
[2025-01-29 19:18:24] User -> Warehouse Added -> admin@pds| ABC
[2025-01-29 19:18:24] User -> Warehouse Added -> admin@pds| ABC
[2025-01-29 19:18:24] User -> Warehouse Added -> admin@pds| ABC
[2025-01-29 19:18:24] User -> Warehouse Added -> admin@pds| ABC
[2025-01-29 19:18:24] User -> Warehouse Added -> admin@pds| ABC
[2025-01-29 19:18:24] User -> Warehouse Added -> admin@pds| ABC
[2025-01-29 19:18:24] User -> Warehouse Added -> admin@pds| ABC
[2025-01-29 19:18:24] User -> Warehouse Added -> admin@pds| ABC
[2025-01-29 19:18:25] User -> Warehouse Added -> admin@pds| ABC
[2025-01-29 19:18:25] User -> Warehouse Added -> admin@pds| ABC
[2025-01-29 19:18:25] User -> Warehouse Added -> admin@pds| ABC
[2025-01-29 19:18:25] User -> Warehouse Added -> admin@pds| ABC
[2025-01-29 19:18:25] User -> Warehouse Added -> admin@pds| ABC
[2025-01-29 19:18:25] User -> Warehouse Added -> admin@pds| ABC
[2025-01-29 19:18:25] User -> Warehouse Added -> admin@pds| ABC
[2025-01-29 19:18:25] User -> Warehouse Added -> admin@pds| ABC
[2025-01-29 19:18:25] User -> Warehouse Added -> admin@pds| ABC
[2025-01-29 19:18:26] User -> Warehouse Added -> admin@pds| ABC
[2025-01-29 19:18:26] User -> Warehouse Added -> admin@pds| ABC
[2025-01-29 19:18:26] User -> Warehouse Added -> admin@pds| ABC
[2025-01-29 19:18:26] User -> Warehouse Added -> admin@pds| ABC
[2025-01-29 19:18:26] User -> Warehouse Added -> admin@pds| ABC
[2025-01-29 19:18:26] User -> Warehouse Added -> admin@pds| ABC
[2025-01-29 19:18:26] User -> Warehouse Added -> admin@pds| ABC
[2025-01-29 19:18:26] User -> Warehouse Added -> admin@pds| ABC
[2025-01-29 19:18:26] User -> Warehouse Added -> admin@pds| ABC
[2025-01-29 19:18:26] User -> Warehouse Added -> admin@pds| ABC
[2025-01-29 19:18:26] User -> Warehouse Added -> admin@pds| ABC
[2025-01-29 19:18:26] User -> Warehouse Added -> admin@pds| ABC
[2025-01-29 19:18:26] User -> Warehouse Added -> admin@pds| ABC
[2025-01-29 19:18:26] User -> Warehouse Added -> admin@pds| ABC
[2025-01-29 19:18:26] User -> Warehouse Added -> admin@pds| ABC
[2025-01-29 19:18:26] User -> Warehouse Added -> admin@pds| ABC
[2025-01-29 19:18:26] User -> Warehouse Added -> admin@pds| ABC
[2025-01-29 19:18:26] User -> Warehouse Added -> admin@pds| ABC
[2025-01-29 19:18:26] User -> Warehouse Added -> admin@pds| ABC
[2025-01-29 19:18:26] User -> Warehouse Added -> admin@pds| ABC
[2025-01-29 19:18:27] User -> Warehouse Added -> admin@pds| ABC
[2025-01-29 19:18:27] User -> Warehouse Added -> admin@pds| ABC
[2025-01-29 19:18:27] User -> Warehouse Added -> admin@pds| ABC
[2025-01-29 19:18:27] User -> Warehouse Added -> admin@pds| ABC
[2025-01-29 19:18:27] User -> Warehouse Added -> admin@pds| ABC
[2025-01-29 19:18:27] User -> Warehouse Added -> admin@pds| ABC
[2025-01-29 19:18:27] User -> Warehouse Added -> admin@pds| ABC
[2025-01-29 19:18:27] User -> Warehouse Added -> admin@pds| ABC
[2025-01-29 19:18:27] User -> Warehouse Added -> admin@pds| ABC
[2025-01-29 19:18:27] User -> Warehouse Added -> admin@pds| ABC
[2025-01-29 19:18:27] User -> Warehouse Added -> admin@pds| ABC
[2025-01-29 19:18:27] User -> Warehouse Added -> admin@pds| ABC
[2025-01-29 19:18:27] User -> Warehouse Added -> admin@pds| ABC
[2025-01-29 19:18:27] User -> Warehouse Added -> admin@pds| ABC
[2025-01-29 19:18:27] User -> Warehouse Added -> admin@pds| ABC
[2025-01-29 19:18:27] User -> Warehouse Added -> admin@pds| ABC
[2025-01-29 19:18:27] User -> Warehouse Added -> admin@pds| ABC
[2025-01-29 19:18:27] User -> Warehouse Added -> admin@pds| ABC
[2025-01-29 19:18:28] User -> Warehouse Added -> admin@pds| ABC
[2025-01-29 19:18:28] User -> Warehouse Added -> admin@pds| ABC
[2025-01-29 19:18:28] User -> Warehouse Added -> admin@pds| ABC
[2025-01-29 19:18:28] User -> Warehouse Added -> admin@pds| ABC
[2025-01-29 19:18:28] User -> Warehouse Added -> admin@pds| ABC
[2025-01-29 19:18:28] User -> Warehouse Added -> admin@pds| ABC
[2025-01-29 19:18:28] User -> Warehouse Added -> admin@pds| ABC
[2025-01-29 19:18:28] User -> Warehouse Added -> admin@pds| ABC
[2025-01-29 19:18:28] User -> Warehouse Added -> admin@pds| ABC
[2025-01-29 19:18:28] User -> Warehouse Added -> admin@pds| ABC
[2025-01-29 19:18:28] User -> Warehouse Added -> admin@pds| ABC
[2025-01-29 19:18:28] User -> Warehouse Added -> admin@pds| ABC
[2025-01-29 19:18:28] User -> Warehouse Added -> admin@pds| ABC
[2025-01-29 19:18:28] User -> Warehouse Added -> admin@pds| ABC
[2025-01-29 19:18:28] User -> Warehouse Added -> admin@pds| ABC
[2025-01-29 19:18:29] User -> Warehouse Added -> admin@pds| ABC
[2025-01-29 19:18:29] User -> Warehouse Added -> admin@pds| ABC
[2025-01-29 19:18:29] User -> Warehouse Added -> admin@pds| ABC
[2025-01-29 19:18:29] User -> Warehouse Added -> admin@pds| ABC
[2025-01-29 19:18:29] User -> Warehouse Added -> admin@pds| ABC
[2025-01-29 19:18:29] User -> Warehouse Added -> admin@pds| ABC
[2025-01-29 19:18:29] User -> Warehouse Added -> admin@pds| ABC
[2025-01-29 19:18:29] User -> Warehouse Added -> admin@pds| ABC
[2025-01-29 19:18:29] User -> Warehouse Added -> admin@pds| ABC
[2025-01-29 19:18:29] User -> Warehouse Added -> admin@pds| ABC
[2025-01-29 19:18:29] User -> Warehouse Added -> admin@pds| ABC
[2025-01-29 19:18:29] User -> Warehouse Added -> admin@pds| ABC
[2025-01-29 19:18:29] User -> Warehouse Added -> admin@pds| XYZ
[2025-01-29 19:18:29] User -> Warehouse Added -> admin@pds| XYZ
[2025-01-29 19:18:29] User -> Warehouse Added -> admin@pds| XYZ
[2025-01-29 19:18:29] User -> Warehouse Added -> admin@pds| XYZ
[2025-01-29 19:18:29] User -> Warehouse Added -> admin@pds| XYZ
[2025-01-29 19:18:29] User -> Warehouse Added -> admin@pds| XYZ
[2025-01-29 19:18:29] User -> Warehouse Added -> admin@pds| XYZ
[2025-01-29 19:18:29] User -> Warehouse Added -> admin@pds| XYZ
[2025-01-29 19:18:29] User -> Warehouse Added -> admin@pds| XYZ
[2025-01-29 19:18:29] User -> Warehouse Added -> admin@pds| XYZ
[2025-01-29 19:18:29] User -> Warehouse Added -> admin@pds| XYZ
[2025-01-29 19:18:30] User -> Warehouse Added -> admin@pds| XYZ
[2025-01-29 19:18:30] User -> Warehouse Added -> admin@pds| XYZ
[2025-01-29 19:18:30] User -> Warehouse Added -> admin@pds| XYZ
[2025-01-29 19:18:30] User -> Warehouse Added -> admin@pds| XYZ
[2025-01-29 19:18:30] User -> Warehouse Added -> admin@pds| XYZ
[2025-01-29 19:18:30] User -> Warehouse Added -> admin@pds| XYZ
[2025-01-29 19:18:30] User -> Warehouse Added -> admin@pds| XYZ
[2025-01-29 19:18:30] User -> Warehouse Added -> admin@pds| XYZ
[2025-01-29 19:18:30] User -> Warehouse Added -> admin@pds| XYZ
[2025-01-29 19:18:30] User -> Warehouse Added -> admin@pds| Abc
[2025-01-29 19:18:30] User -> Warehouse Added -> admin@pds| ABC
[2025-01-29 19:18:30] User -> Warehouse Added -> admin@pds| ABC
[2025-01-29 19:18:30] User -> Warehouse Added -> admin@pds| ABC
[2025-01-29 19:18:30] User -> Warehouse Added -> admin@pds| ABC
[2025-01-29 19:18:30] User -> Warehouse Added -> admin@pds| ABC
[2025-01-29 19:18:30] User -> Warehouse Added -> admin@pds| ABC
[2025-01-29 19:18:30] User -> Warehouse Added -> admin@pds| ABC
[2025-01-29 19:18:31] User -> Warehouse Added -> admin@pds| ABC
[2025-01-29 19:18:31] User -> Warehouse Added -> admin@pds| ABC
[2025-01-29 19:18:31] User -> Warehouse Added -> admin@pds| ABC
[2025-01-29 19:18:31] User -> Warehouse Added -> admin@pds| ABC
[2025-01-29 19:18:31] User -> Warehouse Added -> admin@pds| ABC
[2025-01-29 19:18:31] User -> Warehouse Added -> admin@pds| ABC
[2025-01-29 19:18:31] User -> Warehouse Added -> admin@pds| ABC
[2025-01-29 19:18:31] User -> Warehouse Added -> admin@pds| ABC
[2025-01-29 19:18:32] User -> Warehouse Added -> admin@pds| ABC
[2025-01-29 19:18:36] User -> Warehouse Added -> admin@pds| XYZ
[2025-01-29 19:18:36] User -> Warehouse Added -> admin@pds| XYZ
[2025-01-29 19:24:57] User -> Cost for leg2 Added ->admin@pds| Requested JSON -> {"cost_ONSc97WMK16c2b":"78"} | 2024 | dec
[2025-01-29 19:24:58] {"id":"ONSc97WMK16c2b"}
[2025-01-29 19:24:58] User -> Cost for leg2 Reset ->admin@pds| Requested JSON -> {"id":"ONSc97WMK16c2b"} | 
[2025-01-29 19:25:04] User -> Cost for leg2 Added ->admin@pds| Requested JSON -> {"cost_ONSc97WMK16c2b":"90"} | 2024 | dec
[2025-01-29 19:25:06] {"id":"ONSc97WMK16c2b"}
[2025-01-29 19:25:06] User -> Cost for leg2 Reset ->admin@pds| Requested JSON -> {"id":"ONSc97WMK16c2b"} | 
[2025-01-29 19:28:59] User -> Cost for leg2 Added ->admin@pds| Requested JSON -> {"cost_YyGKHCdP7TnwWg":"","cost_QXVBYyZA3xncPn":"","cost_JLkHe89YyBpCpv":"90"} | 2024 | dec
[2025-01-29 19:30:05] User -> Cost for leg2 Added ->admin@pds| Requested JSON -> {"cost_ONSc97WMK16c2b":"78"} | 2024 | dec
[2025-01-29 19:30:07] {"id":"ONSc97WMK16c2b"}
[2025-01-29 19:30:07] User -> Cost for leg2 Reset ->admin@pds| Requested JSON -> {"id":"ONSc97WMK16c2b"} | 
[2025-01-29 19:30:09] User -> Cost for leg2 Added ->admin@pds| Requested JSON -> {"cost_ONSc97WMK16c2b":"90"} | 2024 | dec
[2025-01-29 19:30:28] User -> FPS deleted -> admin@pds| Requested JSON -> {"uid":"all"} | all
[2025-01-29 19:35:12] User -> Cost for leg2 Added ->admin@pds| Requested JSON -> {"cost_KTCrIs5s28mvHO":"90"} | 2024 | oct
[2025-01-29 19:35:18] User -> Cost for leg2 Added ->admin@pds| Requested JSON -> {"cost_KbvGPd46cPu8xu":"90"} | 2024 | oct
