
Log for 'C:\Users\Shallu\AppData\Local\Temp\5ff57d79d24a47549cdabec16a8814aa-pulp.lp' Clone_2 (V22.1.0.0) Tue Aug 27 18:28:21 2024

Tried aggregator 1 time.
LP Presolve eliminated 2590420 rows and 5124768 columns.
All rows and columns eliminated.
Presolve time = 4.44 sec. (2168.97 ticks)

Dual simplex solved model.


Log for 'C:\Users\Shallu\AppData\Local\Temp\6e136c8a1b584095a2475343f4d107a1-pulp.lp' Clone_2 (V22.1.0.0) Tue Aug 27 19:47:50 2024

Tried aggregator 1 time.
LP Presolve eliminated 4953744 rows and 5124768 columns.
All rows and columns eliminated.
Presolve time = 5.11 sec. (2671.08 ticks)

Dual simplex solved model.


Log for 'C:\Users\Shallu\AppData\Local\Temp\85ffa7766ee44d2eb0ee85a9ead26241-pulp.lp' Clone_2 (V22.1.0.0) Tue Aug 27 23:20:06 2024

Presolve time = 0.03 sec. (7.50 ticks)

Dual simplex solved model.


Log for 'C:\Users\Shallu\AppData\Local\Temp\6bb3c25660984785bac81f72394c281c-pulp.lp' Clone_2 (V22.1.0.0) Tue Aug 27 23:28:43 2024

Tried aggregator 1 time.
LP Presolve eliminated 864 rows and 12912 columns.
Aggregator did 107 substitutions.
Reduced LP has 229 rows, 8998 columns, and 17809 nonzeros.
Presolve time = 0.05 sec. (18.57 ticks)

Iteration log . . .
Iteration:     1    Infeasibility =        150080.907304
Iteration:   108    Objective     =      34248139.626963
Iteration:   232    Objective     =      29652411.771583
Iteration:   351    Objective     =      26620366.481720
Iteration:   480    Objective     =      23741519.829171
Iteration:   612    Objective     =      20899024.698897
Iteration:   743    Objective     =      19023703.131231
Iteration:   877    Objective     =      17663025.986847
Iteration:  1005    Objective     =      16482143.784674
Iteration:  1117    Objective     =      15983293.613993

Dual simplex solved model.


Log for 'C:\Users\Shallu\AppData\Local\Temp\890362a2b9bd4616a633cbae4881c358-pulp.lp' Clone_2 (V22.1.0.0) Tue Aug 27 23:31:47 2024

Tried aggregator 1 time.
LP Presolve eliminated 864 rows and 12912 columns.
Aggregator did 107 substitutions.
Reduced LP has 229 rows, 8998 columns, and 17809 nonzeros.
Presolve time = 0.05 sec. (18.57 ticks)

Iteration log . . .
Iteration:     1    Infeasibility =        150080.907304
Iteration:   108    Objective     =      34248139.626963
Iteration:   232    Objective     =      29652411.771583
Iteration:   351    Objective     =      26620366.481720
Iteration:   480    Objective     =      23741519.829171
Iteration:   612    Objective     =      20899024.698897
Iteration:   743    Objective     =      19023703.131231
Iteration:   877    Objective     =      17663025.986847

Dual simplex solved model.


Log for 'C:\Users\Shallu\AppData\Local\Temp\2162a5c32e20467d83639a4f5d9b2beb-pulp.lp' Clone_2 (V22.1.0.0) Tue Aug 27 23:34:04 2024

Tried aggregator 1 time.
LP Presolve eliminated 864 rows and 12912 columns.
Aggregator did 107 substitutions.
Reduced LP has 229 rows, 8998 columns, and 17809 nonzeros.
Presolve time = 0.05 sec. (18.57 ticks)

Iteration log . . .
Iteration:     1    Infeasibility =        150080.907304
Iteration:   108    Objective     =      34248139.626963
Iteration:   232    Objective     =      29652411.771583
Iteration:   351    Objective     =      26620366.481720
Iteration:   480    Objective     =      23741519.829171
Iteration:   612    Objective     =      20899024.698897
Iteration:   743    Objective     =      19023703.131231
Iteration:   877    Objective     =      17663025.986847
Iteration:  1005    Objective     =      16482143.784674
Iteration:  1117    Objective     =      15983293.613993

Dual simplex solved model.


Log for 'C:\Users\Shivam1\AppData\Local\Temp\257ba9b54eec4b5d805cee4b8c90809c-pulp.lp' Clone_2 (V22.1.0.0) Wed Sep 11 01:56:24 2024

Tried aggregator 1 time.
LP Presolve eliminated 2590420 rows and 5124768 columns.
All rows and columns eliminated.
Presolve time = 4.58 sec. (2168.97 ticks)

Dual simplex solved model.


Log for 'C:\Users\Shivam1\AppData\Local\Temp\323fb5a7356c4c78bee0385672619f89-pulp.lp' Clone_2 (V22.1.0.0) Wed Sep 11 09:58:48 2024

Tried aggregator 1 time.
LP Presolve eliminated 4953744 rows and 5124768 columns.
All rows and columns eliminated.
Presolve time = 5.24 sec. (2671.08 ticks)

Dual simplex solved model.


Log for 'C:\Users\Shivam1\AppData\Local\Temp\d6d166fffac14e3b92c214609c8193e7-pulp.lp' Clone_2 (V22.1.0.0) Wed Sep 11 12:50:02 2024

Tried aggregator 1 time.
LP Presolve eliminated 932 rows and 12722 columns.
Aggregator did 166 substitutions.
All rows and columns eliminated.
Presolve time = 0.00 sec. (9.14 ticks)

Dual simplex solved model.


Log for 'C:\Users\Shivam1\AppData\Local\Temp\68b07c130b71456b8c01084651bcb9f3-pulp.lp' Clone_2 (V22.1.0.0) Wed Sep 11 16:17:46 2024

Tried aggregator 1 time.
LP Presolve eliminated 932 rows and 12722 columns.
Aggregator did 166 substitutions.
All rows and columns eliminated.
Presolve time = 0.02 sec. (9.14 ticks)

Dual simplex solved model.


Log for 'C:\Users\Shivam1\AppData\Local\Temp\d7869ab9d11041f68ebc8833a6147a33-pulp.lp' Clone_2 (V22.1.0.0) Wed Sep 11 16:25:29 2024

Tried aggregator 1 time.
LP Presolve eliminated 932 rows and 12722 columns.
Aggregator did 166 substitutions.
All rows and columns eliminated.
Presolve time = 0.02 sec. (9.14 ticks)

Dual simplex solved model.


Log for 'C:\Users\Shivam1\AppData\Local\Temp\2497c816a48a4720b1b6a1aa4df6b439-pulp.lp' Clone_2 (V22.1.0.0) Fri Sep 13 09:57:46 2024

Tried aggregator 1 time.
LP Presolve eliminated 932 rows and 12722 columns.
Aggregator did 166 substitutions.
All rows and columns eliminated.
Presolve time = 0.03 sec. (9.14 ticks)

Dual simplex solved model.


Log for 'C:\Users\Shivam1\AppData\Local\Temp\a261504cb27b46418bc838b5ff44e1d0-pulp.lp' Clone_2 (V22.1.0.0) Fri Sep 13 11:19:48 2024

Tried aggregator 1 time.
LP Presolve eliminated 932 rows and 12722 columns.
Aggregator did 166 substitutions.
All rows and columns eliminated.
Presolve time = 0.02 sec. (9.16 ticks)

Dual simplex solved model.


Log for 'C:\Users\Shivam1\AppData\Local\Temp\4\810cc8f2d81e436ea88b350bb2e54af6-pulp.lp' Clone_2 (V22.1.0.0) Fri Sep 13 12:58:46 2024

Tried aggregator 1 time.
Presolve time = 0.06 sec. (17.20 ticks)

Dual simplex solved model.


Log for 'C:\Users\Shivam1\AppData\Local\Temp\4\0b58b97f039742a2bfafba177cd7a53c-pulp.lp' Clone_2 (V22.1.0.0) Fri Sep 13 13:14:39 2024

Tried aggregator 1 time.
LP Presolve eliminated 864 rows and 12912 columns.
Aggregator did 107 substitutions.
Reduced LP has 229 rows, 8998 columns, and 17809 nonzeros.
Presolve time = 0.03 sec. (18.60 ticks)

Iteration log . . .
Iteration:     1    Infeasibility =        150080.907304
Iteration:   108    Objective     =      34248139.626963
Iteration:   232    Objective     =      29652411.771583
Iteration:   351    Objective     =      26620366.481720
Iteration:   480    Objective     =      23741519.829171
Iteration:   612    Objective     =      20899024.698897
Iteration:   743    Objective     =      19023703.131231
Iteration:   877    Objective     =      17663025.986847
Iteration:  1005    Objective     =      16482143.784674
Iteration:  1117    Objective     =      15983293.613993

Dual simplex solved model.


Log for 'C:\Users\Shivam1\AppData\Local\Temp\4\50c77bc4afb246928028140f0530b458-pulp.lp' Clone_2 (V22.1.0.0) Fri Sep 13 13:15:25 2024

Tried aggregator 1 time.
LP Presolve eliminated 864 rows and 12912 columns.
Aggregator did 107 substitutions.
Reduced LP has 229 rows, 8998 columns, and 17809 nonzeros.
Presolve time = 0.03 sec. (18.60 ticks)

Iteration log . . .
Iteration:     1    Infeasibility =        150080.907304
Iteration:   108    Objective     =      34248139.626963
Iteration:   232    Objective     =      29652411.771583
Iteration:   351    Objective     =      26620366.481720
Iteration:   480    Objective     =      23741519.829171
Iteration:   612    Objective     =      20899024.698897
Iteration:   743    Objective     =      19023703.131231
Iteration:   877    Objective     =      17663025.986847
Iteration:  1005    Objective     =      16482143.784674
Iteration:  1117    Objective     =      15983293.613993

Dual simplex solved model.


Log for 'C:\Users\Shivam1\AppData\Local\Temp\4\b3635ca5da324132bdd257e7ee8c9e3f-pulp.lp' Clone_2 (V22.1.0.0) Fri Sep 13 13:16:07 2024

Tried aggregator 1 time.
LP Presolve eliminated 864 rows and 12912 columns.
Aggregator did 107 substitutions.
Reduced LP has 229 rows, 8998 columns, and 17809 nonzeros.
Presolve time = 0.05 sec. (18.60 ticks)

Iteration log . . .
Iteration:     1    Infeasibility =        150080.907304
Iteration:   108    Objective     =      34248139.626963
Iteration:   232    Objective     =      29652411.771583
Iteration:   351    Objective     =      26620366.481720
Iteration:   480    Objective     =      23741519.829171
Iteration:   612    Objective     =      20899024.698897
Iteration:   743    Objective     =      19023703.131231
Iteration:   877    Objective     =      17663025.986847
Iteration:  1005    Objective     =      16482143.784674
Iteration:  1117    Objective     =      15983293.613993

Dual simplex solved model.


Log for 'C:\Users\Shivam1\AppData\Local\Temp\4\e5a679de93f94b949a97cf0a10f428bd-pulp.lp' Clone_2 (V22.1.0.0) Fri Sep 13 13:18:32 2024

Tried aggregator 1 time.
LP Presolve eliminated 864 rows and 12912 columns.
Aggregator did 107 substitutions.
Reduced LP has 229 rows, 8998 columns, and 17809 nonzeros.
Presolve time = 0.03 sec. (18.60 ticks)

Iteration log . . .
Iteration:     1    Infeasibility =        150080.907304
Iteration:   108    Objective     =      34248139.626963
Iteration:   232    Objective     =      29652411.771583
Iteration:   351    Objective     =      26620366.481720
Iteration:   480    Objective     =      23741519.829171
Iteration:   612    Objective     =      20899024.698897
Iteration:   743    Objective     =      19023703.131231
Iteration:   877    Objective     =      17663025.986847
Iteration:  1005    Objective     =      16482143.784674
Iteration:  1117    Objective     =      15983293.613993

Dual simplex solved model.


Log for 'C:\Users\Shivam1\AppData\Local\Temp\4\1d80fd896b564ec8b79b3458c64fb67d-pulp.lp' Clone_2 (V22.1.0.0) Fri Sep 13 13:21:42 2024

Tried aggregator 1 time.
LP Presolve eliminated 864 rows and 12912 columns.
Aggregator did 107 substitutions.
Reduced LP has 229 rows, 8998 columns, and 17809 nonzeros.
Presolve time = 0.03 sec. (18.60 ticks)

Iteration log . . .
Iteration:     1    Infeasibility =        150080.907304
Iteration:   108    Objective     =      34248139.626963
Iteration:   232    Objective     =      29652411.771583
Iteration:   351    Objective     =      26620366.481720
Iteration:   480    Objective     =      23741519.829171
Iteration:   612    Objective     =      20899024.698897
Iteration:   743    Objective     =      19023703.131231
Iteration:   877    Objective     =      17663025.986847
Iteration:  1005    Objective     =      16482143.784674
Iteration:  1117    Objective     =      15983293.613993

Dual simplex solved model.


Log for 'C:\Users\Shivam1\AppData\Local\Temp\4\924d1f40664444f8814f317cbeb2a23b-pulp.lp' Clone_2 (V22.1.0.0) Fri Sep 13 13:27:45 2024

Tried aggregator 1 time.
LP Presolve eliminated 864 rows and 12912 columns.
Aggregator did 107 substitutions.
Reduced LP has 229 rows, 8998 columns, and 17809 nonzeros.
Presolve time = 0.05 sec. (18.60 ticks)

Iteration log . . .
Iteration:     1    Infeasibility =        150080.907304
Iteration:   108    Objective     =      34248139.626963
Iteration:   232    Objective     =      29652411.771583
Iteration:   351    Objective     =      26620366.481720
Iteration:   480    Objective     =      23741519.829171
Iteration:   612    Objective     =      20899024.698897
Iteration:   743    Objective     =      19023703.131231
Iteration:   877    Objective     =      17663025.986847
Iteration:  1005    Objective     =      16482143.784674
Iteration:  1117    Objective     =      15983293.613993

Dual simplex solved model.


Log for 'C:\Users\Shivam1\AppData\Local\Temp\4\9178fd61a7f24c6286e9ba6d72b044fc-pulp.lp' Clone_2 (V22.1.0.0) Fri Sep 13 13:30:16 2024

Tried aggregator 1 time.
LP Presolve eliminated 864 rows and 12912 columns.
Aggregator did 107 substitutions.
Reduced LP has 229 rows, 8998 columns, and 17809 nonzeros.
Presolve time = 0.05 sec. (18.60 ticks)

Iteration log . . .
Iteration:     1    Infeasibility =        150080.907304
Iteration:   108    Objective     =      34248139.626963
Iteration:   232    Objective     =      29652411.771583
Iteration:   351    Objective     =      26620366.481720
Iteration:   480    Objective     =      23741519.829171
Iteration:   612    Objective     =      20899024.698897
Iteration:   743    Objective     =      19023703.131231
Iteration:   877    Objective     =      17663025.986847
Iteration:  1005    Objective     =      16482143.784674
Iteration:  1117    Objective     =      15983293.613993

Dual simplex solved model.


Log for 'C:\Users\Shivam1\AppData\Local\Temp\4\79d96a86f6104277940105d3dd3ebd34-pulp.lp' Clone_2 (V22.1.0.0) Fri Sep 13 13:32:28 2024

Tried aggregator 1 time.
LP Presolve eliminated 864 rows and 12912 columns.
Aggregator did 107 substitutions.
Reduced LP has 229 rows, 8998 columns, and 17809 nonzeros.
Presolve time = 0.05 sec. (18.60 ticks)

Iteration log . . .
Iteration:     1    Infeasibility =        150080.907304
Iteration:   108    Objective     =      34248139.626963
Iteration:   232    Objective     =      29652411.771583
Iteration:   351    Objective     =      26620366.481720
Iteration:   480    Objective     =      23741519.829171
Iteration:   612    Objective     =      20899024.698897
Iteration:   743    Objective     =      19023703.131231
Iteration:   877    Objective     =      17663025.986847
Iteration:  1005    Objective     =      16482143.784674
Iteration:  1117    Objective     =      15983293.613993

Dual simplex solved model.


Log for 'C:\Users\Shivam1\AppData\Local\Temp\4\86b209ff946a400cb9e01d9a250bbf3e-pulp.lp' Clone_2 (V22.1.0.0) Fri Sep 13 17:46:04 2024

Tried aggregator 1 time.
LP Presolve eliminated 932 rows and 12722 columns.
Aggregator did 166 substitutions.
All rows and columns eliminated.
Presolve time = 0.03 sec. (9.16 ticks)

Dual simplex solved model.


Log for 'C:\Users\Shivam1\AppData\Local\Temp\51d4cb6b8e474a2e9d1d08eec9ff2098-pulp.lp' Clone_2 (V22.1.0.0) Sat Sep 14 12:23:35 2024

Tried aggregator 1 time.
LP Presolve eliminated 864 rows and 12912 columns.
Aggregator did 107 substitutions.
Reduced LP has 229 rows, 8998 columns, and 17809 nonzeros.
Presolve time = 0.05 sec. (18.60 ticks)

Iteration log . . .
Iteration:     1    Infeasibility =        150080.907304
Iteration:   108    Objective     =      34248139.626963
Iteration:   232    Objective     =      29652411.771583
Iteration:   351    Objective     =      26620366.481720
Iteration:   480    Objective     =      23741519.829171
Iteration:   612    Objective     =      20899024.698897
Iteration:   743    Objective     =      19023703.131231
Iteration:   877    Objective     =      17663025.986847
Iteration:  1005    Objective     =      16482143.784674
Iteration:  1117    Objective     =      15983293.613993

Dual simplex solved model.


Log for 'C:\Users\Shivam1\AppData\Local\Temp\0325da637c21485c9d4dc61e5722f8e7-pulp.lp' Clone_2 (V22.1.0.0) Sat Sep 14 12:26:54 2024

Tried aggregator 1 time.
LP Presolve eliminated 864 rows and 12912 columns.
Aggregator did 107 substitutions.
Reduced LP has 229 rows, 8998 columns, and 17809 nonzeros.
Presolve time = 0.03 sec. (18.60 ticks)

Iteration log . . .
Iteration:     1    Infeasibility =        150080.907304
Iteration:   108    Objective     =      34248139.626963
Iteration:   232    Objective     =      29652411.771583
Iteration:   351    Objective     =      26620366.481720
Iteration:   480    Objective     =      23741519.829171
Iteration:   612    Objective     =      20899024.698897
Iteration:   743    Objective     =      19023703.131231
Iteration:   877    Objective     =      17663025.986847
Iteration:  1005    Objective     =      16482143.784674
Iteration:  1117    Objective     =      15983293.613993

Dual simplex solved model.


Log for 'C:\Users\Shivam1\AppData\Local\Temp\9030f1e64c50429eab949ea01a00aa12-pulp.lp' Clone_2 (V22.1.0.0) Sun Sep 15 20:51:35 2024

Tried aggregator 1 time.
LP Presolve eliminated 2590420 rows and 5124768 columns.
All rows and columns eliminated.
Presolve time = 4.33 sec. (2137.04 ticks)

Dual simplex solved model.


Log for 'C:\Users\Shivam1\AppData\Local\Temp\ddf38b1bafb74961b0f2b8b274407816-pulp.lp' Clone_2 (V22.1.0.0) Mon Sep 16 11:16:10 2024

Tried aggregator 1 time.
LP Presolve eliminated 2590420 rows and 5124768 columns.
All rows and columns eliminated.
Presolve time = 3.53 sec. (2137.04 ticks)

Dual simplex solved model.


Log for 'C:\Users\Shivam1\AppData\Local\Temp\26ee0e6ca55a42a39cf3fa353cabaf8c-pulp.lp' Clone_2 (V22.1.0.0) Mon Sep 16 17:31:51 2024

Tried aggregator 1 time.
LP Presolve eliminated 2590420 rows and 5124768 columns.
All rows and columns eliminated.
Presolve time = 3.20 sec. (2168.97 ticks)

Dual simplex solved model.


Log for 'C:\Users\Shivam1\AppData\Local\Temp\fc1b6d7aaa3e4a568455c94a195cc582-pulp.lp' Clone_2 (V22.1.0.0) Mon Sep 16 18:32:45 2024

Tried aggregator 1 time.
LP Presolve eliminated 4953744 rows and 5124768 columns.
All rows and columns eliminated.
Presolve time = 5.42 sec. (2671.08 ticks)

Dual simplex solved model.


Log for 'C:\Users\Shivam1\AppData\Local\Temp\e90aa7dd92304732be69bfa7ff15ce70-pulp.lp' Clone_2 (V22.1.0.0) Mon Sep 16 19:32:40 2024

Tried aggregator 1 time.
LP Presolve eliminated 864 rows and 12912 columns.
Aggregator did 107 substitutions.
Reduced LP has 229 rows, 8998 columns, and 17809 nonzeros.
Presolve time = 0.03 sec. (18.60 ticks)

Iteration log . . .
Iteration:     1    Infeasibility =        150080.907304
Iteration:   108    Objective     =      34248139.626963
Iteration:   232    Objective     =      29652411.771583
Iteration:   351    Objective     =      26620366.481720
Iteration:   480    Objective     =      23741519.829171
Iteration:   612    Objective     =      20899024.698897
Iteration:   743    Objective     =      19023703.131231
Iteration:   877    Objective     =      17663025.986847
Iteration:  1005    Objective     =      16482143.784674
Iteration:  1117    Objective     =      15983293.613993

Dual simplex solved model.


Log for 'C:\Users\Shivam1\AppData\Local\Temp\f8b9cdb93a6944ff836e63f14cfdaa66-pulp.lp' Clone_2 (V22.1.0.0) Mon Sep 16 19:35:34 2024

Tried aggregator 1 time.
LP Presolve eliminated 864 rows and 12912 columns.
Aggregator did 107 substitutions.
Reduced LP has 229 rows, 8998 columns, and 17809 nonzeros.
Presolve time = 0.03 sec. (18.60 ticks)

Iteration log . . .
Iteration:     1    Infeasibility =        150080.907304
Iteration:   108    Objective     =      34248139.626963
Iteration:   232    Objective     =      29652411.771583
Iteration:   351    Objective     =      26620366.481720
Iteration:   480    Objective     =      23741519.829171
Iteration:   612    Objective     =      20899024.698897
Iteration:   743    Objective     =      19023703.131231
Iteration:   877    Objective     =      17663025.986847
Iteration:  1005    Objective     =      16482143.784674
Iteration:  1117    Objective     =      15983293.613993

Dual simplex solved model.


Log for 'C:\Users\Shivam1\AppData\Local\Temp\d1545a722be94ad1903b348fc112a5c5-pulp.lp' Clone_2 (V22.1.0.0) Mon Sep 16 19:51:13 2024

Tried aggregator 1 time.
LP Presolve eliminated 864 rows and 12912 columns.
Aggregator did 107 substitutions.
Reduced LP has 229 rows, 8998 columns, and 17809 nonzeros.
Presolve time = 0.03 sec. (18.60 ticks)

Iteration log . . .
Iteration:     1    Infeasibility =        150080.907304
Iteration:   108    Objective     =      34248139.626963
Iteration:   232    Objective     =      29652411.771583
Iteration:   351    Objective     =      26620366.481720
Iteration:   480    Objective     =      23741519.829171
Iteration:   612    Objective     =      20899024.698897
Iteration:   743    Objective     =      19023703.131231
Iteration:   877    Objective     =      17663025.986847
Iteration:  1005    Objective     =      16482143.784674
Iteration:  1117    Objective     =      15983293.613993

Dual simplex solved model.


Log for 'C:\Users\Shallu\AppData\Local\Temp\ff76bd85f8cc4b0299a44b23d08b45e6-pulp.lp' Clone_2 (V22.1.0.0) Thu Sep 19 21:00:23 2024

Tried aggregator 1 time.
LP Presolve eliminated 28 rows and 616 columns.
Reduced LP has 531 rows, 11198 columns, and 22396 nonzeros.
Presolve time = 0.03 sec. (7.97 ticks)

Iteration log . . .
Iteration:     1    Infeasibility =        946280.360500
Iteration:   229    Infeasibility =        736709.590500
Iteration:   456    Infeasibility =        128069.244000
Iteration:   524    Objective     =     160879078.682483
Iteration:   719    Objective     =      97623990.976547
Iteration:  1017    Objective     =      42931452.051099
Iteration:  1286    Objective     =      16146787.308048

Dual simplex solved model.


Log for 'C:\Users\Shallu\AppData\Local\Temp\a6a693542402440da8aa5004ac00147c-pulp.lp' Clone_2 (V22.1.0.0) Thu Sep 19 21:01:44 2024

Tried aggregator 1 time.
LP Presolve eliminated 28 rows and 616 columns.
Reduced LP has 531 rows, 11198 columns, and 22396 nonzeros.
Presolve time = 0.02 sec. (7.97 ticks)

Iteration log . . .
Iteration:     1    Infeasibility =        946280.360500
Iteration:   229    Infeasibility =        736709.590500
Iteration:   456    Infeasibility =        128069.244000
Iteration:   524    Objective     =     160879078.682483
Iteration:   719    Objective     =      97623990.976547
Iteration:  1017    Objective     =      42931452.051099
Iteration:  1286    Objective     =      16146787.308048

Dual simplex solved model.


Log for 'C:\Users\Shallu\AppData\Local\Temp\e59543454aa246ee9580c2ac1b3667c6-pulp.lp' Clone_2 (V22.1.0.0) Thu Sep 19 22:31:53 2024

Tried aggregator 1 time.
LP Presolve eliminated 862 rows and 11834 columns.
Aggregator did 107 substitutions.
Reduced LP has 229 rows, 9002 columns, and 17813 nonzeros.
Presolve time = 0.03 sec. (17.80 ticks)

Iteration log . . .
Iteration:     1    Infeasibility =        149860.357304
Iteration:   114    Objective     =      34691170.575777
Iteration:   242    Objective     =      30827068.493957
Iteration:   355    Objective     =      25662196.192755
Iteration:   492    Objective     =      22312393.925374
Iteration:   627    Objective     =      20605245.778077
Iteration:   757    Objective     =      18746383.585115
Iteration:   906    Objective     =      16914435.183828
Iteration:  1034    Objective     =      16384066.885967

Dual simplex solved model.


Log for 'C:\Users\Shallu\AppData\Local\Temp\a6774b551a4f4012bbb68276dc2321df-pulp.lp' Clone_2 (V22.1.0.0) Thu Sep 19 22:38:35 2024

Tried aggregator 1 time.
LP Presolve eliminated 862 rows and 11834 columns.
Aggregator did 107 substitutions.
Reduced LP has 229 rows, 9002 columns, and 17813 nonzeros.
Presolve time = 0.03 sec. (17.80 ticks)

Iteration log . . .
Iteration:     1    Infeasibility =        149860.357304
Iteration:   114    Objective     =      34691170.575777
Iteration:   242    Objective     =      30827068.493957
Iteration:   355    Objective     =      25662196.192755
Iteration:   492    Objective     =      22312393.925374
Iteration:   627    Objective     =      20605245.778077
Iteration:   757    Objective     =      18746383.585115
Iteration:   906    Objective     =      16914435.183828
Iteration:  1034    Objective     =      16384066.885967

Dual simplex solved model.


Log for 'C:\Users\Shallu\AppData\Local\Temp\261aa5bf460042cf83e3b8dfa16e918a-pulp.lp' Clone_2 (V22.1.0.0) Thu Sep 19 22:45:03 2024

Tried aggregator 1 time.
LP Presolve eliminated 862 rows and 11834 columns.
Aggregator did 107 substitutions.
Reduced LP has 229 rows, 9002 columns, and 17813 nonzeros.
Presolve time = 0.05 sec. (17.80 ticks)

Iteration log . . .
Iteration:     1    Infeasibility =        149860.357304
Iteration:   114    Objective     =      34691170.575777
Iteration:   242    Objective     =      30827068.493957
Iteration:   355    Objective     =      25662196.192755
Iteration:   492    Objective     =      22312393.925374
Iteration:   627    Objective     =      20605245.778077
Iteration:   757    Objective     =      18746383.585115
Iteration:   906    Objective     =      16914435.183828
Iteration:  1034    Objective     =      16384066.885967

Dual simplex solved model.


Log for 'C:\Users\Shallu\AppData\Local\Temp\7d7aed81ab8844eb8b39abce935e18ce-pulp.lp' Clone_2 (V22.1.0.0) Thu Sep 19 22:45:49 2024

Tried aggregator 1 time.
LP Presolve eliminated 862 rows and 11834 columns.
Aggregator did 107 substitutions.
Reduced LP has 229 rows, 9002 columns, and 17813 nonzeros.
Presolve time = 0.03 sec. (17.80 ticks)

Iteration log . . .
Iteration:     1    Infeasibility =        149860.357304
Iteration:   114    Objective     =      34691170.575777
Iteration:   242    Objective     =      30827068.493957
Iteration:   355    Objective     =      25662196.192755
Iteration:   492    Objective     =      22312393.925374
Iteration:   627    Objective     =      20605245.778077
Iteration:   757    Objective     =      18746383.585115
Iteration:   906    Objective     =      16914435.183828
Iteration:  1034    Objective     =      16384066.885967

Dual simplex solved model.

