
Log for 'C:\Users\Shallu\AppData\Local\Temp\5ff57d79d24a47549cdabec16a8814aa-pulp.lp' Clone_1 (V22.1.0.0) Tue Aug 27 18:28:21 2024

Tried aggregator 1 time.
LP Presolve eliminated 2590420 rows and 5124768 columns.
All rows and columns eliminated.
Presolve time = 4.61 sec. (2246.98 ticks)

Log for 'C:\Users\Shallu\AppData\Local\Temp\5ff57d79d24a47549cdabec16a8814aa-pulp.lp' Clone_1 (V22.1.0.0) Tue Aug 27 18:28:30 2024

Parallel mode: deterministic, using up to 30 threads for concurrent optimization:
 * Starting dual Simplex on 1 thread...
 * Starting primal Simplex on 1 thread...

Total time on 30 threads = 12.31 sec. (4603.92 ticks)

Dual simplex solved model.


Log for 'C:\Users\Shallu\AppData\Local\Temp\6e136c8a1b584095a2475343f4d107a1-pulp.lp' Clone_1 (V22.1.0.0) Tue Aug 27 19:47:50 2024

Tried aggregator 1 time.
LP Presolve eliminated 4953744 rows and 5124768 columns.
All rows and columns eliminated.
Presolve time = 5.88 sec. (2785.16 ticks)
Parallel mode: deterministic, using up to 30 threads for concurrent optimization:
 * Starting dual Simplex on 1 thread...
 * Starting primal Simplex on 1 thread...

Log for 'C:\Users\Shallu\AppData\Local\Temp\6e136c8a1b584095a2475343f4d107a1-pulp.lp' Clone_1 (V22.1.0.0) Tue Aug 27 19:48:01 2024

Using devex.

Total time on 30 threads = 16.72 sec. (6360.92 ticks)

Dual simplex solved model.


Log for 'C:\Users\Shallu\AppData\Local\Temp\85ffa7766ee44d2eb0ee85a9ead26241-pulp.lp' Clone_1 (V22.1.0.0) Tue Aug 27 23:20:06 2024

Presolve time = 0.03 sec. (7.50 ticks)

Dual simplex solved model.


Log for 'C:\Users\Shallu\AppData\Local\Temp\6bb3c25660984785bac81f72394c281c-pulp.lp' Clone_1 (V22.1.0.0) Tue Aug 27 23:28:43 2024

Tried aggregator 1 time.
LP Presolve eliminated 864 rows and 12912 columns.
Aggregator did 107 substitutions.
Reduced LP has 229 rows, 8998 columns, and 17809 nonzeros.
Presolve time = 0.05 sec. (18.30 ticks)
Parallel mode: using up to 29 threads for barrier.
Number of nonzeros in lower triangle of A*A' = 8811
Using Approximate Minimum Degree ordering
Total time for automatic ordering = 0.00 sec. (0.39 ticks)
Summary statistics for Cholesky factor:
  Threads                   = 29
  Rows in Factor            = 229
  Integer space required    = 4728
  Total non-zeros in factor = 12172
  Total FP ops to factor    = 743770
 Itn      Primal Obj        Dual Obj  Prim Inf Upper Inf  Dual Inf Inf Ratio
   0   6.9820668e+08   3.1479605e+06  1.09e+07  4.30e+03  3.89e+04  1.00e+00
   1   1.1081972e+08   1.1821399e+07  1.46e+06  5.72e+02  1.96e+04  8.28e-04
   2   4.5332954e+07   1.4379953e+07  4.29e+05  1.68e+02  1.15e+04  1.11e-03
   3   3.1269154e+07   1.6304690e+07  2.09e+05  8.21e+01  5.18e+03  1.44e-03
   4   2.8349814e+07   1.6220696e+07  1.69e+05  6.62e+01  2.04e+03  2.46e-03
   5   2.0749193e+07   1.6065441e+07  6.56e+04  2.58e+01  1.04e+03  4.57e-03
 Barrier aborted.
Barrier time = 0.03 sec. (6.24 ticks)

Dual simplex solved model.


Log for 'C:\Users\Shallu\AppData\Local\Temp\890362a2b9bd4616a633cbae4881c358-pulp.lp' Clone_1 (V22.1.0.0) Tue Aug 27 23:31:47 2024

Tried aggregator 1 time.
LP Presolve eliminated 864 rows and 12912 columns.
Aggregator did 107 substitutions.
Reduced LP has 229 rows, 8998 columns, and 17809 nonzeros.
Presolve time = 0.05 sec. (18.30 ticks)
Parallel mode: using up to 29 threads for barrier.
Number of nonzeros in lower triangle of A*A' = 8811
Using Approximate Minimum Degree ordering
Total time for automatic ordering = 0.00 sec. (0.39 ticks)
Summary statistics for Cholesky factor:
  Threads                   = 29
  Rows in Factor            = 229
  Integer space required    = 4728
  Total non-zeros in factor = 12172
  Total FP ops to factor    = 743770
 Itn      Primal Obj        Dual Obj  Prim Inf Upper Inf  Dual Inf Inf Ratio
   0   6.9820668e+08   3.1479605e+06  1.09e+07  4.30e+03  3.89e+04  1.00e+00
   1   1.1081972e+08   1.1821399e+07  1.46e+06  5.72e+02  1.96e+04  8.28e-04
   2   4.5332954e+07   1.4379953e+07  4.29e+05  1.68e+02  1.15e+04  1.11e-03
 Barrier aborted.
Barrier time = 0.02 sec. (3.82 ticks)

Dual simplex solved model.


Log for 'C:\Users\Shallu\AppData\Local\Temp\2162a5c32e20467d83639a4f5d9b2beb-pulp.lp' Clone_1 (V22.1.0.0) Tue Aug 27 23:34:04 2024

Tried aggregator 1 time.
LP Presolve eliminated 864 rows and 12912 columns.
Aggregator did 107 substitutions.
Reduced LP has 229 rows, 8998 columns, and 17809 nonzeros.
Presolve time = 0.05 sec. (18.30 ticks)
Parallel mode: using up to 29 threads for barrier.
Number of nonzeros in lower triangle of A*A' = 8811
Using Approximate Minimum Degree ordering
Total time for automatic ordering = 0.00 sec. (0.39 ticks)
Summary statistics for Cholesky factor:
  Threads                   = 29
  Rows in Factor            = 229
  Integer space required    = 4728
  Total non-zeros in factor = 12172
  Total FP ops to factor    = 743770
 Itn      Primal Obj        Dual Obj  Prim Inf Upper Inf  Dual Inf Inf Ratio
   0   6.9820668e+08   3.1479605e+06  1.09e+07  4.30e+03  3.89e+04  1.00e+00
   1   1.1081972e+08   1.1821399e+07  1.46e+06  5.72e+02  1.96e+04  8.28e-04
   2   4.5332954e+07   1.4379953e+07  4.29e+05  1.68e+02  1.15e+04  1.11e-03
   3   3.1269154e+07   1.6304690e+07  2.09e+05  8.21e+01  5.18e+03  1.44e-03
   4   2.8349814e+07   1.6220696e+07  1.69e+05  6.62e+01  2.04e+03  2.46e-03
   5   2.0749193e+07   1.6065441e+07  6.56e+04  2.58e+01  1.04e+03  4.57e-03
 Barrier aborted.
Barrier time = 0.03 sec. (6.24 ticks)

Dual simplex solved model.


Log for 'C:\Users\Shivam1\AppData\Local\Temp\257ba9b54eec4b5d805cee4b8c90809c-pulp.lp' Clone_1 (V22.1.0.0) Wed Sep 11 01:56:24 2024

Tried aggregator 1 time.
LP Presolve eliminated 2590420 rows and 5124768 columns.
All rows and columns eliminated.
Presolve time = 4.86 sec. (2246.98 ticks)

Log for 'C:\Users\Shivam1\AppData\Local\Temp\257ba9b54eec4b5d805cee4b8c90809c-pulp.lp' Clone_1 (V22.1.0.0) Wed Sep 11 01:56:34 2024

Parallel mode: deterministic, using up to 30 threads for concurrent optimization:
 * Starting dual Simplex on 1 thread...
 * Starting primal Simplex on 1 thread...

Total time on 30 threads = 12.97 sec. (4603.92 ticks)

Dual simplex solved model.


Log for 'C:\Users\Shivam1\AppData\Local\Temp\323fb5a7356c4c78bee0385672619f89-pulp.lp' Clone_1 (V22.1.0.0) Wed Sep 11 09:58:48 2024

Tried aggregator 1 time.
LP Presolve eliminated 4953744 rows and 5124768 columns.
All rows and columns eliminated.
Presolve time = 5.78 sec. (2785.16 ticks)

Log for 'C:\Users\Shivam1\AppData\Local\Temp\323fb5a7356c4c78bee0385672619f89-pulp.lp' Clone_1 (V22.1.0.0) Wed Sep 11 09:58:59 2024

Using devex.
Parallel mode: deterministic, using up to 30 threads for concurrent optimization:
 * Starting dual Simplex on 1 thread...
 * Starting primal Simplex on 1 thread...

Total time on 30 threads = 16.22 sec. (6360.92 ticks)

Dual simplex solved model.


Log for 'C:\Users\Shivam1\AppData\Local\Temp\d6d166fffac14e3b92c214609c8193e7-pulp.lp' Clone_1 (V22.1.0.0) Wed Sep 11 12:50:02 2024

Tried aggregator 1 time.
LP Presolve eliminated 932 rows and 12722 columns.
Aggregator did 166 substitutions.
All rows and columns eliminated.
Presolve time = 0.01 sec. (9.26 ticks)

Log for 'C:\Users\Shivam1\AppData\Local\Temp\d6d166fffac14e3b92c214609c8193e7-pulp.lp' Clone_1 (V22.1.0.0) Wed Sep 11 12:50:02 2024

Parallel mode: deterministic, using up to 30 threads for concurrent optimization:
 * Starting dual Simplex on 1 thread...
 * Starting primal Simplex on 1 thread...

Total time on 30 threads = 0.05 sec. (202.49 ticks)

Dual simplex solved model.


Log for 'C:\Users\Shivam1\AppData\Local\Temp\68b07c130b71456b8c01084651bcb9f3-pulp.lp' Clone_1 (V22.1.0.0) Wed Sep 11 16:17:46 2024

Tried aggregator 1 time.
LP Presolve eliminated 932 rows and 12722 columns.
Aggregator did 166 substitutions.
All rows and columns eliminated.
Presolve time = 0.03 sec. (9.26 ticks)

Log for 'C:\Users\Shivam1\AppData\Local\Temp\68b07c130b71456b8c01084651bcb9f3-pulp.lp' Clone_1 (V22.1.0.0) Wed Sep 11 16:17:46 2024

Parallel mode: deterministic, using up to 30 threads for concurrent optimization:
 * Starting dual Simplex on 1 thread...
 * Starting primal Simplex on 1 thread...

Total time on 30 threads = 0.08 sec. (202.49 ticks)

Dual simplex solved model.


Log for 'C:\Users\Shivam1\AppData\Local\Temp\d7869ab9d11041f68ebc8833a6147a33-pulp.lp' Clone_1 (V22.1.0.0) Wed Sep 11 16:25:29 2024

Tried aggregator 1 time.
LP Presolve eliminated 932 rows and 12722 columns.
Aggregator did 166 substitutions.
All rows and columns eliminated.
Presolve time = 0.02 sec. (9.26 ticks)

Log for 'C:\Users\Shivam1\AppData\Local\Temp\d7869ab9d11041f68ebc8833a6147a33-pulp.lp' Clone_1 (V22.1.0.0) Wed Sep 11 16:25:29 2024

Parallel mode: deterministic, using up to 30 threads for concurrent optimization:
 * Starting dual Simplex on 1 thread...
 * Starting primal Simplex on 1 thread...

Total time on 30 threads = 0.06 sec. (202.49 ticks)

Dual simplex solved model.


Log for 'C:\Users\Shivam1\AppData\Local\Temp\2497c816a48a4720b1b6a1aa4df6b439-pulp.lp' Clone_1 (V22.1.0.0) Fri Sep 13 09:57:46 2024

Tried aggregator 1 time.
LP Presolve eliminated 932 rows and 12722 columns.
Aggregator did 166 substitutions.
All rows and columns eliminated.
Presolve time = 0.03 sec. (9.26 ticks)

Log for 'C:\Users\Shivam1\AppData\Local\Temp\2497c816a48a4720b1b6a1aa4df6b439-pulp.lp' Clone_1 (V22.1.0.0) Fri Sep 13 09:57:46 2024

Parallel mode: deterministic, using up to 30 threads for concurrent optimization:
 * Starting dual Simplex on 1 thread...
 * Starting primal Simplex on 1 thread...

Total time on 30 threads = 0.06 sec. (202.85 ticks)

Dual simplex solved model.


Log for 'C:\Users\Shivam1\AppData\Local\Temp\a261504cb27b46418bc838b5ff44e1d0-pulp.lp' Clone_1 (V22.1.0.0) Fri Sep 13 11:19:48 2024

Tried aggregator 1 time.
LP Presolve eliminated 932 rows and 12722 columns.
Aggregator did 166 substitutions.
All rows and columns eliminated.
Presolve time = 0.02 sec. (9.28 ticks)

Log for 'C:\Users\Shivam1\AppData\Local\Temp\a261504cb27b46418bc838b5ff44e1d0-pulp.lp' Clone_1 (V22.1.0.0) Fri Sep 13 11:19:48 2024

Parallel mode: deterministic, using up to 30 threads for concurrent optimization:
 * Starting dual Simplex on 1 thread...
 * Starting primal Simplex on 1 thread...

Total time on 30 threads = 0.05 sec. (202.87 ticks)

Dual simplex solved model.


Log for 'C:\Users\Shivam1\AppData\Local\Temp\4\810cc8f2d81e436ea88b350bb2e54af6-pulp.lp' Clone_1 (V22.1.0.0) Fri Sep 13 12:58:46 2024

Tried aggregator 1 time.
LP Presolve eliminated 864 rows and 12912 columns.
Aggregator did 107 substitutions.
Reduced LP has 229 rows, 8998 columns, and 17809 nonzeros.
Presolve time = 0.03 sec. (18.33 ticks)
Parallel mode: using up to 29 threads for barrier.
Number of nonzeros in lower triangle of A*A' = 8811
Using Approximate Minimum Degree ordering
Total time for automatic ordering = 0.00 sec. (0.39 ticks)
Summary statistics for Cholesky factor:
  Threads                   = 29
  Rows in Factor            = 229
  Integer space required    = 4728
  Total non-zeros in factor = 12172
  Total FP ops to factor    = 743770
 Itn      Primal Obj        Dual Obj  Prim Inf Upper Inf  Dual Inf Inf Ratio
   0   6.9820668e+08   3.1479605e+06  1.09e+07  4.30e+03  3.89e+04  1.00e+00
   1   1.1081972e+08   1.1821399e+07  1.46e+06  5.72e+02  1.96e+04  8.28e-04
   2   4.5332954e+07   1.4379953e+07  4.29e+05  1.68e+02  1.15e+04  1.11e-03
 Barrier aborted.
Barrier time = 0.03 sec. (3.82 ticks)

Dual simplex solved model.


Log for 'C:\Users\Shivam1\AppData\Local\Temp\4\0b58b97f039742a2bfafba177cd7a53c-pulp.lp' Clone_1 (V22.1.0.0) Fri Sep 13 13:14:39 2024

Tried aggregator 1 time.
LP Presolve eliminated 864 rows and 12912 columns.
Aggregator did 107 substitutions.
Reduced LP has 229 rows, 8998 columns, and 17809 nonzeros.
Presolve time = 0.03 sec. (18.33 ticks)
Parallel mode: using up to 29 threads for barrier.
Number of nonzeros in lower triangle of A*A' = 8811
Using Approximate Minimum Degree ordering
Total time for automatic ordering = 0.00 sec. (0.39 ticks)
Summary statistics for Cholesky factor:
  Threads                   = 29
  Rows in Factor            = 229
  Integer space required    = 4728
  Total non-zeros in factor = 12172
  Total FP ops to factor    = 743770
 Itn      Primal Obj        Dual Obj  Prim Inf Upper Inf  Dual Inf Inf Ratio
   0   6.9820668e+08   3.1479605e+06  1.09e+07  4.30e+03  3.89e+04  1.00e+00
   1   1.1081972e+08   1.1821399e+07  1.46e+06  5.72e+02  1.96e+04  8.28e-04
   2   4.5332954e+07   1.4379953e+07  4.29e+05  1.68e+02  1.15e+04  1.11e-03
   3   3.1269154e+07   1.6304690e+07  2.09e+05  8.21e+01  5.18e+03  1.44e-03
   4   2.8349814e+07   1.6220696e+07  1.69e+05  6.62e+01  2.04e+03  2.46e-03
Barrier time = 0.06 sec. (5.44 ticks)

Dual simplex solved model.


Log for 'C:\Users\Shivam1\AppData\Local\Temp\4\50c77bc4afb246928028140f0530b458-pulp.lp' Clone_1 (V22.1.0.0) Fri Sep 13 13:15:25 2024

Tried aggregator 1 time.
LP Presolve eliminated 864 rows and 12912 columns.
Aggregator did 107 substitutions.
Reduced LP has 229 rows, 8998 columns, and 17809 nonzeros.
Presolve time = 0.03 sec. (18.33 ticks)
Parallel mode: using up to 29 threads for barrier.
Number of nonzeros in lower triangle of A*A' = 8811
Using Approximate Minimum Degree ordering
Total time for automatic ordering = 0.00 sec. (0.39 ticks)
Summary statistics for Cholesky factor:
  Threads                   = 29
  Rows in Factor            = 229
  Integer space required    = 4728
  Total non-zeros in factor = 12172
  Total FP ops to factor    = 743770
 Itn      Primal Obj        Dual Obj  Prim Inf Upper Inf  Dual Inf Inf Ratio
   0   6.9820668e+08   3.1479605e+06  1.09e+07  4.30e+03  3.89e+04  1.00e+00
   1   1.1081972e+08   1.1821399e+07  1.46e+06  5.72e+02  1.96e+04  8.28e-04
   2   4.5332954e+07   1.4379953e+07  4.29e+05  1.68e+02  1.15e+04  1.11e-03
   3   3.1269154e+07   1.6304690e+07  2.09e+05  8.21e+01  5.18e+03  1.44e-03
   4   2.8349814e+07   1.6220696e+07  1.69e+05  6.62e+01  2.04e+03  2.46e-03
   5   2.0749193e+07   1.6065441e+07  6.56e+04  2.58e+01  1.04e+03  4.57e-03
   6   1.9223329e+07   1.6015067e+07  4.46e+04  1.75e+01  3.71e+02  8.25e-03
   7   1.8041327e+07   1.5953535e+07  2.87e+04  1.13e+01  1.56e+02  1.45e-02
   8   1.6644378e+07   1.5932021e+07  9.80e+03  3.85e+00  5.54e+01  3.68e-02
 Barrier aborted.
Barrier time = 0.05 sec. (8.60 ticks)

Dual simplex solved model.


Log for 'C:\Users\Shivam1\AppData\Local\Temp\4\b3635ca5da324132bdd257e7ee8c9e3f-pulp.lp' Clone_1 (V22.1.0.0) Fri Sep 13 13:16:07 2024

Tried aggregator 1 time.
LP Presolve eliminated 864 rows and 12912 columns.
Aggregator did 107 substitutions.
Reduced LP has 229 rows, 8998 columns, and 17809 nonzeros.
Presolve time = 0.05 sec. (18.33 ticks)
Parallel mode: using up to 29 threads for barrier.
Number of nonzeros in lower triangle of A*A' = 8811
Using Approximate Minimum Degree ordering
Total time for automatic ordering = 0.00 sec. (0.39 ticks)
Summary statistics for Cholesky factor:
  Threads                   = 29
  Rows in Factor            = 229
  Integer space required    = 4728
  Total non-zeros in factor = 12172
  Total FP ops to factor    = 743770
 Itn      Primal Obj        Dual Obj  Prim Inf Upper Inf  Dual Inf Inf Ratio
   0   6.9820668e+08   3.1479605e+06  1.09e+07  4.30e+03  3.89e+04  1.00e+00
   1   1.1081972e+08   1.1821399e+07  1.46e+06  5.72e+02  1.96e+04  8.28e-04
   2   4.5332954e+07   1.4379953e+07  4.29e+05  1.68e+02  1.15e+04  1.11e-03
   3   3.1269154e+07   1.6304690e+07  2.09e+05  8.21e+01  5.18e+03  1.44e-03
   4   2.8349814e+07   1.6220696e+07  1.69e+05  6.62e+01  2.04e+03  2.46e-03
   5   2.0749193e+07   1.6065441e+07  6.56e+04  2.58e+01  1.04e+03  4.57e-03
 Barrier aborted.
Barrier time = 0.03 sec. (6.24 ticks)

Dual simplex solved model.


Log for 'C:\Users\Shivam1\AppData\Local\Temp\4\e5a679de93f94b949a97cf0a10f428bd-pulp.lp' Clone_1 (V22.1.0.0) Fri Sep 13 13:18:32 2024

Tried aggregator 1 time.
LP Presolve eliminated 864 rows and 12912 columns.
Aggregator did 107 substitutions.
Reduced LP has 229 rows, 8998 columns, and 17809 nonzeros.
Presolve time = 0.05 sec. (18.33 ticks)
Parallel mode: using up to 29 threads for barrier.
Number of nonzeros in lower triangle of A*A' = 8811
Using Approximate Minimum Degree ordering
Total time for automatic ordering = 0.00 sec. (0.39 ticks)
Summary statistics for Cholesky factor:
  Threads                   = 29
  Rows in Factor            = 229
  Integer space required    = 4728
  Total non-zeros in factor = 12172
  Total FP ops to factor    = 743770
 Itn      Primal Obj        Dual Obj  Prim Inf Upper Inf  Dual Inf Inf Ratio
   0   6.9820668e+08   3.1479605e+06  1.09e+07  4.30e+03  3.89e+04  1.00e+00
   1   1.1081972e+08   1.1821399e+07  1.46e+06  5.72e+02  1.96e+04  8.28e-04
 Barrier aborted.
Barrier time = 0.02 sec. (3.03 ticks)

Dual simplex solved model.


Log for 'C:\Users\Shivam1\AppData\Local\Temp\4\1d80fd896b564ec8b79b3458c64fb67d-pulp.lp' Clone_1 (V22.1.0.0) Fri Sep 13 13:21:42 2024

Tried aggregator 1 time.
LP Presolve eliminated 864 rows and 12912 columns.
Aggregator did 107 substitutions.
Reduced LP has 229 rows, 8998 columns, and 17809 nonzeros.
Presolve time = 0.03 sec. (18.33 ticks)
Parallel mode: using up to 29 threads for barrier.
Number of nonzeros in lower triangle of A*A' = 8811
Using Approximate Minimum Degree ordering
Total time for automatic ordering = 0.00 sec. (0.39 ticks)
Summary statistics for Cholesky factor:
  Threads                   = 29
  Rows in Factor            = 229
  Integer space required    = 4728
  Total non-zeros in factor = 12172
  Total FP ops to factor    = 743770
 Itn      Primal Obj        Dual Obj  Prim Inf Upper Inf  Dual Inf Inf Ratio
   0   6.9820668e+08   3.1479605e+06  1.09e+07  4.30e+03  3.89e+04  1.00e+00
   1   1.1081972e+08   1.1821399e+07  1.46e+06  5.72e+02  1.96e+04  8.28e-04
   2   4.5332954e+07   1.4379953e+07  4.29e+05  1.68e+02  1.15e+04  1.11e-03
   3   3.1269154e+07   1.6304690e+07  2.09e+05  8.21e+01  5.18e+03  1.44e-03
   4   2.8349814e+07   1.6220696e+07  1.69e+05  6.62e+01  2.04e+03  2.46e-03
 Barrier aborted.
Barrier time = 0.03 sec. (5.39 ticks)

Dual simplex solved model.


Log for 'C:\Users\Shivam1\AppData\Local\Temp\4\924d1f40664444f8814f317cbeb2a23b-pulp.lp' Clone_1 (V22.1.0.0) Fri Sep 13 13:27:45 2024

Tried aggregator 1 time.
LP Presolve eliminated 864 rows and 12912 columns.
Aggregator did 107 substitutions.
Reduced LP has 229 rows, 8998 columns, and 17809 nonzeros.
Presolve time = 0.05 sec. (18.33 ticks)
Parallel mode: using up to 29 threads for barrier.
Number of nonzeros in lower triangle of A*A' = 8811
Using Approximate Minimum Degree ordering
Total time for automatic ordering = 0.00 sec. (0.39 ticks)
Summary statistics for Cholesky factor:
  Threads                   = 29
  Rows in Factor            = 229
  Integer space required    = 4728
  Total non-zeros in factor = 12172
  Total FP ops to factor    = 743770
 Itn      Primal Obj        Dual Obj  Prim Inf Upper Inf  Dual Inf Inf Ratio
   0   6.9820668e+08   3.1479605e+06  1.09e+07  4.30e+03  3.89e+04  1.00e+00
   1   1.1081972e+08   1.1821399e+07  1.46e+06  5.72e+02  1.96e+04  8.28e-04
   2   4.5332954e+07   1.4379953e+07  4.29e+05  1.68e+02  1.15e+04  1.11e-03
   3   3.1269154e+07   1.6304690e+07  2.09e+05  8.21e+01  5.18e+03  1.44e-03
 Barrier aborted.
Barrier time = 0.03 sec. (4.60 ticks)

Dual simplex solved model.


Log for 'C:\Users\Shivam1\AppData\Local\Temp\4\9178fd61a7f24c6286e9ba6d72b044fc-pulp.lp' Clone_1 (V22.1.0.0) Fri Sep 13 13:30:16 2024

Tried aggregator 1 time.
LP Presolve eliminated 864 rows and 12912 columns.
Aggregator did 107 substitutions.
Reduced LP has 229 rows, 8998 columns, and 17809 nonzeros.
Presolve time = 0.05 sec. (18.33 ticks)
Parallel mode: using up to 29 threads for barrier.
Number of nonzeros in lower triangle of A*A' = 8811
Using Approximate Minimum Degree ordering
Total time for automatic ordering = 0.00 sec. (0.39 ticks)
Summary statistics for Cholesky factor:
  Threads                   = 29
  Rows in Factor            = 229
  Integer space required    = 4728
  Total non-zeros in factor = 12172
  Total FP ops to factor    = 743770
 Itn      Primal Obj        Dual Obj  Prim Inf Upper Inf  Dual Inf Inf Ratio
   0   6.9820668e+08   3.1479605e+06  1.09e+07  4.30e+03  3.89e+04  1.00e+00
   1   1.1081972e+08   1.1821399e+07  1.46e+06  5.72e+02  1.96e+04  8.28e-04
 Barrier aborted.
Barrier time = 0.02 sec. (3.03 ticks)

Dual simplex solved model.


Log for 'C:\Users\Shivam1\AppData\Local\Temp\4\79d96a86f6104277940105d3dd3ebd34-pulp.lp' Clone_1 (V22.1.0.0) Fri Sep 13 13:32:28 2024

Tried aggregator 1 time.
LP Presolve eliminated 864 rows and 12912 columns.
Aggregator did 107 substitutions.
Reduced LP has 229 rows, 8998 columns, and 17809 nonzeros.
Presolve time = 0.05 sec. (18.33 ticks)
Parallel mode: using up to 29 threads for barrier.
Number of nonzeros in lower triangle of A*A' = 8811
Using Approximate Minimum Degree ordering
Total time for automatic ordering = 0.00 sec. (0.39 ticks)
Summary statistics for Cholesky factor:
  Threads                   = 29
  Rows in Factor            = 229
  Integer space required    = 4728
  Total non-zeros in factor = 12172
  Total FP ops to factor    = 743770
 Itn      Primal Obj        Dual Obj  Prim Inf Upper Inf  Dual Inf Inf Ratio
   0   6.9820668e+08   3.1479605e+06  1.09e+07  4.30e+03  3.89e+04  1.00e+00
   1   1.1081972e+08   1.1821399e+07  1.46e+06  5.72e+02  1.96e+04  8.28e-04
   2   4.5332954e+07   1.4379953e+07  4.29e+05  1.68e+02  1.15e+04  1.11e-03
   3   3.1269154e+07   1.6304690e+07  2.09e+05  8.21e+01  5.18e+03  1.44e-03
   4   2.8349814e+07   1.6220696e+07  1.69e+05  6.62e+01  2.04e+03  2.46e-03
 Barrier aborted.
Barrier time = 0.03 sec. (5.39 ticks)

Dual simplex solved model.


Log for 'C:\Users\Shivam1\AppData\Local\Temp\4\86b209ff946a400cb9e01d9a250bbf3e-pulp.lp' Clone_1 (V22.1.0.0) Fri Sep 13 17:46:04 2024

Tried aggregator 1 time.
LP Presolve eliminated 932 rows and 12722 columns.
Aggregator did 166 substitutions.
All rows and columns eliminated.
Presolve time = 0.02 sec. (9.28 ticks)

Log for 'C:\Users\Shivam1\AppData\Local\Temp\4\86b209ff946a400cb9e01d9a250bbf3e-pulp.lp' Clone_1 (V22.1.0.0) Fri Sep 13 17:46:04 2024

Parallel mode: deterministic, using up to 30 threads for concurrent optimization:
 * Starting dual Simplex on 1 thread...
 * Starting primal Simplex on 1 thread...

Total time on 30 threads = 0.05 sec. (202.51 ticks)

Dual simplex solved model.


Log for 'C:\Users\Shivam1\AppData\Local\Temp\51d4cb6b8e474a2e9d1d08eec9ff2098-pulp.lp' Clone_1 (V22.1.0.0) Sat Sep 14 12:23:35 2024

Tried aggregator 1 time.
LP Presolve eliminated 864 rows and 12912 columns.
Aggregator did 107 substitutions.
Reduced LP has 229 rows, 8998 columns, and 17809 nonzeros.
Presolve time = 0.05 sec. (18.33 ticks)
Parallel mode: using up to 29 threads for barrier.
Number of nonzeros in lower triangle of A*A' = 8811
Using Approximate Minimum Degree ordering
Total time for automatic ordering = 0.00 sec. (0.39 ticks)
Summary statistics for Cholesky factor:
  Threads                   = 29
  Rows in Factor            = 229
  Integer space required    = 4728
  Total non-zeros in factor = 12172
  Total FP ops to factor    = 743770
 Itn      Primal Obj        Dual Obj  Prim Inf Upper Inf  Dual Inf Inf Ratio
   0   6.9820668e+08   3.1479605e+06  1.09e+07  4.30e+03  3.89e+04  1.00e+00
   1   1.1081972e+08   1.1821399e+07  1.46e+06  5.72e+02  1.96e+04  8.28e-04
   2   4.5332954e+07   1.4379953e+07  4.29e+05  1.68e+02  1.15e+04  1.11e-03
   3   3.1269154e+07   1.6304690e+07  2.09e+05  8.21e+01  5.18e+03  1.44e-03
   4   2.8349814e+07   1.6220696e+07  1.69e+05  6.62e+01  2.04e+03  2.46e-03
   5   2.0749193e+07   1.6065441e+07  6.56e+04  2.58e+01  1.04e+03  4.57e-03
   6   1.9223329e+07   1.6015067e+07  4.46e+04  1.75e+01  3.71e+02  8.25e-03
   7   1.8041327e+07   1.5953535e+07  2.87e+04  1.13e+01  1.56e+02  1.45e-02
 Barrier aborted.
Barrier time = 0.06 sec. (7.82 ticks)

Dual simplex solved model.


Log for 'C:\Users\Shivam1\AppData\Local\Temp\0325da637c21485c9d4dc61e5722f8e7-pulp.lp' Clone_1 (V22.1.0.0) Sat Sep 14 12:26:54 2024

Tried aggregator 1 time.
LP Presolve eliminated 864 rows and 12912 columns.
Aggregator did 107 substitutions.
Reduced LP has 229 rows, 8998 columns, and 17809 nonzeros.
Presolve time = 0.03 sec. (18.33 ticks)
Parallel mode: using up to 29 threads for barrier.
Number of nonzeros in lower triangle of A*A' = 8811
Using Approximate Minimum Degree ordering
Total time for automatic ordering = 0.00 sec. (0.39 ticks)
Summary statistics for Cholesky factor:
  Threads                   = 29
  Rows in Factor            = 229
  Integer space required    = 4728
  Total non-zeros in factor = 12172
  Total FP ops to factor    = 743770
 Itn      Primal Obj        Dual Obj  Prim Inf Upper Inf  Dual Inf Inf Ratio
   0   6.9820668e+08   3.1479605e+06  1.09e+07  4.30e+03  3.89e+04  1.00e+00
   1   1.1081972e+08   1.1821399e+07  1.46e+06  5.72e+02  1.96e+04  8.28e-04
   2   4.5332954e+07   1.4379953e+07  4.29e+05  1.68e+02  1.15e+04  1.11e-03
   3   3.1269154e+07   1.6304690e+07  2.09e+05  8.21e+01  5.18e+03  1.44e-03
   4   2.8349814e+07   1.6220696e+07  1.69e+05  6.62e+01  2.04e+03  2.46e-03
 Barrier aborted.
Barrier time = 0.05 sec. (5.39 ticks)

Dual simplex solved model.


Log for 'C:\Users\Shivam1\AppData\Local\Temp\9030f1e64c50429eab949ea01a00aa12-pulp.lp' Clone_1 (V22.1.0.0) Sun Sep 15 20:51:35 2024

Tried aggregator 1 time.
LP Presolve eliminated 2590420 rows and 5124768 columns.
All rows and columns eliminated.
Presolve time = 4.61 sec. (2215.06 ticks)

Log for 'C:\Users\Shivam1\AppData\Local\Temp\9030f1e64c50429eab949ea01a00aa12-pulp.lp' Clone_1 (V22.1.0.0) Sun Sep 15 20:51:44 2024

Parallel mode: deterministic, using up to 30 threads for concurrent optimization:
 * Starting dual Simplex on 1 thread...
 * Starting primal Simplex on 1 thread...

Total time on 30 threads = 12.16 sec. (4572.00 ticks)

Dual simplex solved model.


Log for 'C:\Users\Shivam1\AppData\Local\Temp\ddf38b1bafb74961b0f2b8b274407816-pulp.lp' Clone_1 (V22.1.0.0) Mon Sep 16 11:16:10 2024

Tried aggregator 1 time.
LP Presolve eliminated 2590420 rows and 5124768 columns.
All rows and columns eliminated.
Presolve time = 4.14 sec. (2215.06 ticks)

Log for 'C:\Users\Shivam1\AppData\Local\Temp\ddf38b1bafb74961b0f2b8b274407816-pulp.lp' Clone_1 (V22.1.0.0) Mon Sep 16 11:16:17 2024

Parallel mode: deterministic, using up to 30 threads for concurrent optimization:
 * Starting dual Simplex on 1 thread...
 * Starting primal Simplex on 1 thread...

Total time on 30 threads = 10.30 sec. (4572.00 ticks)

Dual simplex solved model.


Log for 'C:\Users\Shivam1\AppData\Local\Temp\26ee0e6ca55a42a39cf3fa353cabaf8c-pulp.lp' Clone_1 (V22.1.0.0) Mon Sep 16 17:31:51 2024

Tried aggregator 1 time.
LP Presolve eliminated 2590420 rows and 5124768 columns.
All rows and columns eliminated.
Presolve time = 3.84 sec. (2246.98 ticks)

Log for 'C:\Users\Shivam1\AppData\Local\Temp\26ee0e6ca55a42a39cf3fa353cabaf8c-pulp.lp' Clone_1 (V22.1.0.0) Mon Sep 16 17:31:58 2024

Parallel mode: deterministic, using up to 30 threads for concurrent optimization:
 * Starting dual Simplex on 1 thread...
 * Starting primal Simplex on 1 thread...

Total time on 30 threads = 10.19 sec. (4603.92 ticks)

Dual simplex solved model.


Log for 'C:\Users\Shivam1\AppData\Local\Temp\fc1b6d7aaa3e4a568455c94a195cc582-pulp.lp' Clone_1 (V22.1.0.0) Mon Sep 16 18:32:45 2024

Tried aggregator 1 time.
LP Presolve eliminated 4953744 rows and 5124768 columns.
All rows and columns eliminated.
Presolve time = 5.92 sec. (2785.16 ticks)

Log for 'C:\Users\Shivam1\AppData\Local\Temp\fc1b6d7aaa3e4a568455c94a195cc582-pulp.lp' Clone_1 (V22.1.0.0) Mon Sep 16 18:32:56 2024

Using devex.
Parallel mode: deterministic, using up to 30 threads for concurrent optimization:
 * Starting dual Simplex on 1 thread...
 * Starting primal Simplex on 1 thread...

Total time on 30 threads = 16.28 sec. (6360.92 ticks)

Dual simplex solved model.


Log for 'C:\Users\Shivam1\AppData\Local\Temp\e90aa7dd92304732be69bfa7ff15ce70-pulp.lp' Clone_1 (V22.1.0.0) Mon Sep 16 19:32:40 2024

Tried aggregator 1 time.
LP Presolve eliminated 864 rows and 12912 columns.
Aggregator did 107 substitutions.
Reduced LP has 229 rows, 8998 columns, and 17809 nonzeros.
Presolve time = 0.03 sec. (18.33 ticks)
Parallel mode: using up to 29 threads for barrier.
Number of nonzeros in lower triangle of A*A' = 8811
Using Approximate Minimum Degree ordering
Total time for automatic ordering = 0.02 sec. (0.39 ticks)
Summary statistics for Cholesky factor:
  Threads                   = 29
  Rows in Factor            = 229
  Integer space required    = 4728
  Total non-zeros in factor = 12172
  Total FP ops to factor    = 743770
 Itn      Primal Obj        Dual Obj  Prim Inf Upper Inf  Dual Inf Inf Ratio
   0   6.9820668e+08   3.1479605e+06  1.09e+07  4.30e+03  3.89e+04  1.00e+00
   1   1.1081972e+08   1.1821399e+07  1.46e+06  5.72e+02  1.96e+04  8.28e-04
   2   4.5332954e+07   1.4379953e+07  4.29e+05  1.68e+02  1.15e+04  1.11e-03
   3   3.1269154e+07   1.6304690e+07  2.09e+05  8.21e+01  5.18e+03  1.44e-03
 Barrier aborted.
Barrier time = 0.03 sec. (4.60 ticks)

Dual simplex solved model.


Log for 'C:\Users\Shivam1\AppData\Local\Temp\f8b9cdb93a6944ff836e63f14cfdaa66-pulp.lp' Clone_1 (V22.1.0.0) Mon Sep 16 19:35:34 2024

Tried aggregator 1 time.
LP Presolve eliminated 864 rows and 12912 columns.
Aggregator did 107 substitutions.
Reduced LP has 229 rows, 8998 columns, and 17809 nonzeros.
Presolve time = 0.03 sec. (18.33 ticks)
Parallel mode: using up to 29 threads for barrier.
Number of nonzeros in lower triangle of A*A' = 8811
Using Approximate Minimum Degree ordering
Total time for automatic ordering = 0.00 sec. (0.39 ticks)
Summary statistics for Cholesky factor:
  Threads                   = 29
  Rows in Factor            = 229
  Integer space required    = 4728
  Total non-zeros in factor = 12172
  Total FP ops to factor    = 743770
 Itn      Primal Obj        Dual Obj  Prim Inf Upper Inf  Dual Inf Inf Ratio
   0   6.9820668e+08   3.1479605e+06  1.09e+07  4.30e+03  3.89e+04  1.00e+00
   1   1.1081972e+08   1.1821399e+07  1.46e+06  5.72e+02  1.96e+04  8.28e-04
   2   4.5332954e+07   1.4379953e+07  4.29e+05  1.68e+02  1.15e+04  1.11e-03
   3   3.1269154e+07   1.6304690e+07  2.09e+05  8.21e+01  5.18e+03  1.44e-03
   4   2.8349814e+07   1.6220696e+07  1.69e+05  6.62e+01  2.04e+03  2.46e-03
   5   2.0749193e+07   1.6065441e+07  6.56e+04  2.58e+01  1.04e+03  4.57e-03
 Barrier aborted.
Barrier time = 0.03 sec. (6.24 ticks)

Dual simplex solved model.


Log for 'C:\Users\Shivam1\AppData\Local\Temp\d1545a722be94ad1903b348fc112a5c5-pulp.lp' Clone_1 (V22.1.0.0) Mon Sep 16 19:51:13 2024

Tried aggregator 1 time.
LP Presolve eliminated 864 rows and 12912 columns.
Aggregator did 107 substitutions.
Reduced LP has 229 rows, 8998 columns, and 17809 nonzeros.
Presolve time = 0.05 sec. (18.33 ticks)
Parallel mode: using up to 29 threads for barrier.
Number of nonzeros in lower triangle of A*A' = 8811
Using Approximate Minimum Degree ordering
Total time for automatic ordering = 0.00 sec. (0.39 ticks)
Summary statistics for Cholesky factor:
  Threads                   = 29
  Rows in Factor            = 229
  Integer space required    = 4728
  Total non-zeros in factor = 12172
  Total FP ops to factor    = 743770
 Itn      Primal Obj        Dual Obj  Prim Inf Upper Inf  Dual Inf Inf Ratio
   0   6.9820668e+08   3.1479605e+06  1.09e+07  4.30e+03  3.89e+04  1.00e+00
   1   1.1081972e+08   1.1821399e+07  1.46e+06  5.72e+02  1.96e+04  8.28e-04
 Barrier aborted.
Barrier time = 0.02 sec. (3.03 ticks)

Dual simplex solved model.


Log for 'C:\Users\Shallu\AppData\Local\Temp\ff76bd85f8cc4b0299a44b23d08b45e6-pulp.lp' Clone_1 (V22.1.0.0) Thu Sep 19 21:00:23 2024

Tried aggregator 1 time.
LP Presolve eliminated 28 rows and 616 columns.
Reduced LP has 531 rows, 11198 columns, and 22396 nonzeros.
Presolve time = 0.03 sec. (8.03 ticks)
Parallel mode: using up to 29 threads for barrier.
Number of nonzeros in lower triangle of A*A' = 11198
Using Approximate Minimum Degree ordering
Total time for automatic ordering = 0.00 sec. (0.85 ticks)
Summary statistics for Cholesky factor:
  Threads                   = 29
  Rows in Factor            = 531
  Integer space required    = 11245
  Total non-zeros in factor = 12191
  Total FP ops to factor    = 286993
 Itn      Primal Obj        Dual Obj  Prim Inf Upper Inf  Dual Inf Inf Ratio
   0   2.1980781e+10   0.0000000e+00  2.60e+08  0.00e+00  4.38e+06  1.00e+00
   1   2.2394539e+09   1.2570742e+08  2.47e+07  0.00e+00  1.01e+06  2.03e-05
   2   1.2190784e+09   2.4204979e+08  1.12e+07  0.00e+00  5.36e+05  1.49e-05
   3   6.5286717e+08   1.2629696e+08  6.22e+06  0.00e+00  3.28e+05  2.09e-05
 Barrier aborted.
Barrier time = 0.03 sec. (5.68 ticks)

Dual simplex solved model.


Log for 'C:\Users\Shallu\AppData\Local\Temp\a6a693542402440da8aa5004ac00147c-pulp.lp' Clone_1 (V22.1.0.0) Thu Sep 19 21:01:44 2024

Tried aggregator 1 time.
LP Presolve eliminated 28 rows and 616 columns.
Reduced LP has 531 rows, 11198 columns, and 22396 nonzeros.
Presolve time = 0.02 sec. (8.03 ticks)
Parallel mode: using up to 29 threads for barrier.
Number of nonzeros in lower triangle of A*A' = 11198
Using Approximate Minimum Degree ordering
Total time for automatic ordering = 0.02 sec. (0.85 ticks)
Summary statistics for Cholesky factor:
  Threads                   = 29
  Rows in Factor            = 531
  Integer space required    = 11245
  Total non-zeros in factor = 12191
  Total FP ops to factor    = 286993
 Itn      Primal Obj        Dual Obj  Prim Inf Upper Inf  Dual Inf Inf Ratio
   0   2.1980781e+10   0.0000000e+00  2.60e+08  0.00e+00  4.38e+06  1.00e+00
   1   2.2394539e+09   1.2570742e+08  2.47e+07  0.00e+00  1.01e+06  2.03e-05
 Barrier aborted.
Barrier time = 0.02 sec. (3.99 ticks)

Dual simplex solved model.


Log for 'C:\Users\Shallu\AppData\Local\Temp\e59543454aa246ee9580c2ac1b3667c6-pulp.lp' Clone_1 (V22.1.0.0) Thu Sep 19 22:31:53 2024

Tried aggregator 1 time.
LP Presolve eliminated 862 rows and 11834 columns.
Aggregator did 107 substitutions.
Reduced LP has 229 rows, 9002 columns, and 17813 nonzeros.
Presolve time = 0.03 sec. (17.54 ticks)
Parallel mode: using up to 29 threads for barrier.
Number of nonzeros in lower triangle of A*A' = 8811
Using Approximate Minimum Degree ordering
Total time for automatic ordering = 0.00 sec. (0.39 ticks)
Summary statistics for Cholesky factor:
  Threads                   = 29
  Rows in Factor            = 229
  Integer space required    = 4728
  Total non-zeros in factor = 12172
  Total FP ops to factor    = 743770
 Itn      Primal Obj        Dual Obj  Prim Inf Upper Inf  Dual Inf Inf Ratio
   0   6.9858973e+08   2.9672691e+06  1.09e+07  5.12e+03  3.87e+04  1.00e+00
   1   1.1087335e+08   1.1775862e+07  1.45e+06  6.81e+02  1.96e+04  8.21e-04
   2   4.5882304e+07   1.4881753e+07  4.35e+05  2.04e+02  9.98e+03  1.16e-03
   3   3.0229887e+07   1.6458443e+07  1.93e+05  9.03e+01  4.54e+03  1.50e-03
   4   2.5326920e+07   1.6489520e+07  1.24e+05  5.81e+01  1.57e+03  2.65e-03
 Barrier aborted.
Barrier time = 0.03 sec. (5.39 ticks)

Dual simplex solved model.


Log for 'C:\Users\Shallu\AppData\Local\Temp\a6774b551a4f4012bbb68276dc2321df-pulp.lp' Clone_1 (V22.1.0.0) Thu Sep 19 22:38:35 2024

Tried aggregator 1 time.
LP Presolve eliminated 862 rows and 11834 columns.
Aggregator did 107 substitutions.
Reduced LP has 229 rows, 9002 columns, and 17813 nonzeros.
Presolve time = 0.03 sec. (17.54 ticks)
Parallel mode: using up to 29 threads for barrier.
Number of nonzeros in lower triangle of A*A' = 8811
Using Approximate Minimum Degree ordering
Total time for automatic ordering = 0.00 sec. (0.39 ticks)
Summary statistics for Cholesky factor:
  Threads                   = 29
  Rows in Factor            = 229
  Integer space required    = 4728
  Total non-zeros in factor = 12172
  Total FP ops to factor    = 743770
 Itn      Primal Obj        Dual Obj  Prim Inf Upper Inf  Dual Inf Inf Ratio
   0   6.9858973e+08   2.9672691e+06  1.09e+07  5.12e+03  3.87e+04  1.00e+00
   1   1.1087335e+08   1.1775862e+07  1.45e+06  6.81e+02  1.96e+04  8.21e-04
   2   4.5882304e+07   1.4881753e+07  4.35e+05  2.04e+02  9.98e+03  1.16e-03
   3   3.0229887e+07   1.6458443e+07  1.93e+05  9.03e+01  4.54e+03  1.50e-03
   4   2.5326920e+07   1.6489520e+07  1.24e+05  5.81e+01  1.57e+03  2.65e-03
 Barrier aborted.
Barrier time = 0.03 sec. (5.39 ticks)

Dual simplex solved model.


Log for 'C:\Users\Shallu\AppData\Local\Temp\261aa5bf460042cf83e3b8dfa16e918a-pulp.lp' Clone_1 (V22.1.0.0) Thu Sep 19 22:45:03 2024

Tried aggregator 1 time.
LP Presolve eliminated 862 rows and 11834 columns.
Aggregator did 107 substitutions.
Reduced LP has 229 rows, 9002 columns, and 17813 nonzeros.
Presolve time = 0.05 sec. (17.54 ticks)
Parallel mode: using up to 29 threads for barrier.
Number of nonzeros in lower triangle of A*A' = 8811
Using Approximate Minimum Degree ordering
Total time for automatic ordering = 0.00 sec. (0.39 ticks)
Summary statistics for Cholesky factor:
  Threads                   = 29
  Rows in Factor            = 229
  Integer space required    = 4728
  Total non-zeros in factor = 12172
  Total FP ops to factor    = 743770
 Itn      Primal Obj        Dual Obj  Prim Inf Upper Inf  Dual Inf Inf Ratio
   0   6.9858973e+08   2.9672691e+06  1.09e+07  5.12e+03  3.87e+04  1.00e+00
   1   1.1087335e+08   1.1775862e+07  1.45e+06  6.81e+02  1.96e+04  8.21e-04
   2   4.5882304e+07   1.4881753e+07  4.35e+05  2.04e+02  9.98e+03  1.16e-03
   3   3.0229887e+07   1.6458443e+07  1.93e+05  9.03e+01  4.54e+03  1.50e-03
   4   2.5326920e+07   1.6489520e+07  1.24e+05  5.81e+01  1.57e+03  2.65e-03
   5   2.2925804e+07   1.6328528e+07  9.13e+04  4.27e+01  6.05e+02  5.93e-03
 Barrier aborted.
Barrier time = 0.05 sec. (6.25 ticks)

Dual simplex solved model.


Log for 'C:\Users\Shallu\AppData\Local\Temp\7d7aed81ab8844eb8b39abce935e18ce-pulp.lp' Clone_1 (V22.1.0.0) Thu Sep 19 22:45:49 2024

Tried aggregator 1 time.
LP Presolve eliminated 862 rows and 11834 columns.
Aggregator did 107 substitutions.
Reduced LP has 229 rows, 9002 columns, and 17813 nonzeros.
Presolve time = 0.03 sec. (17.54 ticks)
Parallel mode: using up to 29 threads for barrier.
Number of nonzeros in lower triangle of A*A' = 8811
Using Approximate Minimum Degree ordering
Total time for automatic ordering = 0.00 sec. (0.39 ticks)
Summary statistics for Cholesky factor:
  Threads                   = 29
  Rows in Factor            = 229
  Integer space required    = 4728
  Total non-zeros in factor = 12172
  Total FP ops to factor    = 743770
 Itn      Primal Obj        Dual Obj  Prim Inf Upper Inf  Dual Inf Inf Ratio
   0   6.9858973e+08   2.9672691e+06  1.09e+07  5.12e+03  3.87e+04  1.00e+00
   1   1.1087335e+08   1.1775862e+07  1.45e+06  6.81e+02  1.96e+04  8.21e-04
   2   4.5882304e+07   1.4881753e+07  4.35e+05  2.04e+02  9.98e+03  1.16e-03
   3   3.0229887e+07   1.6458443e+07  1.93e+05  9.03e+01  4.54e+03  1.50e-03
   4   2.5326920e+07   1.6489520e+07  1.24e+05  5.81e+01  1.57e+03  2.65e-03
 Barrier aborted.
Barrier time = 0.03 sec. (5.39 ticks)

Dual simplex solved model.


Log for 'C:\Users\ADMINI~1\AppData\Local\Temp\2\c9b5ece6309c4dacb8cedeefbf15b324-pulp.lp' Clone_1 (V22.1.1.0) Tue Oct 15 15:40:45 2024

Tried aggregator 1 time.
LP Presolve eliminated 2479182 rows and 4902304 columns.
All rows and columns eliminated.
Presolve time = 3.22 sec. (2149.80 ticks)

Log for 'C:\Users\ADMINI~1\AppData\Local\Temp\2\c9b5ece6309c4dacb8cedeefbf15b324-pulp.lp' Clone_1 (V22.1.1.0) Tue Oct 15 15:40:50 2024

Parallel mode: deterministic, using up to 3 threads for concurrent optimization:
 * Starting dual Simplex on 1 thread...
 * Starting primal Simplex on 1 thread...

Total time on 3 threads = 7.41 sec. (4413.51 ticks)

Dual simplex solved model.


Log for 'C:\Users\ADMINI~1\AppData\Local\Temp\2\19fa275035dc42129fa8959685ac84ec-pulp.lp' Clone_1 (V22.1.1.0) Fri Oct 18 13:28:23 2024

Tried aggregator 1 time.
LP Presolve eliminated 777 rows and 11035 columns.
Aggregator did 70 substitutions.
Reduced LP has 309 rows, 9019 columns, and 17770 nonzeros.
Presolve time = 0.02 sec. (17.22 ticks)
Parallel mode: using up to 3 threads for barrier.
Number of nonzeros in lower triangle of A*A' = 8751
Using Approximate Minimum Degree ordering
Total time for automatic ordering = 0.00 sec. (0.44 ticks)
Summary statistics for Cholesky factor:
  Threads                   = 3
  Rows in Factor            = 309
  Integer space required    = 4826
  Total non-zeros in factor = 12182
  Total FP ops to factor    = 727772
 Itn      Primal Obj        Dual Obj  Prim Inf Upper Inf  Dual Inf Inf Ratio
   0   1.7659023e+09   1.0890059e+06  2.90e+07  2.47e+04  4.14e+05  1.00e+00
   1   2.6614315e+08   1.5344904e+07  4.01e+06  3.41e+03  1.74e+05  1.03e-04
   2   1.5121409e+08   1.1949105e+07  2.22e+06  1.89e+03  8.08e+04  1.76e-04
   3   1.1030781e+08   1.5301667e+07  1.53e+06  1.31e+03  4.06e+04  2.87e-04
   4   1.0452068e+08   1.5644982e+07  1.44e+06  1.22e+03  3.34e+04  3.01e-04
   5   8.1852157e+07   1.6608204e+07  1.06e+06  9.07e+02  1.24e+04  3.83e-04
   6   4.4938055e+07   1.6982950e+07  4.55e+05  3.88e+02  6.12e+03  7.40e-04
   7   3.2181136e+07   1.7240175e+07  2.43e+05  2.07e+02  3.35e+03  1.30e-03
   8   2.3474143e+07   1.7311412e+07  1.00e+05  8.53e+01  1.62e+03  2.13e-03
 Barrier aborted.
Barrier time = 0.03 sec. (13.84 ticks)

Dual simplex solved model.


Log for 'C:\Users\ADMINI~1\AppData\Local\Temp\2\ff98a7c073fd407f8a6690c754998ca3-pulp.lp' Clone_1 (V22.1.1.0) Sat Oct 19 21:52:25 2024

Tried aggregator 1 time.
LP Presolve eliminated 2479004 rows and 4901952 columns.
All rows and columns eliminated.
Presolve time = 3.95 sec. (2149.78 ticks)

Log for 'C:\Users\ADMINI~1\AppData\Local\Temp\2\ff98a7c073fd407f8a6690c754998ca3-pulp.lp' Clone_1 (V22.1.1.0) Sat Oct 19 21:52:31 2024

Parallel mode: deterministic, using up to 3 threads for concurrent optimization:
 * Starting dual Simplex on 1 thread...
 * Starting primal Simplex on 1 thread...

Total time on 3 threads = 8.89 sec. (4413.38 ticks)

Dual simplex solved model.


Log for 'C:\Users\ADMINI~1\AppData\Local\Temp\2\8057eb2ab52443aa88e33f379580831d-pulp.lp' Clone_1 (V22.1.1.0) Sat Oct 19 23:06:37 2024

Tried aggregator 1 time.
LP Presolve eliminated 4528850 rows and 4901952 columns.
All rows and columns eliminated.
Presolve time = 4.73 sec. (2620.70 ticks)

Log for 'C:\Users\ADMINI~1\AppData\Local\Temp\2\8057eb2ab52443aa88e33f379580831d-pulp.lp' Clone_1 (V22.1.1.0) Sat Oct 19 23:06:46 2024

Using devex.
Parallel mode: deterministic, using up to 3 threads for concurrent optimization:
 * Starting dual Simplex on 1 thread...
 * Starting primal Simplex on 1 thread...

Total time on 3 threads = 11.36 sec. (5959.96 ticks)

Dual simplex solved model.


Log for 'C:\Users\ADMINI~1\AppData\Local\Temp\2\9fc65d1a5c004bfc90b8014e8bbbe181-pulp.lp' Clone_1 (V22.1.1.0) Sat Oct 19 23:37:05 2024

Tried aggregator 1 time.
LP Presolve eliminated 835 rows and 11323 columns.
Aggregator did 94 substitutions.
Reduced LP has 221 rows, 8590 columns, and 17001 nonzeros.
Presolve time = 0.03 sec. (16.74 ticks)
Parallel mode: using up to 3 threads for barrier.
Number of nonzeros in lower triangle of A*A' = 8411
Using Approximate Minimum Degree ordering
Total time for automatic ordering = 0.00 sec. (0.37 ticks)
Summary statistics for Cholesky factor:
  Threads                   = 3
  Rows in Factor            = 221
  Integer space required    = 4712
  Total non-zeros in factor = 11480
  Total FP ops to factor    = 684654
 Itn      Primal Obj        Dual Obj  Prim Inf Upper Inf  Dual Inf Inf Ratio
   0   6.9670760e+08   2.9954220e+06  1.08e+07  3.35e+03  4.10e+04  1.00e+00
   1   1.0821407e+08   1.1907292e+07  1.40e+06  4.34e+02  2.03e+04  7.64e-04
   2   4.4464232e+07   1.4590508e+07  4.13e+05  1.28e+02  1.12e+04  1.08e-03
   3   3.0893050e+07   1.6319877e+07  2.03e+05  6.29e+01  5.01e+03  1.36e-03
   4   2.9197513e+07   1.6213323e+07  1.80e+05  5.57e+01  2.07e+03  2.26e-03
   5   2.1634389e+07   1.6038717e+07  7.78e+04  2.41e+01  1.01e+03  4.37e-03
   6   1.8873863e+07   1.5978774e+07  4.00e+04  1.24e+01  3.44e+02  8.04e-03
 Barrier aborted.
Barrier time = 0.02 sec. (10.44 ticks)

Dual simplex solved model.


Log for 'C:\Users\ADMINI~1\AppData\Local\Temp\2\aa26d70454c349e9a3b649f08985386a-pulp.lp' Clone_1 (V22.1.1.0) Sun Oct 20 00:09:14 2024

Tried aggregator 1 time.
LP Presolve eliminated 835 rows and 11323 columns.
Aggregator did 94 substitutions.
Reduced LP has 221 rows, 8590 columns, and 17001 nonzeros.
Presolve time = 0.03 sec. (16.74 ticks)
Parallel mode: using up to 3 threads for barrier.
Number of nonzeros in lower triangle of A*A' = 8411
Using Approximate Minimum Degree ordering
Total time for automatic ordering = 0.00 sec. (0.37 ticks)
Summary statistics for Cholesky factor:
  Threads                   = 3
  Rows in Factor            = 221
  Integer space required    = 4712
  Total non-zeros in factor = 11480
  Total FP ops to factor    = 684654
 Itn      Primal Obj        Dual Obj  Prim Inf Upper Inf  Dual Inf Inf Ratio
   0   6.9670760e+08   2.9954220e+06  1.08e+07  3.35e+03  4.10e+04  1.00e+00
   1   1.0821407e+08   1.1907292e+07  1.40e+06  4.34e+02  2.03e+04  7.64e-04
   2   4.4464232e+07   1.4590508e+07  4.13e+05  1.28e+02  1.12e+04  1.08e-03
   3   3.0893050e+07   1.6319877e+07  2.03e+05  6.29e+01  5.01e+03  1.36e-03
   4   2.9197513e+07   1.6213323e+07  1.80e+05  5.57e+01  2.07e+03  2.26e-03
   5   2.1634389e+07   1.6038717e+07  7.78e+04  2.41e+01  1.01e+03  4.37e-03
 Barrier aborted.
Barrier time = 0.02 sec. (9.12 ticks)

Dual simplex solved model.


Log for 'C:\Users\ADMINI~1\AppData\Local\Temp\2\92c8ce40b0af4926904bb3083a3d0826-pulp.lp' Clone_1 (V22.1.1.0) Mon Jan 20 17:45:27 2025

Tried aggregator 1 time.
LP Presolve eliminated 2479004 rows and 4901952 columns.
All rows and columns eliminated.
Presolve time = 4.14 sec. (2149.78 ticks)

Log for 'C:\Users\ADMINI~1\AppData\Local\Temp\2\92c8ce40b0af4926904bb3083a3d0826-pulp.lp' Clone_1 (V22.1.1.0) Mon Jan 20 17:45:35 2025

Parallel mode: deterministic, using up to 3 threads for concurrent optimization:
 * Starting dual Simplex on 1 thread...
 * Starting primal Simplex on 1 thread...

Total time on 3 threads = 9.70 sec. (4413.38 ticks)

Dual simplex solved model.


Log for 'C:\Users\ADMINI~1\AppData\Local\Temp\2\db93f87b4152447aa58cf48699b78dad-pulp.lp' Clone_1 (V22.1.1.0) Mon Jan 20 17:45:52 2025

Tried aggregator 1 time.
LP Presolve eliminated 2479004 rows and 4901952 columns.
All rows and columns eliminated.
Presolve time = 3.33 sec. (2149.78 ticks)

Log for 'C:\Users\ADMINI~1\AppData\Local\Temp\2\db93f87b4152447aa58cf48699b78dad-pulp.lp' Clone_1 (V22.1.1.0) Mon Jan 20 17:45:58 2025

Parallel mode: deterministic, using up to 3 threads for concurrent optimization:
 * Starting dual Simplex on 1 thread...
 * Starting primal Simplex on 1 thread...

Total time on 3 threads = 8.44 sec. (4413.38 ticks)

Dual simplex solved model.


Log for 'C:\Users\ADMINI~1\AppData\Local\Temp\2\3875968548bb472584aba2985278caf5-pulp.lp' Clone_1 (V22.1.1.0) Tue Jan 21 17:24:44 2025

Tried aggregator 1 time.
LP Presolve eliminated 2479004 rows and 4901952 columns.
All rows and columns eliminated.
Presolve time = 3.28 sec. (2149.78 ticks)

Log for 'C:\Users\ADMINI~1\AppData\Local\Temp\2\3875968548bb472584aba2985278caf5-pulp.lp' Clone_1 (V22.1.1.0) Tue Jan 21 17:24:50 2025

Parallel mode: deterministic, using up to 3 threads for concurrent optimization:
 * Starting dual Simplex on 1 thread...
 * Starting primal Simplex on 1 thread...

Total time on 3 threads = 7.75 sec. (4413.38 ticks)

Dual simplex solved model.


Log for 'C:\Users\Aman\AppData\Local\Temp\4\194f1e0acdc7497eba45d14639dd9693-pulp.lp' Clone_1 (V22.1.1.0) Sun Jan 26 19:58:36 2025

Tried aggregator 1 time.
LP Presolve eliminated 1956 rows and 3520 columns.
All rows and columns eliminated.
Presolve time = 0.00 sec. (1.55 ticks)

Log for 'C:\Users\Aman\AppData\Local\Temp\4\194f1e0acdc7497eba45d14639dd9693-pulp.lp' Clone_1 (V22.1.1.0) Sun Jan 26 19:58:36 2025

Using devex.
Parallel mode: deterministic, using up to 30 threads for concurrent optimization:
 * Starting dual Simplex on 1 thread...
 * Starting primal Simplex on 1 thread...

Total time on 30 threads = 0.02 sec. (193.94 ticks)

Dual simplex solved model.


Log for 'C:\Users\Aman\AppData\Local\Temp\4\5c75bdddc15e49f3bf44eecaf0d9fa4f-pulp.lp' Clone_1 (V22.1.1.0) Sun Jan 26 22:44:41 2025

Tried aggregator 1 time.
LP Presolve eliminated 1956 rows and 3520 columns.
All rows and columns eliminated.
Presolve time = 0.00 sec. (1.55 ticks)
Parallel mode: deterministic, using up to 30 threads for concurrent optimization:
 * Starting dual Simplex on 1 thread...
 * Starting primal Simplex on 1 thread...

Log for 'C:\Users\Aman\AppData\Local\Temp\4\5c75bdddc15e49f3bf44eecaf0d9fa4f-pulp.lp' Clone_1 (V22.1.1.0) Sun Jan 26 22:44:41 2025

Using devex.

Total time on 30 threads = 0.03 sec. (98.61 ticks)

Dual simplex solved model.


Log for 'C:\Users\Aman\AppData\Local\Temp\4\b639e4a924a24f239f81ebd421c09ae2-pulp.lp' Clone_1 (V22.1.1.0) Sun Jan 26 22:51:46 2025

Tried aggregator 1 time.
LP Presolve eliminated 1956 rows and 3520 columns.
All rows and columns eliminated.
Presolve time = 0.01 sec. (1.55 ticks)
Parallel mode: deterministic, using up to 30 threads for concurrent optimization:
 * Starting dual Simplex on 1 thread...
 * Starting primal Simplex on 1 thread...

Total time on 30 threads = 0.01 sec. (193.94 ticks)

Dual simplex solved model.


Log for 'C:\Users\Aman\AppData\Local\Temp\4\6f1de1407f2541f9b045d8450b227840-pulp.lp' Clone_1 (V22.1.1.0) Sun Jan 26 22:57:38 2025

Tried aggregator 1 time.
LP Presolve eliminated 1956 rows and 3520 columns.
All rows and columns eliminated.
Presolve time = 0.00 sec. (1.55 ticks)

Log for 'C:\Users\Aman\AppData\Local\Temp\4\6f1de1407f2541f9b045d8450b227840-pulp.lp' Clone_1 (V22.1.1.0) Sun Jan 26 22:57:38 2025

Using devex.
Parallel mode: deterministic, using up to 30 threads for concurrent optimization:
 * Starting dual Simplex on 1 thread...
 * Starting primal Simplex on 1 thread...

Total time on 30 threads = 0.03 sec. (193.94 ticks)

Dual simplex solved model.


Log for 'C:\Users\Aman\AppData\Local\Temp\4\c5a3713baefb4bdea6b13c0bec71cb70-pulp.lp' Clone_1 (V22.1.1.0) Mon Jan 27 09:23:35 2025

Tried aggregator 1 time.
LP Presolve eliminated 1956 rows and 3520 columns.
All rows and columns eliminated.
Presolve time = 0.00 sec. (1.55 ticks)

Log for 'C:\Users\Aman\AppData\Local\Temp\4\c5a3713baefb4bdea6b13c0bec71cb70-pulp.lp' Clone_1 (V22.1.1.0) Mon Jan 27 09:23:35 2025

Using devex.
Parallel mode: deterministic, using up to 30 threads for concurrent optimization:
 * Starting dual Simplex on 1 thread...
 * Starting primal Simplex on 1 thread...

Total time on 30 threads = 0.03 sec. (193.94 ticks)

Dual simplex solved model.


Log for 'C:\Users\Aman\AppData\Local\Temp\4\3a1af3accf64453aa6c5cd969ba6ae44-pulp.lp' Clone_1 (V22.1.1.0) Mon Jan 27 09:49:13 2025

Tried aggregator 1 time.
LP Presolve eliminated 2479004 rows and 4901952 columns.
All rows and columns eliminated.
Presolve time = 3.69 sec. (2149.78 ticks)

Log for 'C:\Users\Aman\AppData\Local\Temp\4\3a1af3accf64453aa6c5cd969ba6ae44-pulp.lp' Clone_1 (V22.1.1.0) Mon Jan 27 09:49:19 2025

Parallel mode: deterministic, using up to 30 threads for concurrent optimization:
 * Starting dual Simplex on 1 thread...
 * Starting primal Simplex on 1 thread...

Total time on 30 threads = 9.03 sec. (4413.34 ticks)

Dual simplex solved model.


Log for 'C:\Users\Aman\AppData\Local\Temp\4\7018c59fc1bf48f2b5eaa9336fdf36ca-pulp.lp' Clone_1 (V22.1.1.0) Mon Jan 27 23:47:33 2025

Tried aggregator 1 time.
LP Presolve eliminated 1956 rows and 3520 columns.
All rows and columns eliminated.
Presolve time = 0.00 sec. (1.55 ticks)

Log for 'C:\Users\Aman\AppData\Local\Temp\4\7018c59fc1bf48f2b5eaa9336fdf36ca-pulp.lp' Clone_1 (V22.1.1.0) Mon Jan 27 23:47:33 2025

Using devex.
Parallel mode: deterministic, using up to 30 threads for concurrent optimization:
 * Starting dual Simplex on 1 thread...
 * Starting primal Simplex on 1 thread...

Total time on 30 threads = 0.03 sec. (193.94 ticks)

Dual simplex solved model.


Log for 'C:\Users\Aman\AppData\Local\Temp\4\b54a2b7b2ee04d17a7a397a9221398b9-pulp.lp' Clone_1 (V22.1.1.0) Tue Jan 28 00:03:46 2025

Tried aggregator 1 time.
LP Presolve eliminated 1956 rows and 3520 columns.
All rows and columns eliminated.
Presolve time = 0.02 sec. (1.55 ticks)

Log for 'C:\Users\Aman\AppData\Local\Temp\4\b54a2b7b2ee04d17a7a397a9221398b9-pulp.lp' Clone_1 (V22.1.1.0) Tue Jan 28 00:03:46 2025

Using devex.
Parallel mode: deterministic, using up to 30 threads for concurrent optimization:
 * Starting dual Simplex on 1 thread...
 * Starting primal Simplex on 1 thread...

Total time on 30 threads = 0.02 sec. (193.94 ticks)

Dual simplex solved model.


Log for 'C:\Users\Aman\AppData\Local\Temp\4\d4d8df3d5f734359bbb1c1a4cc7451e1-pulp.lp' Clone_1 (V22.1.1.0) Tue Jan 28 00:13:59 2025

Tried aggregator 1 time.
LP Presolve eliminated 1956 rows and 3520 columns.
All rows and columns eliminated.
Presolve time = 0.00 sec. (1.55 ticks)

Log for 'C:\Users\Aman\AppData\Local\Temp\4\d4d8df3d5f734359bbb1c1a4cc7451e1-pulp.lp' Clone_1 (V22.1.1.0) Tue Jan 28 00:13:59 2025

Using devex.
Parallel mode: deterministic, using up to 30 threads for concurrent optimization:
 * Starting dual Simplex on 1 thread...
 * Starting primal Simplex on 1 thread...

Total time on 30 threads = 0.01 sec. (193.94 ticks)

Dual simplex solved model.


Log for 'C:\Users\Aman\AppData\Local\Temp\4\900fe756ea3d42a2a817c54a8cf00bd3-pulp.lp' Clone_1 (V22.1.1.0) Tue Jan 28 11:09:49 2025

Tried aggregator 1 time.
LP Presolve eliminated 1956 rows and 3520 columns.
All rows and columns eliminated.
Presolve time = 0.02 sec. (1.55 ticks)

Log for 'C:\Users\Aman\AppData\Local\Temp\4\900fe756ea3d42a2a817c54a8cf00bd3-pulp.lp' Clone_1 (V22.1.1.0) Tue Jan 28 11:09:49 2025

Using devex.
Parallel mode: deterministic, using up to 30 threads for concurrent optimization:
 * Starting dual Simplex on 1 thread...
 * Starting primal Simplex on 1 thread...

Total time on 30 threads = 0.02 sec. (193.94 ticks)

Dual simplex solved model.


Log for 'C:\Users\Aman\AppData\Local\Temp\4\fba089cb401b4ab1a49093779e8cba09-pulp.lp' Clone_1 (V22.1.1.0) Wed Jan 29 12:31:49 2025

Tried aggregator 1 time.
LP Presolve eliminated 1956 rows and 3520 columns.
All rows and columns eliminated.
Presolve time = 0.02 sec. (1.55 ticks)

Log for 'C:\Users\Aman\AppData\Local\Temp\4\fba089cb401b4ab1a49093779e8cba09-pulp.lp' Clone_1 (V22.1.1.0) Wed Jan 29 12:31:49 2025

Using devex.
Parallel mode: deterministic, using up to 30 threads for concurrent optimization:
 * Starting dual Simplex on 1 thread...
 * Starting primal Simplex on 1 thread...

Total time on 30 threads = 0.02 sec. (193.94 ticks)

Dual simplex solved model.

