[2025-01-23 08:19:53] District User -> FPS added ->Alappuzha@pds| Requested JSON -> {"name":"Demo","type":"Model FPS","latitude":"23.333","longitude":"78.888","district":"Alappuzha","id":"11B","demand":"100","demand_rice":"110","demand_frice":"120"}
[2025-01-23 08:22:16] District User -> FPS Edit->Alappuzha@pds| Requested JSON -> {"name":"Test Data","uniqueid":"FPS_6791ae51ace","active":"1","type":"Model FPS","latitude":"23.333","longitude":"78.888","district":"Alappuzha","id":"11B","demand":"100","demand_rice":"110","demand_frice":"120"}
[2025-01-23 08:26:16] District User -> FPS deleted -> Alappuzha@pds| Requested JSON -> {"uid":"FPS_6791ae51ace"} | Test Data
[2025-01-23 08:51:23] District User -> Mill added ->Alappuzha@pds| Requested JSON -> {"name":"Mill","latitude":"23.333","longitude":"78.888","district":"Alappuzha","id":"11C","demand":"100","demand_rice":"110"}
[2025-01-23 08:56:33] District User -> Mill added ->Alappuzha@pds| Requested JSON -> {"name":"Demo","type":"Mill","latitude":"23.333","longitude":"78.888","district":"Alappuzha","id":"11C","demand":"100","demand_rice":"110"}
[2025-01-23 08:58:35] District User -> Mill added ->Alappuzha@pds| Requested JSON -> {"name":"Demo","type":"Mill","latitude":"23.333","longitude":"78.888","district":"Alappuzha","id":"10A","demand":"100","demand_rice":"110"}
[2025-01-23 09:00:33] District User -> Mill Edit->Alappuzha@pds| Requested JSON -> {"name":"Test Data","uniqueid":"DCP_6791b762f39","active":"1","type":"Mill","latitude":"23.333","longitude":"78.888","district":"Alappuzha","id":"10A","demand":"100","demand_rice":"110"}
[2025-01-23 09:03:37] District User -> Mill deleted -> Alappuzha@pds| Requested JSON -> {"uid":"DCP_6791b762f39"} | Test Data
[2025-01-23 15:24:46] District User -> FPS added ->Alappuzha@pds| Requested JSON -> {"name":"Demo","type":"Model FPS","latitude":"23.333","longitude":"78.888","district":"Alappuzha","id":"111A","demand":"100","demand_rice":"110","demand_frice":"120"}
[2025-01-23 15:25:39] District User -> FPS deleted -> Alappuzha@pds| Requested JSON -> {"uid":"FPS_679211e674c"} | Demo
[2025-01-23 15:25:53] District User -> FPS deleted -> Alappuzha@pds| Requested JSON -> {"uid":"all"} | 
[2025-01-23 15:26:05] District User -> FPS Added -> Alappuzha@pds| Test Data
[2025-01-23 15:26:05] District User -> FPS Added -> Alappuzha@pds| Test Data1
[2025-01-23 15:26:06] District User -> FPS Added -> Alappuzha@pds| Test Data2
[2025-01-23 15:28:09] User -> FPS Edit -> admin@pds| Test Data
[2025-01-23 15:28:09] User -> FPS Edit -> admin@pds| Test Data1
[2025-01-23 15:28:09] User -> FPS Edit -> admin@pds| Test Data2
[2025-01-23 15:29:26] District User -> FPS Edit -> Alappuzha@pds| Test Data
[2025-01-23 15:29:26] District User -> FPS Edit -> Alappuzha@pds| Test Data1
[2025-01-23 15:29:26] District User -> FPS Edit -> Alappuzha@pds| Test Data2
[2025-01-23 15:32:55] District User -> Warehouse Added -> Alappuzha@pds| Test data3
[2025-01-23 15:32:55] District User -> Warehouse Added -> Alappuzha@pds| Test data4
[2025-01-23 15:34:59] District User -> Warehouse Edit -> Alappuzha@pds| Abc
[2025-01-23 15:34:59] District User -> Warehouse Edit -> Alappuzha@pds| Test data3
[2025-01-23 15:34:59] District User -> Warehouse Edit -> Alappuzha@pds| Test data4
[2025-01-23 16:52:53] district User -> Save Data | approve district change yes ->Alappuzha@pds| 10A - 1
[2025-01-23 16:52:53] User -> Save Data | district user change id ->Alappuzha@pds| 10B - 3| 30401
[2025-01-23 16:57:27] district User -> Save Data | implemeneted ->Alappuzha@pds| 10A - 2
[2025-01-23 16:57:27] district User -> Save Data | implemeneted ->Alappuzha@pds| 30401 - 3
[2025-01-23 16:57:27] district User -> Save Data | implemeneted ->Alappuzha@pds| 30401 - 3
[2025-01-23 17:02:15] User -> Read  Message ->Alappuzha@pds| Requested JSON -> {"uid":"84300be634"} | Alappuzha@pds
